{"/home/travis/build/npmtest/node-npmtest-react-router-bootstrap/test.js":{"path":"/home/travis/build/npmtest/node-npmtest-react-router-bootstrap/test.js","s":{"1":2,"2":2,"3":2,"4":2,"5":2,"6":2,"7":2,"8":1,"9":2,"10":2,"11":1,"12":1,"13":1,"14":1,"15":2,"16":2,"17":2,"18":2,"19":1,"20":1,"21":2,"22":2,"23":2,"24":1,"25":1,"26":1,"27":1,"28":1,"29":1,"30":1,"31":1,"32":1,"33":1,"34":1,"35":1,"36":1,"37":1,"38":1,"39":2,"40":2,"41":1,"42":2,"43":2,"44":1,"45":2,"46":2,"47":1,"48":2,"49":2,"50":1,"51":1,"52":1,"53":1,"54":1},"b":{"1":[2,1,1,1],"2":[1,1,1,1],"3":[1,1],"4":[1,1],"5":[1,1],"6":[1,1],"7":[1,1],"8":[1,1],"9":[1,1],"10":[1,1,1],"11":[1,1],"12":[1,1],"13":[1,1],"14":[1,1],"15":[1,1],"16":[1,1],"17":[1,1]},"f":{"1":2,"2":2,"3":2,"4":2,"5":2,"6":1,"7":1,"8":1,"9":2,"10":2,"11":2,"12":2,"13":1},"fnMap":{"1":{"name":"(anonymous_1)","line":12,"loc":{"start":{"line":12,"column":1},"end":{"line":12,"column":13}}},"2":{"name":"(anonymous_2)","line":19,"loc":{"start":{"line":19,"column":5},"end":{"line":19,"column":17}}},"3":{"name":"(anonymous_3)","line":23,"loc":{"start":{"line":23,"column":24},"end":{"line":23,"column":36}}},"4":{"name":"(anonymous_4)","line":61,"loc":{"start":{"line":61,"column":5},"end":{"line":61,"column":17}}},"5":{"name":"(anonymous_5)","line":82,"loc":{"start":{"line":82,"column":5},"end":{"line":82,"column":17}}},"6":{"name":"(anonymous_6)","line":91,"loc":{"start":{"line":91,"column":77},"end":{"line":94,"column":10}}},"7":{"name":"(anonymous_7)","line":112,"loc":{"start":{"line":112,"column":83},"end":{"line":115,"column":10}},"skip":true},"8":{"name":"(anonymous_8)","line":123,"loc":{"start":{"line":123,"column":77},"end":{"line":126,"column":10}},"skip":true},"9":{"name":"(anonymous_9)","line":139,"loc":{"start":{"line":139,"column":12},"end":{"line":139,"column":40}},"skip":true},"10":{"name":"(anonymous_10)","line":147,"loc":{"start":{"line":147,"column":77},"end":{"line":150,"column":10}},"skip":true},"11":{"name":"(anonymous_11)","line":158,"loc":{"start":{"line":158,"column":83},"end":{"line":161,"column":10}},"skip":true},"12":{"name":"(anonymous_12)","line":169,"loc":{"start":{"line":169,"column":79},"end":{"line":172,"column":10}},"skip":true},"13":{"name":"(anonymous_13)","line":180,"loc":{"start":{"line":180,"column":75},"end":{"line":183,"column":10}},"skip":true}},"statementMap":{"1":{"start":{"line":12,"column":0},"end":{"line":195,"column":5}},"2":{"start":{"line":14,"column":4},"end":{"line":14,"column":14}},"3":{"start":{"line":19,"column":4},"end":{"line":56,"column":9}},"4":{"start":{"line":21,"column":8},"end":{"line":21,"column":19}},"5":{"start":{"line":23,"column":8},"end":{"line":35,"column":13}},"6":{"start":{"line":24,"column":12},"end":{"line":34,"column":13}},"7":{"start":{"line":25,"column":16},"end":{"line":28,"column":30}},"8":{"start":{"line":30,"column":16},"end":{"line":33,"column":27}},"9":{"start":{"line":37,"column":8},"end":{"line":39,"column":21}},"10":{"start":{"line":40,"column":8},"end":{"line":53,"column":9}},"11":{"start":{"line":43,"column":12},"end":{"line":46,"column":14}},"12":{"start":{"line":47,"column":12},"end":{"line":47,"column":18}},"13":{"start":{"line":50,"column":12},"end":{"line":51,"column":46}},"14":{"start":{"line":52,"column":12},"end":{"line":52,"column":18}},"15":{"start":{"line":55,"column":8},"end":{"line":55,"column":35}},"16":{"start":{"line":61,"column":4},"end":{"line":63,"column":9}},"17":{"start":{"line":62,"column":8},"end":{"line":62,"column":15}},"18":{"start":{"line":64,"column":4},"end":{"line":77,"column":5}},"19":{"start":{"line":70,"column":8},"end":{"line":70,"column":14}},"20":{"start":{"line":76,"column":8},"end":{"line":76,"column":14}},"21":{"start":{"line":82,"column":4},"end":{"line":84,"column":9}},"22":{"start":{"line":83,"column":8},"end":{"line":83,"column":15}},"23":{"start":{"line":85,"column":4},"end":{"line":194,"column":5}},"24":{"start":{"line":91,"column":8},"end":{"line":99,"column":10}},"25":{"start":{"line":98,"column":12},"end":{"line":98,"column":35}},"26":{"start":{"line":102,"column":8},"end":{"line":104,"column":63}},"27":{"start":{"line":105,"column":8},"end":{"line":105,"column":14}},"28":{"start":{"line":112,"column":8},"end":{"line":121,"column":10},"skip":true},"29":{"start":{"line":119,"column":12},"end":{"line":119,"column":55},"skip":true},"30":{"start":{"line":120,"column":12},"end":{"line":120,"column":48},"skip":true},"31":{"start":{"line":123,"column":8},"end":{"line":136,"column":10},"skip":true},"32":{"start":{"line":130,"column":12},"end":{"line":130,"column":76},"skip":true},"33":{"start":{"line":131,"column":12},"end":{"line":131,"column":73},"skip":true},"34":{"start":{"line":132,"column":12},"end":{"line":132,"column":74},"skip":true},"35":{"start":{"line":133,"column":12},"end":{"line":133,"column":79},"skip":true},"36":{"start":{"line":134,"column":12},"end":{"line":134,"column":25},"skip":true},"37":{"start":{"line":135,"column":12},"end":{"line":135,"column":45},"skip":true},"38":{"start":{"line":138,"column":8},"end":{"line":145,"column":14},"skip":true},"39":{"start":{"line":143,"column":16},"end":{"line":143,"column":29},"skip":true},"40":{"start":{"line":144,"column":16},"end":{"line":144,"column":55},"skip":true},"41":{"start":{"line":147,"column":8},"end":{"line":156,"column":10},"skip":true},"42":{"start":{"line":154,"column":12},"end":{"line":154,"column":25},"skip":true},"43":{"start":{"line":155,"column":12},"end":{"line":155,"column":45},"skip":true},"44":{"start":{"line":158,"column":8},"end":{"line":167,"column":10},"skip":true},"45":{"start":{"line":165,"column":12},"end":{"line":165,"column":25},"skip":true},"46":{"start":{"line":166,"column":12},"end":{"line":166,"column":48},"skip":true},"47":{"start":{"line":169,"column":8},"end":{"line":178,"column":10},"skip":true},"48":{"start":{"line":176,"column":12},"end":{"line":176,"column":25},"skip":true},"49":{"start":{"line":177,"column":12},"end":{"line":177,"column":46},"skip":true},"50":{"start":{"line":180,"column":8},"end":{"line":189,"column":10},"skip":true},"51":{"start":{"line":187,"column":12},"end":{"line":187,"column":94},"skip":true},"52":{"start":{"line":188,"column":12},"end":{"line":188,"column":48},"skip":true},"53":{"start":{"line":192,"column":8},"end":{"line":192,"column":35},"skip":true},"54":{"start":{"line":193,"column":8},"end":{"line":193,"column":14},"skip":true}},"branchMap":{"1":{"line":25,"type":"binary-expr","locations":[{"start":{"line":25,"column":23},"end":{"line":25,"column":62}},{"start":{"line":26,"column":20},"end":{"line":26,"column":70}},{"start":{"line":27,"column":20},"end":{"line":27,"column":71}},{"start":{"line":28,"column":20},"end":{"line":28,"column":29}}]},"2":{"line":30,"type":"binary-expr","locations":[{"start":{"line":30,"column":23},"end":{"line":30,"column":37}},{"start":{"line":31,"column":20},"end":{"line":31,"column":61}},{"start":{"line":32,"column":20},"end":{"line":32,"column":70}},{"start":{"line":33,"column":20},"end":{"line":33,"column":26}}]},"3":{"line":37,"type":"cond-expr","locations":[{"start":{"line":38,"column":14},"end":{"line":38,"column":20}},{"start":{"line":39,"column":14},"end":{"line":39,"column":20}}]},"4":{"line":40,"type":"switch","locations":[{"start":{"line":42,"column":8},"end":{"line":47,"column":18}},{"start":{"line":49,"column":8},"end":{"line":52,"column":18}}]},"5":{"line":44,"type":"binary-expr","locations":[{"start":{"line":44,"column":16},"end":{"line":44,"column":44}},{"start":{"line":44,"column":48},"end":{"line":44,"column":66}}]},"6":{"line":50,"type":"binary-expr","locations":[{"start":{"line":50,"column":21},"end":{"line":50,"column":49}},{"start":{"line":50,"column":53},"end":{"line":50,"column":72}}]},"7":{"line":64,"type":"switch","locations":[{"start":{"line":69,"column":4},"end":{"line":70,"column":14}},{"start":{"line":75,"column":4},"end":{"line":76,"column":14}}]},"8":{"line":85,"type":"switch","locations":[{"start":{"line":90,"column":4},"end":{"line":105,"column":14}},{"start":{"line":111,"column":4},"end":{"line":193,"column":14},"skip":true}]},"9":{"line":91,"type":"binary-expr","locations":[{"start":{"line":91,"column":42},"end":{"line":91,"column":73}},{"start":{"line":91,"column":77},"end":{"line":99,"column":9}}]},"10":{"line":102,"type":"binary-expr","locations":[{"start":{"line":102,"column":18},"end":{"line":102,"column":32}},{"start":{"line":103,"column":12},"end":{"line":103,"column":53}},{"start":{"line":104,"column":12},"end":{"line":104,"column":61}}]},"11":{"line":112,"type":"binary-expr","locations":[{"start":{"line":112,"column":45},"end":{"line":112,"column":79},"skip":true},{"start":{"line":112,"column":83},"end":{"line":121,"column":9},"skip":true}]},"12":{"line":123,"type":"binary-expr","locations":[{"start":{"line":123,"column":42},"end":{"line":123,"column":73},"skip":true},{"start":{"line":123,"column":77},"end":{"line":136,"column":9},"skip":true}]},"13":{"line":138,"type":"binary-expr","locations":[{"start":{"line":138,"column":48},"end":{"line":138,"column":85},"skip":true},{"start":{"line":139,"column":12},"end":{"line":145,"column":13},"skip":true}]},"14":{"line":147,"type":"binary-expr","locations":[{"start":{"line":147,"column":42},"end":{"line":147,"column":73},"skip":true},{"start":{"line":147,"column":77},"end":{"line":156,"column":9},"skip":true}]},"15":{"line":158,"type":"binary-expr","locations":[{"start":{"line":158,"column":45},"end":{"line":158,"column":79},"skip":true},{"start":{"line":158,"column":83},"end":{"line":167,"column":9},"skip":true}]},"16":{"line":169,"type":"binary-expr","locations":[{"start":{"line":169,"column":43},"end":{"line":169,"column":75},"skip":true},{"start":{"line":169,"column":79},"end":{"line":178,"column":9},"skip":true}]},"17":{"line":180,"type":"binary-expr","locations":[{"start":{"line":180,"column":41},"end":{"line":180,"column":71},"skip":true},{"start":{"line":180,"column":75},"end":{"line":189,"column":9},"skip":true}]}},"code":["/* istanbul instrument in package npmtest_react_router_bootstrap */","/*jslint","    bitwise: true,","    browser: true,","    maxerr: 8,","    maxlen: 96,","    node: true,","    nomen: true,","    regexp: true,","    stupid: true","*/","(function () {","    'use strict';","    var local;","","","","    // run shared js-env code - pre-init","    (function () {","        // init local","        local = {};","        // init modeJs","        local.modeJs = (function () {","            try {","                return typeof navigator.userAgent === 'string' &&","                    typeof document.querySelector('body') === 'object' &&","                    typeof XMLHttpRequest.prototype.open === 'function' &&","                    'browser';","            } catch (errorCaughtBrowser) {","                return module.exports &&","                    typeof process.versions.node === 'string' &&","                    typeof require('http').createServer === 'function' &&","                    'node';","            }","        }());","        // init global","        local.global = local.modeJs === 'browser'","            ? window","            : global;","        switch (local.modeJs) {","        // re-init local from window.local","        case 'browser':","            local = local.global.utility2.objectSetDefault(","                local.global.utility2_rollup || local.global.local,","                local.global.utility2","            );","            break;","        // re-init local from example.js","        case 'node':","            local = (local.global.utility2_rollup || require('utility2'))","                .requireExampleJsFromReadme();","            break;","        }","        // export local","        local.global.local = local;","    }());","","","","    // run shared js-env code - function","    (function () {","        return;","    }());","    switch (local.modeJs) {","","","","    // run browser js-env code - function","    case 'browser':","        break;","","","","    // run node js-env code - function","    case 'node':","        break;","    }","","","","    // run shared js-env code - post-init","    (function () {","        return;","    }());","    switch (local.modeJs) {","","","","    // run browser js-env code - post-init","    case 'browser':","        local.testCase_browser_nullCase = local.testCase_browser_nullCase || function (","            options,","            onError","        ) {","        /*","         * this function will test browsers's null-case handling-behavior-behavior","         */","            onError(null, options);","        };","","        // run tests","        local.nop(local.modeTest &&","            document.querySelector('#testRunButton1') &&","            document.querySelector('#testRunButton1').click());","        break;","","","","    // run node js-env code - post-init","    /* istanbul ignore next */","    case 'node':","        local.testCase_buildApidoc_default = local.testCase_buildApidoc_default || function (","            options,","            onError","        ) {","        /*","         * this function will test buildApidoc's default handling-behavior-behavior","         */","            options = { modulePathList: module.paths };","            local.buildApidoc(options, onError);","        };","","        local.testCase_buildApp_default = local.testCase_buildApp_default || function (","            options,","            onError","        ) {","        /*","         * this function will test buildApp's default handling-behavior-behavior","         */","            local.testCase_buildReadme_default(options, local.onErrorThrow);","            local.testCase_buildLib_default(options, local.onErrorThrow);","            local.testCase_buildTest_default(options, local.onErrorThrow);","            local.testCase_buildCustomOrg_default(options, local.onErrorThrow);","            options = [];","            local.buildApp(options, onError);","        };","","        local.testCase_buildCustomOrg_default = local.testCase_buildCustomOrg_default ||","            function (options, onError) {","            /*","             * this function will test buildCustomOrg's default handling-behavior","             */","                options = {};","                local.buildCustomOrg(options, onError);","            };","","        local.testCase_buildLib_default = local.testCase_buildLib_default || function (","            options,","            onError","        ) {","        /*","         * this function will test buildLib's default handling-behavior","         */","            options = {};","            local.buildLib(options, onError);","        };","","        local.testCase_buildReadme_default = local.testCase_buildReadme_default || function (","            options,","            onError","        ) {","        /*","         * this function will test buildReadme's default handling-behavior-behavior","         */","            options = {};","            local.buildReadme(options, onError);","        };","","        local.testCase_buildTest_default = local.testCase_buildTest_default || function (","            options,","            onError","        ) {","        /*","         * this function will test buildTest's default handling-behavior","         */","            options = {};","            local.buildTest(options, onError);","        };","","        local.testCase_webpage_default = local.testCase_webpage_default || function (","            options,","            onError","        ) {","        /*","         * this function will test webpage's default handling-behavior","         */","            options = { modeCoverageMerge: true, url: local.serverLocalHost + '?modeTest=1' };","            local.browserTest(options, onError);","        };","","        // run test-server","        local.testRunServer(local);","        break;","    }","}());",""],"l":{"12":2,"14":2,"19":2,"21":2,"23":2,"24":2,"25":2,"30":1,"37":2,"40":2,"43":1,"47":1,"50":1,"52":1,"55":2,"61":2,"62":2,"64":2,"70":1,"76":1,"82":2,"83":2,"85":2,"91":1,"98":1,"102":1,"105":1,"112":1,"119":1,"120":1,"123":1,"130":1,"131":1,"132":1,"133":1,"134":1,"135":1,"138":1,"143":2,"144":2,"147":1,"154":2,"155":2,"158":1,"165":2,"166":2,"169":1,"176":2,"177":2,"180":1,"187":1,"188":1,"192":1,"193":1}},"/home/travis/build/npmtest/node-npmtest-react-router-bootstrap/lib.npmtest_react_router_bootstrap.js":{"path":"/home/travis/build/npmtest/node-npmtest-react-router-bootstrap/lib.npmtest_react_router_bootstrap.js","s":{"1":2,"2":2,"3":2,"4":2,"5":2,"6":2,"7":2,"8":1,"9":2,"10":2,"11":2,"12":2,"13":1,"14":1,"15":1,"16":1},"b":{"1":[2,1,1,1],"2":[1,1,1,1],"3":[1,1],"4":[2,2],"5":[1,1]},"f":{"1":2,"2":2,"3":2},"fnMap":{"1":{"name":"(anonymous_1)","line":12,"loc":{"start":{"line":12,"column":1},"end":{"line":12,"column":13}}},"2":{"name":"(anonymous_2)","line":19,"loc":{"start":{"line":19,"column":5},"end":{"line":19,"column":17}}},"3":{"name":"(anonymous_3)","line":23,"loc":{"start":{"line":23,"column":24},"end":{"line":23,"column":36}}}},"statementMap":{"1":{"start":{"line":12,"column":0},"end":{"line":53,"column":5}},"2":{"start":{"line":14,"column":4},"end":{"line":14,"column":14}},"3":{"start":{"line":19,"column":4},"end":{"line":52,"column":9}},"4":{"start":{"line":21,"column":8},"end":{"line":21,"column":19}},"5":{"start":{"line":23,"column":8},"end":{"line":35,"column":13}},"6":{"start":{"line":24,"column":12},"end":{"line":34,"column":13}},"7":{"start":{"line":25,"column":16},"end":{"line":28,"column":30}},"8":{"start":{"line":30,"column":16},"end":{"line":33,"column":27}},"9":{"start":{"line":37,"column":8},"end":{"line":39,"column":21}},"10":{"start":{"line":41,"column":8},"end":{"line":41,"column":54}},"11":{"start":{"line":43,"column":8},"end":{"line":43,"column":67}},"12":{"start":{"line":45,"column":8},"end":{"line":51,"column":9}},"13":{"start":{"line":46,"column":12},"end":{"line":46,"column":73}},"14":{"start":{"line":48,"column":12},"end":{"line":48,"column":35}},"15":{"start":{"line":49,"column":12},"end":{"line":49,"column":49}},"16":{"start":{"line":50,"column":12},"end":{"line":50,"column":43}}},"branchMap":{"1":{"line":25,"type":"binary-expr","locations":[{"start":{"line":25,"column":23},"end":{"line":25,"column":62}},{"start":{"line":26,"column":20},"end":{"line":26,"column":70}},{"start":{"line":27,"column":20},"end":{"line":27,"column":71}},{"start":{"line":28,"column":20},"end":{"line":28,"column":29}}]},"2":{"line":30,"type":"binary-expr","locations":[{"start":{"line":30,"column":23},"end":{"line":30,"column":37}},{"start":{"line":31,"column":20},"end":{"line":31,"column":61}},{"start":{"line":32,"column":20},"end":{"line":32,"column":70}},{"start":{"line":33,"column":20},"end":{"line":33,"column":26}}]},"3":{"line":37,"type":"cond-expr","locations":[{"start":{"line":38,"column":14},"end":{"line":38,"column":20}},{"start":{"line":39,"column":14},"end":{"line":39,"column":20}}]},"4":{"line":41,"type":"binary-expr","locations":[{"start":{"line":41,"column":16},"end":{"line":41,"column":44}},{"start":{"line":41,"column":48},"end":{"line":41,"column":53}}]},"5":{"line":45,"type":"if","locations":[{"start":{"line":45,"column":8},"end":{"line":45,"column":8}},{"start":{"line":45,"column":8},"end":{"line":45,"column":8}}]}},"code":["/* istanbul instrument in package npmtest_react_router_bootstrap */","/*jslint","    bitwise: true,","    browser: true,","    maxerr: 8,","    maxlen: 96,","    node: true,","    nomen: true,","    regexp: true,","    stupid: true","*/","(function () {","    'use strict';","    var local;","","","","    // run shared js-env code - pre-init","    (function () {","        // init local","        local = {};","        // init modeJs","        local.modeJs = (function () {","            try {","                return typeof navigator.userAgent === 'string' &&","                    typeof document.querySelector('body') === 'object' &&","                    typeof XMLHttpRequest.prototype.open === 'function' &&","                    'browser';","            } catch (errorCaughtBrowser) {","                return module.exports &&","                    typeof process.versions.node === 'string' &&","                    typeof require('http').createServer === 'function' &&","                    'node';","            }","        }());","        // init global","        local.global = local.modeJs === 'browser'","            ? window","            : global;","        // init utility2_rollup","        local = local.global.utility2_rollup || local;","        // init lib","        local.local = local.npmtest_react_router_bootstrap = local;","        // init exports","        if (local.modeJs === 'browser') {","            local.global.utility2_npmtest_react_router_bootstrap = local;","        } else {","            module.exports = local;","            module.exports.__dirname = __dirname;","            module.exports.module = module;","        }","    }());","}());",""],"l":{"12":2,"14":2,"19":2,"21":2,"23":2,"24":2,"25":2,"30":1,"37":2,"41":2,"43":2,"45":2,"46":1,"48":1,"49":1,"50":1}},"/home/travis/build/npmtest/node-npmtest-react-router-bootstrap/example.js":{"path":"/home/travis/build/npmtest/node-npmtest-react-router-bootstrap/example.js","s":{"1":2,"2":2,"3":2,"4":2,"5":2,"6":2,"7":2,"8":1,"9":2,"10":2,"11":2,"12":2,"13":1,"14":2,"15":2,"16":2,"17":2,"18":2,"19":0,"20":2,"21":1,"22":1,"23":1,"24":1,"25":1,"26":0,"27":0,"28":1,"29":1,"30":2,"31":0,"32":0,"33":0,"34":1,"35":2,"36":2,"37":3,"38":3,"39":3,"40":3,"41":0,"42":3,"43":3,"44":3,"45":1,"46":3,"47":1,"48":1,"49":1,"50":1,"51":1,"52":1,"53":1,"54":1,"55":1,"56":1,"57":0,"58":1,"59":6,"60":6,"61":1,"62":2,"63":0,"64":2,"65":1,"66":1,"67":0,"68":0,"69":0,"70":0,"71":0,"72":0,"73":0,"74":0,"75":0,"76":0,"77":0,"78":0,"79":0,"80":0,"81":0,"82":0,"83":0},"b":{"1":[2,1,1,1],"2":[1,1,1,1],"3":[1,1],"4":[2,2],"5":[1,1],"6":[1,1],"7":[2,0],"8":[2,1,1,1,1,1],"9":[0,2,0],"10":[1,1],"11":[2,1,1],"12":[1,0],"13":[0,2],"14":[2,0,0,0,0,0,0],"15":[0,3],"16":[3,0],"17":[1,1],"18":[0,1],"19":[1,2,0,2],"20":[1,0],"21":[1,1],"22":[0,0],"23":[0,0],"24":[0,0],"25":[0,0],"26":[0,0],"27":[0,0],"28":[0,0]},"f":{"1":2,"2":2,"3":2,"4":2,"5":2,"6":2,"7":3,"8":3,"9":3,"10":1,"11":6,"12":0},"fnMap":{"1":{"name":"(anonymous_1)","line":26,"loc":{"start":{"line":26,"column":1},"end":{"line":26,"column":13}}},"2":{"name":"(anonymous_2)","line":33,"loc":{"start":{"line":33,"column":5},"end":{"line":33,"column":17}}},"3":{"name":"(anonymous_3)","line":37,"loc":{"start":{"line":37,"column":24},"end":{"line":37,"column":36}}},"4":{"name":"(anonymous_4)","line":69,"loc":{"start":{"line":69,"column":31},"end":{"line":69,"column":48}},"skip":true},"5":{"name":"(anonymous_5)","line":78,"loc":{"start":{"line":78,"column":26},"end":{"line":78,"column":45}},"skip":true},"6":{"name":"(anonymous_6)","line":123,"loc":{"start":{"line":123,"column":33},"end":{"line":123,"column":48}},"skip":true},"7":{"name":"(anonymous_7)","line":125,"loc":{"start":{"line":125,"column":27},"end":{"line":125,"column":39}},"skip":true},"8":{"name":"(anonymous_8)","line":133,"loc":{"start":{"line":133,"column":59},"end":{"line":133,"column":74}},"skip":true},"9":{"name":"(anonymous_9)","line":143,"loc":{"start":{"line":143,"column":45},"end":{"line":143,"column":62}},"skip":true},"10":{"name":"(anonymous_10)","line":144,"loc":{"start":{"line":144,"column":73},"end":{"line":144,"column":92}},"skip":true},"11":{"name":"(anonymous_11)","line":272,"loc":{"start":{"line":272,"column":51},"end":{"line":272,"column":77}},"skip":true},"12":{"name":"(anonymous_12)","line":315,"loc":{"start":{"line":315,"column":32},"end":{"line":315,"column":61}},"skip":true}},"statementMap":{"1":{"start":{"line":26,"column":0},"end":{"line":326,"column":5}},"2":{"start":{"line":28,"column":4},"end":{"line":28,"column":14}},"3":{"start":{"line":33,"column":4},"end":{"line":60,"column":9}},"4":{"start":{"line":35,"column":8},"end":{"line":35,"column":19}},"5":{"start":{"line":37,"column":8},"end":{"line":49,"column":13}},"6":{"start":{"line":38,"column":12},"end":{"line":48,"column":13}},"7":{"start":{"line":39,"column":16},"end":{"line":42,"column":30}},"8":{"start":{"line":44,"column":16},"end":{"line":47,"column":27}},"9":{"start":{"line":51,"column":8},"end":{"line":53,"column":21}},"10":{"start":{"line":55,"column":8},"end":{"line":57,"column":45}},"11":{"start":{"line":59,"column":8},"end":{"line":59,"column":35}},"12":{"start":{"line":61,"column":4},"end":{"line":325,"column":5}},"13":{"start":{"line":69,"column":8},"end":{"line":121,"column":10},"skip":true},"14":{"start":{"line":70,"column":12},"end":{"line":88,"column":13},"skip":true},"15":{"start":{"line":76,"column":16},"end":{"line":87,"column":19},"skip":true},"16":{"start":{"line":79,"column":20},"end":{"line":86,"column":21},"skip":true},"17":{"start":{"line":82,"column":24},"end":{"line":82,"column":43},"skip":true},"18":{"start":{"line":83,"column":24},"end":{"line":83,"column":30},"skip":true},"19":{"start":{"line":85,"column":24},"end":{"line":85,"column":49},"skip":true},"20":{"start":{"line":89,"column":12},"end":{"line":107,"column":13},"skip":true},"21":{"start":{"line":92,"column":16},"end":{"line":102,"column":17},"skip":true},"22":{"start":{"line":93,"column":20},"end":{"line":93,"column":86},"skip":true},"23":{"start":{"line":94,"column":20},"end":{"line":95,"column":45},"skip":true},"24":{"start":{"line":96,"column":20},"end":{"line":96,"column":42},"skip":true},"25":{"start":{"line":97,"column":20},"end":{"line":97,"column":48},"skip":true},"26":{"start":{"line":100,"column":20},"end":{"line":100,"column":85},"skip":true},"27":{"start":{"line":101,"column":20},"end":{"line":101,"column":96},"skip":true},"28":{"start":{"line":103,"column":16},"end":{"line":103,"column":22},"skip":true},"29":{"start":{"line":106,"column":16},"end":{"line":106,"column":22},"skip":true},"30":{"start":{"line":108,"column":12},"end":{"line":120,"column":13},"skip":true},"31":{"start":{"line":114,"column":16},"end":{"line":119,"column":17},"skip":true},"32":{"start":{"line":116,"column":20},"end":{"line":116,"column":78},"skip":true},"33":{"start":{"line":118,"column":20},"end":{"line":118,"column":47},"skip":true},"34":{"start":{"line":123,"column":8},"end":{"line":141,"column":11},"skip":true},"35":{"start":{"line":124,"column":12},"end":{"line":124,"column":54},"skip":true},"36":{"start":{"line":125,"column":12},"end":{"line":140,"column":14},"skip":true},"37":{"start":{"line":126,"column":16},"end":{"line":126,"column":28},"skip":true},"38":{"start":{"line":127,"column":16},"end":{"line":127,"column":69},"skip":true},"39":{"start":{"line":128,"column":16},"end":{"line":128,"column":75},"skip":true},"40":{"start":{"line":129,"column":16},"end":{"line":131,"column":17},"skip":true},"41":{"start":{"line":130,"column":20},"end":{"line":130,"column":27},"skip":true},"42":{"start":{"line":133,"column":16},"end":{"line":137,"column":36},"skip":true},"43":{"start":{"line":134,"column":20},"end":{"line":136,"column":55},"skip":true},"44":{"start":{"line":139,"column":16},"end":{"line":139,"column":57},"skip":true},"45":{"start":{"line":143,"column":8},"end":{"line":147,"column":11},"skip":true},"46":{"start":{"line":144,"column":12},"end":{"line":146,"column":15},"skip":true},"47":{"start":{"line":145,"column":16},"end":{"line":145,"column":70},"skip":true},"48":{"start":{"line":149,"column":8},"end":{"line":149,"column":31},"skip":true},"49":{"start":{"line":150,"column":8},"end":{"line":150,"column":14},"skip":true},"50":{"start":{"line":158,"column":8},"end":{"line":158,"column":31},"skip":true},"51":{"start":{"line":160,"column":8},"end":{"line":160,"column":33},"skip":true},"52":{"start":{"line":161,"column":8},"end":{"line":161,"column":37},"skip":true},"53":{"start":{"line":162,"column":8},"end":{"line":162,"column":35},"skip":true},"54":{"start":{"line":164,"column":8},"end":{"line":164,"column":50},"skip":true},"55":{"start":{"line":166,"column":8},"end":{"line":256,"column":2},"skip":true},"56":{"start":{"line":258,"column":8},"end":{"line":286,"column":9},"skip":true},"57":{"start":{"line":259,"column":12},"end":{"line":269,"column":14},"skip":true},"58":{"start":{"line":271,"column":12},"end":{"line":285,"column":19},"skip":true},"59":{"start":{"line":274,"column":20},"end":{"line":274,"column":35},"skip":true},"60":{"start":{"line":275,"column":20},"end":{"line":284,"column":21},"skip":true},"61":{"start":{"line":277,"column":24},"end":{"line":277,"column":64},"skip":true},"62":{"start":{"line":279,"column":24},"end":{"line":279,"column":40},"skip":true},"63":{"start":{"line":281,"column":24},"end":{"line":281,"column":40},"skip":true},"64":{"start":{"line":283,"column":24},"end":{"line":283,"column":39},"skip":true},"65":{"start":{"line":288,"column":8},"end":{"line":290,"column":9},"skip":true},"66":{"start":{"line":289,"column":12},"end":{"line":289,"column":18},"skip":true},"67":{"start":{"line":291,"column":8},"end":{"line":293,"column":54},"skip":true},"68":{"start":{"line":296,"column":8},"end":{"line":301,"column":37},"skip":true},"69":{"start":{"line":303,"column":8},"end":{"line":303,"column":82},"skip":true},"70":{"start":{"line":306,"column":8},"end":{"line":308,"column":9},"skip":true},"71":{"start":{"line":307,"column":12},"end":{"line":307,"column":82},"skip":true},"72":{"start":{"line":310,"column":8},"end":{"line":312,"column":9},"skip":true},"73":{"start":{"line":311,"column":12},"end":{"line":311,"column":18},"skip":true},"74":{"start":{"line":313,"column":8},"end":{"line":313,"column":54},"skip":true},"75":{"start":{"line":314,"column":8},"end":{"line":314,"column":69},"skip":true},"76":{"start":{"line":315,"column":8},"end":{"line":323,"column":36},"skip":true},"77":{"start":{"line":316,"column":12},"end":{"line":316,"column":61},"skip":true},"78":{"start":{"line":317,"column":12},"end":{"line":320,"column":13},"skip":true},"79":{"start":{"line":318,"column":16},"end":{"line":318,"column":75},"skip":true},"80":{"start":{"line":319,"column":16},"end":{"line":319,"column":23},"skip":true},"81":{"start":{"line":321,"column":12},"end":{"line":321,"column":38},"skip":true},"82":{"start":{"line":322,"column":12},"end":{"line":322,"column":27},"skip":true},"83":{"start":{"line":324,"column":8},"end":{"line":324,"column":14},"skip":true}},"branchMap":{"1":{"line":39,"type":"binary-expr","locations":[{"start":{"line":39,"column":23},"end":{"line":39,"column":62}},{"start":{"line":40,"column":20},"end":{"line":40,"column":70}},{"start":{"line":41,"column":20},"end":{"line":41,"column":71}},{"start":{"line":42,"column":20},"end":{"line":42,"column":29}}]},"2":{"line":44,"type":"binary-expr","locations":[{"start":{"line":44,"column":23},"end":{"line":44,"column":37}},{"start":{"line":45,"column":20},"end":{"line":45,"column":61}},{"start":{"line":46,"column":20},"end":{"line":46,"column":70}},{"start":{"line":47,"column":20},"end":{"line":47,"column":26}}]},"3":{"line":51,"type":"cond-expr","locations":[{"start":{"line":52,"column":14},"end":{"line":52,"column":20}},{"start":{"line":53,"column":14},"end":{"line":53,"column":20}}]},"4":{"line":55,"type":"binary-expr","locations":[{"start":{"line":55,"column":16},"end":{"line":55,"column":44}},{"start":{"line":55,"column":49},"end":{"line":57,"column":43}}]},"5":{"line":55,"type":"cond-expr","locations":[{"start":{"line":56,"column":14},"end":{"line":56,"column":66}},{"start":{"line":57,"column":14},"end":{"line":57,"column":43}}]},"6":{"line":61,"type":"switch","locations":[{"start":{"line":68,"column":4},"end":{"line":150,"column":14},"skip":true},{"start":{"line":156,"column":4},"end":{"line":324,"column":14},"skip":true}]},"7":{"line":70,"type":"if","locations":[{"start":{"line":70,"column":12},"end":{"line":70,"column":12},"skip":true},{"start":{"line":70,"column":12},"end":{"line":70,"column":12},"skip":true}]},"8":{"line":70,"type":"binary-expr","locations":[{"start":{"line":70,"column":16},"end":{"line":70,"column":22},"skip":true},{"start":{"line":70,"column":27},"end":{"line":70,"column":32},"skip":true},{"start":{"line":71,"column":20},"end":{"line":71,"column":39},"skip":true},{"start":{"line":72,"column":20},"end":{"line":72,"column":49},"skip":true},{"start":{"line":73,"column":20},"end":{"line":73,"column":58},"skip":true},{"start":{"line":74,"column":20},"end":{"line":74,"column":69},"skip":true}]},"9":{"line":79,"type":"switch","locations":[{"start":{"line":80,"column":20},"end":{"line":80,"column":33},"skip":true},{"start":{"line":81,"column":20},"end":{"line":83,"column":30},"skip":true},{"start":{"line":84,"column":20},"end":{"line":85,"column":49},"skip":true}]},"10":{"line":89,"type":"switch","locations":[{"start":{"line":90,"column":12},"end":{"line":103,"column":22},"skip":true},{"start":{"line":105,"column":12},"end":{"line":106,"column":22},"skip":true}]},"11":{"line":89,"type":"binary-expr","locations":[{"start":{"line":89,"column":20},"end":{"line":89,"column":25},"skip":true},{"start":{"line":89,"column":29},"end":{"line":89,"column":48},"skip":true},{"start":{"line":89,"column":52},"end":{"line":89,"column":74},"skip":true}]},"12":{"line":92,"type":"if","locations":[{"start":{"line":92,"column":16},"end":{"line":92,"column":16},"skip":true},{"start":{"line":92,"column":16},"end":{"line":92,"column":16},"skip":true}]},"13":{"line":108,"type":"if","locations":[{"start":{"line":108,"column":12},"end":{"line":108,"column":12},"skip":true},{"start":{"line":108,"column":12},"end":{"line":108,"column":12},"skip":true}]},"14":{"line":108,"type":"binary-expr","locations":[{"start":{"line":108,"column":16},"end":{"line":108,"column":61},"skip":true},{"start":{"line":108,"column":66},"end":{"line":108,"column":72},"skip":true},{"start":{"line":108,"column":77},"end":{"line":108,"column":82},"skip":true},{"start":{"line":109,"column":20},"end":{"line":109,"column":39},"skip":true},{"start":{"line":110,"column":20},"end":{"line":110,"column":49},"skip":true},{"start":{"line":111,"column":20},"end":{"line":111,"column":58},"skip":true},{"start":{"line":112,"column":20},"end":{"line":112,"column":68},"skip":true}]},"15":{"line":129,"type":"if","locations":[{"start":{"line":129,"column":16},"end":{"line":129,"column":16},"skip":true},{"start":{"line":129,"column":16},"end":{"line":129,"column":16},"skip":true}]},"16":{"line":134,"type":"cond-expr","locations":[{"start":{"line":135,"column":26},"end":{"line":135,"column":29},"skip":true},{"start":{"line":136,"column":26},"end":{"line":136,"column":54},"skip":true}]},"17":{"line":164,"type":"binary-expr","locations":[{"start":{"line":164,"column":27},"end":{"line":164,"column":43},"skip":true},{"start":{"line":164,"column":47},"end":{"line":164,"column":49},"skip":true}]},"18":{"line":258,"type":"if","locations":[{"start":{"line":258,"column":8},"end":{"line":258,"column":8},"skip":true},{"start":{"line":258,"column":8},"end":{"line":258,"column":8},"skip":true}]},"19":{"line":275,"type":"switch","locations":[{"start":{"line":276,"column":20},"end":{"line":277,"column":64},"skip":true},{"start":{"line":278,"column":20},"end":{"line":279,"column":40},"skip":true},{"start":{"line":280,"column":20},"end":{"line":281,"column":40},"skip":true},{"start":{"line":282,"column":20},"end":{"line":283,"column":39},"skip":true}]},"20":{"line":288,"type":"if","locations":[{"start":{"line":288,"column":8},"end":{"line":288,"column":8},"skip":true},{"start":{"line":288,"column":8},"end":{"line":288,"column":8},"skip":true}]},"21":{"line":288,"type":"binary-expr","locations":[{"start":{"line":288,"column":12},"end":{"line":288,"column":40},"skip":true},{"start":{"line":288,"column":44},"end":{"line":288,"column":67},"skip":true}]},"22":{"line":292,"type":"binary-expr","locations":[{"start":{"line":292,"column":12},"end":{"line":292,"column":50},"skip":true},{"start":{"line":293,"column":12},"end":{"line":293,"column":53},"skip":true}]},"23":{"line":297,"type":"binary-expr","locations":[{"start":{"line":297,"column":12},"end":{"line":297,"column":80},"skip":true},{"start":{"line":298,"column":12},"end":{"line":301,"column":36},"skip":true}]},"24":{"line":303,"type":"binary-expr","locations":[{"start":{"line":303,"column":43},"end":{"line":303,"column":75},"skip":true},{"start":{"line":303,"column":79},"end":{"line":303,"column":81},"skip":true}]},"25":{"line":306,"type":"if","locations":[{"start":{"line":306,"column":8},"end":{"line":306,"column":8},"skip":true},{"start":{"line":306,"column":8},"end":{"line":306,"column":8},"skip":true}]},"26":{"line":310,"type":"if","locations":[{"start":{"line":310,"column":8},"end":{"line":310,"column":8},"skip":true},{"start":{"line":310,"column":8},"end":{"line":310,"column":8},"skip":true}]},"27":{"line":313,"type":"binary-expr","locations":[{"start":{"line":313,"column":27},"end":{"line":313,"column":43},"skip":true},{"start":{"line":313,"column":47},"end":{"line":313,"column":53},"skip":true}]},"28":{"line":317,"type":"if","locations":[{"start":{"line":317,"column":12},"end":{"line":317,"column":12},"skip":true},{"start":{"line":317,"column":12},"end":{"line":317,"column":12},"skip":true}]}},"code":["/*","example.js","","quickstart example","","instruction","    1. save this script as example.js","    2. run the shell command:","        $ npm install npmtest-react-router-bootstrap && PORT=8081 node example.js","    3. play with the browser-demo on http://127.0.0.1:8081","*/","","","","/* istanbul instrument in package npmtest_react_router_bootstrap */","/*jslint","    bitwise: true,","    browser: true,","    maxerr: 8,","    maxlen: 96,","    node: true,","    nomen: true,","    regexp: true,","    stupid: true","*/","(function () {","    'use strict';","    var local;","","","","    // run shared js-env code - pre-init","    (function () {","        // init local","        local = {};","        // init modeJs","        local.modeJs = (function () {","            try {","                return typeof navigator.userAgent === 'string' &&","                    typeof document.querySelector('body') === 'object' &&","                    typeof XMLHttpRequest.prototype.open === 'function' &&","                    'browser';","            } catch (errorCaughtBrowser) {","                return module.exports &&","                    typeof process.versions.node === 'string' &&","                    typeof require('http').createServer === 'function' &&","                    'node';","            }","        }());","        // init global","        local.global = local.modeJs === 'browser'","            ? window","            : global;","        // init utility2_rollup","        local = local.global.utility2_rollup || (local.modeJs === 'browser'","            ? local.global.utility2_npmtest_react_router_bootstrap","            : global.utility2_moduleExports);","        // export local","        local.global.local = local;","    }());","    switch (local.modeJs) {","","","","    // post-init","    // run browser js-env code - post-init","    /* istanbul ignore next */","    case 'browser':","        local.testRunBrowser = function (event) {","            if (!event || (event &&","                    event.currentTarget &&","                    event.currentTarget.className &&","                    event.currentTarget.className.includes &&","                    event.currentTarget.className.includes('onreset'))) {","                // reset output","                Array.from(","                    document.querySelectorAll('body > .resettable')","                ).forEach(function (element) {","                    switch (element.tagName) {","                    case 'INPUT':","                    case 'TEXTAREA':","                        element.value = '';","                        break;","                    default:","                        element.textContent = '';","                    }","                });","            }","            switch (event && event.currentTarget && event.currentTarget.id) {","            case 'testRunButton1':","                // show tests","                if (document.querySelector('#testReportDiv1').style.display === 'none') {","                    document.querySelector('#testReportDiv1').style.display = 'block';","                    document.querySelector('#testRunButton1').textContent =","                        'hide internal test';","                    local.modeTest = true;","                    local.testRunDefault(local);","                // hide tests","                } else {","                    document.querySelector('#testReportDiv1').style.display = 'none';","                    document.querySelector('#testRunButton1').textContent = 'run internal test';","                }","                break;","            // custom-case","            default:","                break;","            }","            if (document.querySelector('#inputTextareaEval1') && (!event || (event &&","                    event.currentTarget &&","                    event.currentTarget.className &&","                    event.currentTarget.className.includes &&","                    event.currentTarget.className.includes('oneval')))) {","                // try to eval input-code","                try {","                    /*jslint evil: true*/","                    eval(document.querySelector('#inputTextareaEval1').value);","                } catch (errorCaught) {","                    console.error(errorCaught);","                }","            }","        };","        // log stderr and stdout to #outputTextareaStdout1","        ['error', 'log'].forEach(function (key) {","            console[key + '_original'] = console[key];","            console[key] = function () {","                var element;","                console[key + '_original'].apply(console, arguments);","                element = document.querySelector('#outputTextareaStdout1');","                if (!element) {","                    return;","                }","                // append text to #outputTextareaStdout1","                element.value += Array.from(arguments).map(function (arg) {","                    return typeof arg === 'string'","                        ? arg","                        : JSON.stringify(arg, null, 4);","                }).join(' ') + '\\n';","                // scroll textarea to bottom","                element.scrollTop = element.scrollHeight;","            };","        });","        // init event-handling","        ['change', 'click', 'keyup'].forEach(function (event) {","            Array.from(document.querySelectorAll('.on' + event)).forEach(function (element) {","                element.addEventListener(event, local.testRunBrowser);","            });","        });","        // run tests","        local.testRunBrowser();","        break;","","","","    // run node js-env code - post-init","    /* istanbul ignore next */","    case 'node':","        // export local","        module.exports = local;","        // require modules","        local.fs = require('fs');","        local.http = require('http');","        local.url = require('url');","        // init assets","        local.assetsDict = local.assetsDict || {};","        /* jslint-ignore-begin */","        local.assetsDict['/assets.index.template.html'] = '\\","<!doctype html>\\n\\","<html lang=\"en\">\\n\\","<head>\\n\\","<meta charset=\"UTF-8\">\\n\\","<meta name=\"viewport\" content=\"width=device-width, initial-scale=1\">\\n\\","<title>{{env.npm_package_name}} (v{{env.npm_package_version}})</title>\\n\\","<style>\\n\\","/*csslint\\n\\","    box-sizing: false,\\n\\","    universal-selector: false\\n\\","*/\\n\\","* {\\n\\","    box-sizing: border-box;\\n\\","}\\n\\","body {\\n\\","    background: #dde;\\n\\","    font-family: Arial, Helvetica, sans-serif;\\n\\","    margin: 2rem;\\n\\","}\\n\\","body > * {\\n\\","    margin-bottom: 1rem;\\n\\","}\\n\\",".utility2FooterDiv {\\n\\","    margin-top: 20px;\\n\\","    text-align: center;\\n\\","}\\n\\","</style>\\n\\","<style>\\n\\","/*csslint\\n\\","*/\\n\\","textarea {\\n\\","    font-family: monospace;\\n\\","    height: 10rem;\\n\\","    width: 100%;\\n\\","}\\n\\","textarea[readonly] {\\n\\","    background: #ddd;\\n\\","}\\n\\","</style>\\n\\","</head>\\n\\","<body>\\n\\","<!-- utility2-comment\\n\\","<div id=\"ajaxProgressDiv1\" style=\"background: #d00; height: 2px; left: 0; margin: 0; padding: 0; position: fixed; top: 0; transition: background 0.5s, width 1.5s; width: 25%;\"></div>\\n\\","utility2-comment -->\\n\\","<h1>\\n\\","<!-- utility2-comment\\n\\","    <a\\n\\","        {{#if env.npm_package_homepage}}\\n\\","        href=\"{{env.npm_package_homepage}}\"\\n\\","        {{/if env.npm_package_homepage}}\\n\\","        target=\"_blank\"\\n\\","    >\\n\\","utility2-comment -->\\n\\","        {{env.npm_package_name}} (v{{env.npm_package_version}})\\n\\","<!-- utility2-comment\\n\\","    </a>\\n\\","utility2-comment -->\\n\\","</h1>\\n\\","<h3>{{env.npm_package_description}}</h3>\\n\\","<!-- utility2-comment\\n\\","<h4><a download href=\"assets.app.js\">download standalone app</a></h4>\\n\\","<button class=\"onclick onreset\" id=\"testRunButton1\">run internal test</button><br>\\n\\","<div id=\"testReportDiv1\" style=\"display: none;\"></div>\\n\\","utility2-comment -->\\n\\","\\n\\","\\n\\","\\n\\","<label>stderr and stdout</label>\\n\\","<textarea class=\"resettable\" id=\"outputTextareaStdout1\" readonly></textarea>\\n\\","<!-- utility2-comment\\n\\","{{#if isRollup}}\\n\\","<script src=\"assets.app.js\"></script>\\n\\","{{#unless isRollup}}\\n\\","utility2-comment -->\\n\\","<script src=\"assets.utility2.rollup.js\"></script>\\n\\","<script src=\"jsonp.utility2._stateInit?callback=window.utility2._stateInit\"></script>\\n\\","<script src=\"assets.npmtest_react_router_bootstrap.rollup.js\"></script>\\n\\","<script src=\"assets.example.js\"></script>\\n\\","<script src=\"assets.test.js\"></script>\\n\\","<!-- utility2-comment\\n\\","{{/if isRollup}}\\n\\","utility2-comment -->\\n\\","<div class=\"utility2FooterDiv\">\\n\\","    [ this app was created with\\n\\","    <a href=\"https://github.com/kaizhu256/node-utility2\" target=\"_blank\">utility2</a>\\n\\","    ]\\n\\","</div>\\n\\","</body>\\n\\","</html>\\n\\","';","        /* jslint-ignore-end */","        if (local.templateRender) {","            local.assetsDict['/'] = local.templateRender(","                local.assetsDict['/assets.index.template.html'],","                {","                    env: local.objectSetDefault(local.env, {","                        npm_package_description: 'the greatest app in the world!',","                        npm_package_name: 'my-app',","                        npm_package_nameAlias: 'my_app',","                        npm_package_version: '0.0.1'","                    })","                }","            );","        } else {","            local.assetsDict['/'] = local.assetsDict['/assets.index.template.html']","                .replace((/\\{\\{env\\.(\\w+?)\\}\\}/g), function (match0, match1) {","                    // jslint-hack","                    String(match0);","                    switch (match1) {","                    case 'npm_package_description':","                        return 'the greatest app in the world!';","                    case 'npm_package_name':","                        return 'my-app';","                    case 'npm_package_nameAlias':","                        return 'my_app';","                    case 'npm_package_version':","                        return '0.0.1';","                    }","                });","        }","        // run the cli","        if (local.global.utility2_rollup || module !== require.main) {","            break;","        }","        local.assetsDict['/assets.example.js'] =","            local.assetsDict['/assets.example.js'] ||","            local.fs.readFileSync(__filename, 'utf8');","        // bug-workaround - long $npm_package_buildCustomOrg","        /* jslint-ignore-begin */","        local.assetsDict['/assets.npmtest_react_router_bootstrap.rollup.js'] =","            local.assetsDict['/assets.npmtest_react_router_bootstrap.rollup.js'] ||","            local.fs.readFileSync(","                local.npmtest_react_router_bootstrap.__dirname + '/lib.npmtest_react_router_bootstrap.js',","                'utf8'","            ).replace((/^#!/), '//');","        /* jslint-ignore-end */","        local.assetsDict['/favicon.ico'] = local.assetsDict['/favicon.ico'] || '';","        // if $npm_config_timeout_exit exists,","        // then exit this process after $npm_config_timeout_exit ms","        if (Number(process.env.npm_config_timeout_exit)) {","            setTimeout(process.exit, Number(process.env.npm_config_timeout_exit));","        }","        // start server","        if (local.global.utility2_serverHttp1) {","            break;","        }","        process.env.PORT = process.env.PORT || '8081';","        console.error('server starting on port ' + process.env.PORT);","        local.http.createServer(function (request, response) {","            request.urlParsed = local.url.parse(request.url);","            if (local.assetsDict[request.urlParsed.pathname] !== undefined) {","                response.end(local.assetsDict[request.urlParsed.pathname]);","                return;","            }","            response.statusCode = 404;","            response.end();","        }).listen(process.env.PORT);","        break;","    }","}());",""],"l":{"26":2,"28":2,"33":2,"35":2,"37":2,"38":2,"39":2,"44":1,"51":2,"55":2,"59":2,"61":2,"69":1,"70":2,"76":2,"79":2,"82":2,"83":2,"85":1,"89":2,"92":1,"93":1,"94":1,"96":1,"97":1,"100":1,"101":1,"103":1,"106":1,"108":2,"114":1,"116":1,"118":1,"123":1,"124":2,"125":2,"126":3,"127":3,"128":3,"129":3,"130":1,"133":3,"134":3,"139":3,"143":1,"144":3,"145":1,"149":1,"150":1,"158":1,"160":1,"161":1,"162":1,"164":1,"166":1,"258":1,"259":1,"271":1,"274":6,"275":6,"277":1,"279":2,"281":1,"283":2,"288":1,"289":1,"291":1,"296":1,"303":1,"306":1,"307":1,"310":1,"311":1,"313":1,"314":1,"315":1,"316":1,"317":1,"318":1,"319":1,"321":1,"322":1,"324":1}},"/home/travis/build/npmtest/node-npmtest-react-router-bootstrap/node_modules/react-router-bootstrap/lib/index.js":{"path":"/home/travis/build/npmtest/node-npmtest-react-router-bootstrap/node_modules/react-router-bootstrap/lib/index.js","s":{"1":1,"2":1,"3":1,"4":1,"5":1,"6":1,"7":1,"8":2,"9":1,"10":1},"b":{"1":[0,2],"2":[2,2]},"f":{"1":2},"fnMap":{"1":{"name":"_interopRequireDefault","line":14,"loc":{"start":{"line":14,"column":0},"end":{"line":14,"column":37}}}},"statementMap":{"1":{"start":{"line":3,"column":0},"end":{"line":3,"column":26}},"2":{"start":{"line":4,"column":0},"end":{"line":4,"column":63}},"3":{"start":{"line":6,"column":0},"end":{"line":6,"column":59}},"4":{"start":{"line":8,"column":0},"end":{"line":8,"column":72}},"5":{"start":{"line":10,"column":0},"end":{"line":10,"column":49}},"6":{"start":{"line":12,"column":0},"end":{"line":12,"column":62}},"7":{"start":{"line":14,"column":0},"end":{"line":14,"column":95}},"8":{"start":{"line":14,"column":39},"end":{"line":14,"column":93}},"9":{"start":{"line":16,"column":0},"end":{"line":16,"column":58}},"10":{"start":{"line":17,"column":0},"end":{"line":17,"column":48}}},"branchMap":{"1":{"line":14,"type":"cond-expr","locations":[{"start":{"line":14,"column":70},"end":{"line":14,"column":73}},{"start":{"line":14,"column":76},"end":{"line":14,"column":92}}]},"2":{"line":14,"type":"binary-expr","locations":[{"start":{"line":14,"column":46},"end":{"line":14,"column":49}},{"start":{"line":14,"column":53},"end":{"line":14,"column":67}}]}},"code":["'use strict';","","exports.__esModule = true;","exports.LinkContainer = exports.IndexLinkContainer = undefined;","","var _IndexLinkContainer2 = require('./IndexLinkContainer');","","var _IndexLinkContainer3 = _interopRequireDefault(_IndexLinkContainer2);","","var _LinkContainer2 = require('./LinkContainer');","","var _LinkContainer3 = _interopRequireDefault(_LinkContainer2);","","function _interopRequireDefault(obj) { return obj && obj.__esModule ? obj : { default: obj }; }","","exports.IndexLinkContainer = _IndexLinkContainer3.default;","exports.LinkContainer = _LinkContainer3.default;"],"l":{"3":1,"4":1,"6":1,"8":1,"10":1,"12":1,"14":2,"16":1,"17":1}},"/home/travis/build/npmtest/node-npmtest-react-router-bootstrap/node_modules/react-router-bootstrap/lib/IndexLinkContainer.js":{"path":"/home/travis/build/npmtest/node-npmtest-react-router-bootstrap/node_modules/react-router-bootstrap/lib/IndexLinkContainer.js","s":{"1":1,"2":1,"3":0,"4":0,"5":0,"6":0,"7":0,"8":0,"9":1,"10":1,"11":1,"12":1,"13":1,"14":2,"15":1,"16":0,"17":0,"18":1,"19":0,"20":0,"21":0,"22":1,"23":1,"24":0,"25":1,"26":1,"27":1,"28":1,"29":1,"30":1,"31":0,"32":0,"33":1,"34":0,"35":1,"36":1,"37":1},"b":{"1":[1,0],"2":[0,0],"3":[0,2],"4":[2,2],"5":[0,0],"6":[0,0],"7":[0,0],"8":[0,0,0],"9":[0,1],"10":[1,0],"11":[1,1],"12":[1,0],"13":[1,0]},"f":{"1":0,"2":2,"3":0,"4":0,"5":1,"6":1,"7":0,"8":0},"fnMap":{"1":{"name":"(anonymous_1)","line":5,"loc":{"start":{"line":5,"column":32},"end":{"line":5,"column":50}}},"2":{"name":"_interopRequireDefault","line":15,"loc":{"start":{"line":15,"column":0},"end":{"line":15,"column":37}}},"3":{"name":"_classCallCheck","line":17,"loc":{"start":{"line":17,"column":0},"end":{"line":17,"column":48}}},"4":{"name":"_possibleConstructorReturn","line":19,"loc":{"start":{"line":19,"column":0},"end":{"line":19,"column":48}}},"5":{"name":"_inherits","line":21,"loc":{"start":{"line":21,"column":0},"end":{"line":21,"column":41}}},"6":{"name":"(anonymous_6)","line":25,"loc":{"start":{"line":25,"column":25},"end":{"line":25,"column":53}}},"7":{"name":"IndexLinkContainer","line":28,"loc":{"start":{"line":28,"column":2},"end":{"line":28,"column":32}}},"8":{"name":"render","line":34,"loc":{"start":{"line":34,"column":40},"end":{"line":34,"column":58}}}},"statementMap":{"1":{"start":{"line":3,"column":0},"end":{"line":3,"column":26}},"2":{"start":{"line":5,"column":0},"end":{"line":5,"column":257}},"3":{"start":{"line":5,"column":52},"end":{"line":5,"column":239}},"4":{"start":{"line":5,"column":97},"end":{"line":5,"column":123}},"5":{"start":{"line":5,"column":124},"end":{"line":5,"column":237}},"6":{"start":{"line":5,"column":150},"end":{"line":5,"column":235}},"7":{"start":{"line":5,"column":207},"end":{"line":5,"column":233}},"8":{"start":{"line":5,"column":240},"end":{"line":5,"column":254}},"9":{"start":{"line":7,"column":0},"end":{"line":7,"column":30}},"10":{"start":{"line":9,"column":0},"end":{"line":9,"column":45}},"11":{"start":{"line":11,"column":0},"end":{"line":11,"column":48}},"12":{"start":{"line":13,"column":0},"end":{"line":13,"column":61}},"13":{"start":{"line":15,"column":0},"end":{"line":15,"column":95}},"14":{"start":{"line":15,"column":39},"end":{"line":15,"column":93}},"15":{"start":{"line":17,"column":0},"end":{"line":17,"column":153}},"16":{"start":{"line":17,"column":50},"end":{"line":17,"column":151}},"17":{"start":{"line":17,"column":92},"end":{"line":17,"column":149}},"18":{"start":{"line":19,"column":0},"end":{"line":19,"column":240}},"19":{"start":{"line":19,"column":50},"end":{"line":19,"column":151}},"20":{"start":{"line":19,"column":63},"end":{"line":19,"column":149}},"21":{"start":{"line":19,"column":152},"end":{"line":19,"column":238}},"22":{"start":{"line":21,"column":0},"end":{"line":21,"column":494}},"23":{"start":{"line":21,"column":43},"end":{"line":21,"column":208}},"24":{"start":{"line":21,"column":106},"end":{"line":21,"column":206}},"25":{"start":{"line":21,"column":209},"end":{"line":21,"column":373}},"26":{"start":{"line":21,"column":374},"end":{"line":21,"column":492}},"27":{"start":{"line":21,"column":390},"end":{"line":21,"column":492}},"28":{"start":{"line":25,"column":0},"end":{"line":39,"column":29}},"29":{"start":{"line":26,"column":2},"end":{"line":26,"column":50}},"30":{"start":{"line":28,"column":2},"end":{"line":32,"column":3}},"31":{"start":{"line":29,"column":4},"end":{"line":29,"column":46}},"32":{"start":{"line":31,"column":4},"end":{"line":31,"column":85}},"33":{"start":{"line":34,"column":2},"end":{"line":36,"column":4}},"34":{"start":{"line":35,"column":4},"end":{"line":35,"column":121}},"35":{"start":{"line":38,"column":2},"end":{"line":38,"column":28}},"36":{"start":{"line":43,"column":0},"end":{"line":43,"column":37}},"37":{"start":{"line":44,"column":0},"end":{"line":44,"column":36}}},"branchMap":{"1":{"line":5,"type":"binary-expr","locations":[{"start":{"line":5,"column":15},"end":{"line":5,"column":28}},{"start":{"line":5,"column":32},"end":{"line":5,"column":256}}]},"2":{"line":5,"type":"if","locations":[{"start":{"line":5,"column":150},"end":{"line":5,"column":150}},{"start":{"line":5,"column":150},"end":{"line":5,"column":150}}]},"3":{"line":15,"type":"cond-expr","locations":[{"start":{"line":15,"column":70},"end":{"line":15,"column":73}},{"start":{"line":15,"column":76},"end":{"line":15,"column":92}}]},"4":{"line":15,"type":"binary-expr","locations":[{"start":{"line":15,"column":46},"end":{"line":15,"column":49}},{"start":{"line":15,"column":53},"end":{"line":15,"column":67}}]},"5":{"line":17,"type":"if","locations":[{"start":{"line":17,"column":50},"end":{"line":17,"column":50}},{"start":{"line":17,"column":50},"end":{"line":17,"column":50}}]},"6":{"line":19,"type":"if","locations":[{"start":{"line":19,"column":50},"end":{"line":19,"column":50}},{"start":{"line":19,"column":50},"end":{"line":19,"column":50}}]},"7":{"line":19,"type":"cond-expr","locations":[{"start":{"line":19,"column":226},"end":{"line":19,"column":230}},{"start":{"line":19,"column":233},"end":{"line":19,"column":237}}]},"8":{"line":19,"type":"binary-expr","locations":[{"start":{"line":19,"column":159},"end":{"line":19,"column":163}},{"start":{"line":19,"column":168},"end":{"line":19,"column":192}},{"start":{"line":19,"column":196},"end":{"line":19,"column":222}}]},"9":{"line":21,"type":"if","locations":[{"start":{"line":21,"column":43},"end":{"line":21,"column":43}},{"start":{"line":21,"column":43},"end":{"line":21,"column":43}}]},"10":{"line":21,"type":"binary-expr","locations":[{"start":{"line":21,"column":47},"end":{"line":21,"column":79}},{"start":{"line":21,"column":83},"end":{"line":21,"column":102}}]},"11":{"line":21,"type":"binary-expr","locations":[{"start":{"line":21,"column":244},"end":{"line":21,"column":254}},{"start":{"line":21,"column":258},"end":{"line":21,"column":278}}]},"12":{"line":21,"type":"if","locations":[{"start":{"line":21,"column":374},"end":{"line":21,"column":374}},{"start":{"line":21,"column":374},"end":{"line":21,"column":374}}]},"13":{"line":21,"type":"cond-expr","locations":[{"start":{"line":21,"column":414},"end":{"line":21,"column":457}},{"start":{"line":21,"column":460},"end":{"line":21,"column":491}}]}},"code":["'use strict';","","exports.__esModule = true;","","var _extends = Object.assign || function (target) { for (var i = 1; i < arguments.length; i++) { var source = arguments[i]; for (var key in source) { if (Object.prototype.hasOwnProperty.call(source, key)) { target[key] = source[key]; } } } return target; };","","var _react = require('react');","","var _react2 = _interopRequireDefault(_react);","","var _LinkContainer = require('./LinkContainer');","","var _LinkContainer2 = _interopRequireDefault(_LinkContainer);","","function _interopRequireDefault(obj) { return obj && obj.__esModule ? obj : { default: obj }; }","","function _classCallCheck(instance, Constructor) { if (!(instance instanceof Constructor)) { throw new TypeError(\"Cannot call a class as a function\"); } }","","function _possibleConstructorReturn(self, call) { if (!self) { throw new ReferenceError(\"this hasn't been initialised - super() hasn't been called\"); } return call && (typeof call === \"object\" || typeof call === \"function\") ? call : self; }","","function _inherits(subClass, superClass) { if (typeof superClass !== \"function\" && superClass !== null) { throw new TypeError(\"Super expression must either be null or a function, not \" + typeof superClass); } subClass.prototype = Object.create(superClass && superClass.prototype, { constructor: { value: subClass, enumerable: false, writable: true, configurable: true } }); if (superClass) Object.setPrototypeOf ? Object.setPrototypeOf(subClass, superClass) : subClass.__proto__ = superClass; }","","// Don't use a stateless function, to allow users to set a ref.","/* eslint-disable react/prefer-stateless-function */","var IndexLinkContainer = function (_React$Component) {","  _inherits(IndexLinkContainer, _React$Component);","","  function IndexLinkContainer() {","    _classCallCheck(this, IndexLinkContainer);","","    return _possibleConstructorReturn(this, _React$Component.apply(this, arguments));","  }","","  IndexLinkContainer.prototype.render = function render() {","    return _react2.default.createElement(_LinkContainer2.default, _extends({}, this.props, { onlyActiveOnIndex: true }));","  };","","  return IndexLinkContainer;","}(_react2.default.Component);","/* eslint-enable react/prefer-stateless-function */","","","exports.default = IndexLinkContainer;","module.exports = exports['default'];"],"l":{"3":1,"5":1,"7":1,"9":1,"11":1,"13":1,"15":2,"17":1,"19":1,"21":1,"25":1,"26":1,"28":1,"29":0,"31":0,"34":1,"35":0,"38":1,"43":1,"44":1}},"/home/travis/build/npmtest/node-npmtest-react-router-bootstrap/node_modules/react-router-bootstrap/lib/LinkContainer.js":{"path":"/home/travis/build/npmtest/node-npmtest-react-router-bootstrap/node_modules/react-router-bootstrap/lib/LinkContainer.js","s":{"1":1,"2":1,"3":1,"4":1,"5":1,"6":1,"7":0,"8":0,"9":0,"10":0,"11":0,"12":0,"13":0,"14":0,"15":1,"16":0,"17":0,"18":1,"19":0,"20":0,"21":0,"22":1,"23":1,"24":0,"25":1,"26":1,"27":1,"28":1,"29":0,"30":1,"31":0,"32":1,"33":0,"34":0,"35":0,"36":1,"37":1,"38":1,"39":1,"40":1,"41":1,"42":0,"43":0,"44":0,"45":0,"46":0,"47":0,"48":0,"49":0,"50":0,"51":0,"52":0,"53":0,"54":0,"55":0,"56":0,"57":0,"58":0,"59":0,"60":0,"61":0,"62":0,"63":0,"64":1,"65":0,"66":0,"67":0,"68":0,"69":0,"70":0,"71":0,"72":0,"73":0,"74":0,"75":0,"76":0,"77":1,"78":1,"79":1,"80":1,"81":1,"82":1},"b":{"1":[0,1],"2":[1,1],"3":[0,0],"4":[0,0],"5":[0,0],"6":[0,0],"7":[0,0],"8":[0,0,0],"9":[0,1],"10":[1,0],"11":[1,1],"12":[1,0],"13":[1,0],"14":[0,0,0,0],"15":[0,0],"16":[0,0,0],"17":[0,0],"18":[0,0],"19":[0,0],"20":[0,0,0,0],"21":[0,0],"22":[0,0]},"f":{"1":1,"2":0,"3":0,"4":0,"5":1,"6":0,"7":0,"8":0,"9":1,"10":0,"11":0,"12":0},"fnMap":{"1":{"name":"_interopRequireDefault","line":9,"loc":{"start":{"line":9,"column":0},"end":{"line":9,"column":37}}},"2":{"name":"_objectWithoutProperties","line":11,"loc":{"start":{"line":11,"column":0},"end":{"line":11,"column":45}}},"3":{"name":"_classCallCheck","line":13,"loc":{"start":{"line":13,"column":0},"end":{"line":13,"column":48}}},"4":{"name":"_possibleConstructorReturn","line":15,"loc":{"start":{"line":15,"column":0},"end":{"line":15,"column":48}}},"5":{"name":"_inherits","line":17,"loc":{"start":{"line":17,"column":0},"end":{"line":17,"column":41}}},"6":{"name":"isLeftClickEvent","line":19,"loc":{"start":{"line":19,"column":0},"end":{"line":19,"column":33}}},"7":{"name":"isModifiedEvent","line":23,"loc":{"start":{"line":23,"column":0},"end":{"line":23,"column":32}}},"8":{"name":"createLocationDescriptor","line":27,"loc":{"start":{"line":27,"column":0},"end":{"line":27,"column":58}}},"9":{"name":"(anonymous_9)","line":57,"loc":{"start":{"line":57,"column":20},"end":{"line":57,"column":48}}},"10":{"name":"LinkContainer","line":60,"loc":{"start":{"line":60,"column":2},"end":{"line":60,"column":27}}},"11":{"name":"(anonymous_11)","line":69,"loc":{"start":{"line":69,"column":162},"end":{"line":69,"column":179}}},"12":{"name":"render","line":99,"loc":{"start":{"line":99,"column":35},"end":{"line":99,"column":53}}}},"statementMap":{"1":{"start":{"line":3,"column":0},"end":{"line":3,"column":26}},"2":{"start":{"line":5,"column":0},"end":{"line":5,"column":30}},"3":{"start":{"line":7,"column":0},"end":{"line":7,"column":45}},"4":{"start":{"line":9,"column":0},"end":{"line":9,"column":95}},"5":{"start":{"line":9,"column":39},"end":{"line":9,"column":93}},"6":{"start":{"line":11,"column":0},"end":{"line":11,"column":220}},"7":{"start":{"line":11,"column":47},"end":{"line":11,"column":63}},"8":{"start":{"line":11,"column":64},"end":{"line":11,"column":203}},"9":{"start":{"line":11,"column":85},"end":{"line":11,"column":120}},"10":{"start":{"line":11,"column":111},"end":{"line":11,"column":120}},"11":{"start":{"line":11,"column":121},"end":{"line":11,"column":181}},"12":{"start":{"line":11,"column":172},"end":{"line":11,"column":181}},"13":{"start":{"line":11,"column":182},"end":{"line":11,"column":201}},"14":{"start":{"line":11,"column":204},"end":{"line":11,"column":218}},"15":{"start":{"line":13,"column":0},"end":{"line":13,"column":153}},"16":{"start":{"line":13,"column":50},"end":{"line":13,"column":151}},"17":{"start":{"line":13,"column":92},"end":{"line":13,"column":149}},"18":{"start":{"line":15,"column":0},"end":{"line":15,"column":240}},"19":{"start":{"line":15,"column":50},"end":{"line":15,"column":151}},"20":{"start":{"line":15,"column":63},"end":{"line":15,"column":149}},"21":{"start":{"line":15,"column":152},"end":{"line":15,"column":238}},"22":{"start":{"line":17,"column":0},"end":{"line":17,"column":494}},"23":{"start":{"line":17,"column":43},"end":{"line":17,"column":208}},"24":{"start":{"line":17,"column":106},"end":{"line":17,"column":206}},"25":{"start":{"line":17,"column":209},"end":{"line":17,"column":373}},"26":{"start":{"line":17,"column":374},"end":{"line":17,"column":492}},"27":{"start":{"line":17,"column":390},"end":{"line":17,"column":492}},"28":{"start":{"line":19,"column":0},"end":{"line":21,"column":1}},"29":{"start":{"line":20,"column":2},"end":{"line":20,"column":28}},"30":{"start":{"line":23,"column":0},"end":{"line":25,"column":1}},"31":{"start":{"line":24,"column":2},"end":{"line":24,"column":78}},"32":{"start":{"line":27,"column":0},"end":{"line":33,"column":1}},"33":{"start":{"line":28,"column":2},"end":{"line":30,"column":3}},"34":{"start":{"line":29,"column":4},"end":{"line":29,"column":68}},"35":{"start":{"line":32,"column":2},"end":{"line":32,"column":12}},"36":{"start":{"line":35,"column":0},"end":{"line":46,"column":2}},"37":{"start":{"line":48,"column":0},"end":{"line":50,"column":2}},"38":{"start":{"line":52,"column":0},"end":{"line":55,"column":2}},"39":{"start":{"line":57,"column":0},"end":{"line":123,"column":29}},"40":{"start":{"line":58,"column":2},"end":{"line":58,"column":45}},"41":{"start":{"line":60,"column":2},"end":{"line":97,"column":3}},"42":{"start":{"line":61,"column":4},"end":{"line":61,"column":27}},"43":{"start":{"line":63,"column":4},"end":{"line":63,"column":41}},"44":{"start":{"line":65,"column":4},"end":{"line":67,"column":5}},"45":{"start":{"line":66,"column":6},"end":{"line":66,"column":35}},"46":{"start":{"line":69,"column":4},"end":{"line":96,"column":55}},"47":{"start":{"line":70,"column":6},"end":{"line":70,"column":36}},"48":{"start":{"line":71,"column":6},"end":{"line":71,"column":30}},"49":{"start":{"line":72,"column":6},"end":{"line":72,"column":36}},"50":{"start":{"line":73,"column":6},"end":{"line":73,"column":34}},"51":{"start":{"line":74,"column":6},"end":{"line":74,"column":36}},"52":{"start":{"line":75,"column":6},"end":{"line":75,"column":42}},"53":{"start":{"line":76,"column":6},"end":{"line":76,"column":40}},"54":{"start":{"line":77,"column":6},"end":{"line":77,"column":38}},"55":{"start":{"line":78,"column":6},"end":{"line":78,"column":38}},"56":{"start":{"line":81,"column":6},"end":{"line":83,"column":7}},"57":{"start":{"line":82,"column":8},"end":{"line":82,"column":38}},"58":{"start":{"line":85,"column":6},"end":{"line":87,"column":7}},"59":{"start":{"line":86,"column":8},"end":{"line":86,"column":23}},"60":{"start":{"line":89,"column":6},"end":{"line":91,"column":7}},"61":{"start":{"line":90,"column":8},"end":{"line":90,"column":15}},"62":{"start":{"line":93,"column":6},"end":{"line":93,"column":29}},"63":{"start":{"line":95,"column":6},"end":{"line":95,"column":85}},"64":{"start":{"line":99,"column":2},"end":{"line":120,"column":4}},"65":{"start":{"line":100,"column":4},"end":{"line":100,"column":37}},"66":{"start":{"line":101,"column":4},"end":{"line":101,"column":28}},"67":{"start":{"line":102,"column":4},"end":{"line":102,"column":53}},"68":{"start":{"line":103,"column":4},"end":{"line":103,"column":23}},"69":{"start":{"line":104,"column":4},"end":{"line":104,"column":35}},"70":{"start":{"line":106,"column":4},"end":{"line":106,"column":90}},"71":{"start":{"line":108,"column":4},"end":{"line":108,"column":33}},"72":{"start":{"line":111,"column":4},"end":{"line":117,"column":5}},"73":{"start":{"line":112,"column":6},"end":{"line":112,"column":41}},"74":{"start":{"line":114,"column":6},"end":{"line":116,"column":7}},"75":{"start":{"line":115,"column":8},"end":{"line":115,"column":62}},"76":{"start":{"line":119,"column":4},"end":{"line":119,"column":88}},"77":{"start":{"line":122,"column":2},"end":{"line":122,"column":23}},"78":{"start":{"line":125,"column":0},"end":{"line":125,"column":36}},"79":{"start":{"line":126,"column":0},"end":{"line":126,"column":42}},"80":{"start":{"line":127,"column":0},"end":{"line":127,"column":42}},"81":{"start":{"line":129,"column":0},"end":{"line":129,"column":32}},"82":{"start":{"line":130,"column":0},"end":{"line":130,"column":36}}},"branchMap":{"1":{"line":9,"type":"cond-expr","locations":[{"start":{"line":9,"column":70},"end":{"line":9,"column":73}},{"start":{"line":9,"column":76},"end":{"line":9,"column":92}}]},"2":{"line":9,"type":"binary-expr","locations":[{"start":{"line":9,"column":46},"end":{"line":9,"column":49}},{"start":{"line":9,"column":53},"end":{"line":9,"column":67}}]},"3":{"line":11,"type":"if","locations":[{"start":{"line":11,"column":85},"end":{"line":11,"column":85}},{"start":{"line":11,"column":85},"end":{"line":11,"column":85}}]},"4":{"line":11,"type":"if","locations":[{"start":{"line":11,"column":121},"end":{"line":11,"column":121}},{"start":{"line":11,"column":121},"end":{"line":11,"column":121}}]},"5":{"line":13,"type":"if","locations":[{"start":{"line":13,"column":50},"end":{"line":13,"column":50}},{"start":{"line":13,"column":50},"end":{"line":13,"column":50}}]},"6":{"line":15,"type":"if","locations":[{"start":{"line":15,"column":50},"end":{"line":15,"column":50}},{"start":{"line":15,"column":50},"end":{"line":15,"column":50}}]},"7":{"line":15,"type":"cond-expr","locations":[{"start":{"line":15,"column":226},"end":{"line":15,"column":230}},{"start":{"line":15,"column":233},"end":{"line":15,"column":237}}]},"8":{"line":15,"type":"binary-expr","locations":[{"start":{"line":15,"column":159},"end":{"line":15,"column":163}},{"start":{"line":15,"column":168},"end":{"line":15,"column":192}},{"start":{"line":15,"column":196},"end":{"line":15,"column":222}}]},"9":{"line":17,"type":"if","locations":[{"start":{"line":17,"column":43},"end":{"line":17,"column":43}},{"start":{"line":17,"column":43},"end":{"line":17,"column":43}}]},"10":{"line":17,"type":"binary-expr","locations":[{"start":{"line":17,"column":47},"end":{"line":17,"column":79}},{"start":{"line":17,"column":83},"end":{"line":17,"column":102}}]},"11":{"line":17,"type":"binary-expr","locations":[{"start":{"line":17,"column":244},"end":{"line":17,"column":254}},{"start":{"line":17,"column":258},"end":{"line":17,"column":278}}]},"12":{"line":17,"type":"if","locations":[{"start":{"line":17,"column":374},"end":{"line":17,"column":374}},{"start":{"line":17,"column":374},"end":{"line":17,"column":374}}]},"13":{"line":17,"type":"cond-expr","locations":[{"start":{"line":17,"column":414},"end":{"line":17,"column":457}},{"start":{"line":17,"column":460},"end":{"line":17,"column":491}}]},"14":{"line":24,"type":"binary-expr","locations":[{"start":{"line":24,"column":12},"end":{"line":24,"column":25}},{"start":{"line":24,"column":29},"end":{"line":24,"column":41}},{"start":{"line":24,"column":45},"end":{"line":24,"column":58}},{"start":{"line":24,"column":62},"end":{"line":24,"column":76}}]},"15":{"line":28,"type":"if","locations":[{"start":{"line":28,"column":2},"end":{"line":28,"column":2}},{"start":{"line":28,"column":2},"end":{"line":28,"column":2}}]},"16":{"line":28,"type":"binary-expr","locations":[{"start":{"line":28,"column":6},"end":{"line":28,"column":11}},{"start":{"line":28,"column":15},"end":{"line":28,"column":19}},{"start":{"line":28,"column":23},"end":{"line":28,"column":28}}]},"17":{"line":81,"type":"if","locations":[{"start":{"line":81,"column":6},"end":{"line":81,"column":6}},{"start":{"line":81,"column":6},"end":{"line":81,"column":6}}]},"18":{"line":85,"type":"if","locations":[{"start":{"line":85,"column":6},"end":{"line":85,"column":6}},{"start":{"line":85,"column":6},"end":{"line":85,"column":6}}]},"19":{"line":89,"type":"if","locations":[{"start":{"line":89,"column":6},"end":{"line":89,"column":6}},{"start":{"line":89,"column":6},"end":{"line":89,"column":6}}]},"20":{"line":89,"type":"binary-expr","locations":[{"start":{"line":89,"column":10},"end":{"line":89,"column":16}},{"start":{"line":89,"column":20},"end":{"line":89,"column":42}},{"start":{"line":89,"column":46},"end":{"line":89,"column":68}},{"start":{"line":89,"column":72},"end":{"line":89,"column":96}}]},"21":{"line":111,"type":"if","locations":[{"start":{"line":111,"column":4},"end":{"line":111,"column":4}},{"start":{"line":111,"column":4},"end":{"line":111,"column":4}}]},"22":{"line":114,"type":"if","locations":[{"start":{"line":114,"column":6},"end":{"line":114,"column":6}},{"start":{"line":114,"column":6},"end":{"line":114,"column":6}}]}},"code":["'use strict';","","exports.__esModule = true;","","var _react = require('react');","","var _react2 = _interopRequireDefault(_react);","","function _interopRequireDefault(obj) { return obj && obj.__esModule ? obj : { default: obj }; }","","function _objectWithoutProperties(obj, keys) { var target = {}; for (var i in obj) { if (keys.indexOf(i) >= 0) continue; if (!Object.prototype.hasOwnProperty.call(obj, i)) continue; target[i] = obj[i]; } return target; }","","function _classCallCheck(instance, Constructor) { if (!(instance instanceof Constructor)) { throw new TypeError(\"Cannot call a class as a function\"); } }","","function _possibleConstructorReturn(self, call) { if (!self) { throw new ReferenceError(\"this hasn't been initialised - super() hasn't been called\"); } return call && (typeof call === \"object\" || typeof call === \"function\") ? call : self; }","","function _inherits(subClass, superClass) { if (typeof superClass !== \"function\" && superClass !== null) { throw new TypeError(\"Super expression must either be null or a function, not \" + typeof superClass); } subClass.prototype = Object.create(superClass && superClass.prototype, { constructor: { value: subClass, enumerable: false, writable: true, configurable: true } }); if (superClass) Object.setPrototypeOf ? Object.setPrototypeOf(subClass, superClass) : subClass.__proto__ = superClass; } // This is largely taken from react-router/lib/Link.","","function isLeftClickEvent(event) {","  return event.button === 0;","}","","function isModifiedEvent(event) {","  return !!(event.metaKey || event.altKey || event.ctrlKey || event.shiftKey);","}","","function createLocationDescriptor(to, query, hash, state) {","  if (query || hash || state) {","    return { pathname: to, query: query, hash: hash, state: state };","  }","","  return to;","}","","var propTypes = {","  onlyActiveOnIndex: _react2.default.PropTypes.bool.isRequired,","  to: _react2.default.PropTypes.oneOfType([_react2.default.PropTypes.string, _react2.default.PropTypes.object]).isRequired,","  query: _react2.default.PropTypes.string,","  hash: _react2.default.PropTypes.string,","  state: _react2.default.PropTypes.object,","  action: _react2.default.PropTypes.oneOf(['push', 'replace']).isRequired,","  onClick: _react2.default.PropTypes.func,","  active: _react2.default.PropTypes.bool,","  target: _react2.default.PropTypes.string,","  children: _react2.default.PropTypes.node.isRequired","};","","var contextTypes = {","  router: _react2.default.PropTypes.object","};","","var defaultProps = {","  onlyActiveOnIndex: false,","  action: 'push'","};","","var LinkContainer = function (_React$Component) {","  _inherits(LinkContainer, _React$Component);","","  function LinkContainer() {","    var _temp, _this, _ret;","","    _classCallCheck(this, LinkContainer);","","    for (var _len = arguments.length, args = Array(_len), _key = 0; _key < _len; _key++) {","      args[_key] = arguments[_key];","    }","","    return _ret = (_temp = (_this = _possibleConstructorReturn(this, _React$Component.call.apply(_React$Component, [this].concat(args))), _this), _this.onClick = function (event) {","      var _this$props = _this.props;","      var to = _this$props.to;","      var query = _this$props.query;","      var hash = _this$props.hash;","      var state = _this$props.state;","      var children = _this$props.children;","      var onClick = _this$props.onClick;","      var target = _this$props.target;","      var action = _this$props.action;","","","      if (children.props.onClick) {","        children.props.onClick(event);","      }","","      if (onClick) {","        onClick(event);","      }","","      if (target || event.defaultPrevented || isModifiedEvent(event) || !isLeftClickEvent(event)) {","        return;","      }","","      event.preventDefault();","","      _this.context.router[action](createLocationDescriptor(to, query, hash, state));","    }, _temp), _possibleConstructorReturn(_this, _ret);","  }","","  LinkContainer.prototype.render = function render() {","    var router = this.context.router;","    var _props = this.props;","    var onlyActiveOnIndex = _props.onlyActiveOnIndex;","    var to = _props.to;","    var children = _props.children;","","    var props = _objectWithoutProperties(_props, ['onlyActiveOnIndex', 'to', 'children']);","","    props.onClick = this.onClick;","","    // Ignore if rendered outside Router context; simplifies unit testing.","    if (router) {","      props.href = router.createHref(to);","","      if (props.active == null) {","        props.active = router.isActive(to, onlyActiveOnIndex);","      }","    }","","    return _react2.default.cloneElement(_react2.default.Children.only(children), props);","  };","","  return LinkContainer;","}(_react2.default.Component);","","LinkContainer.propTypes = propTypes;","LinkContainer.contextTypes = contextTypes;","LinkContainer.defaultProps = defaultProps;","","exports.default = LinkContainer;","module.exports = exports['default'];"],"l":{"3":1,"5":1,"7":1,"9":1,"11":1,"13":1,"15":1,"17":1,"19":1,"20":0,"23":1,"24":0,"27":1,"28":0,"29":0,"32":0,"35":1,"48":1,"52":1,"57":1,"58":1,"60":1,"61":0,"63":0,"65":0,"66":0,"69":0,"70":0,"71":0,"72":0,"73":0,"74":0,"75":0,"76":0,"77":0,"78":0,"81":0,"82":0,"85":0,"86":0,"89":0,"90":0,"93":0,"95":0,"99":1,"100":0,"101":0,"102":0,"103":0,"104":0,"106":0,"108":0,"111":0,"112":0,"114":0,"115":0,"119":0,"122":1,"125":1,"126":1,"127":1,"129":1,"130":1}},"/home/travis/build/npmtest/node-npmtest-react-router-bootstrap/node_modules/react-router-bootstrap/lib/ReactRouterBootstrap.js":{"path":"/home/travis/build/npmtest/node-npmtest-react-router-bootstrap/node_modules/react-router-bootstrap/lib/ReactRouterBootstrap.js","s":{"1":1,"2":1,"3":1,"4":0,"5":0,"6":0,"7":0,"8":0,"9":1,"10":1,"11":1,"12":6,"13":2,"14":4,"15":4,"16":4,"17":4,"18":1,"19":1,"20":1,"21":1,"22":1,"23":1,"24":1,"25":1,"26":1,"27":1,"28":1,"29":2,"30":1,"31":1,"32":1,"33":1,"34":0,"35":0,"36":0,"37":0,"38":0,"39":0,"40":1,"41":1,"42":1,"43":1,"44":1,"45":2,"46":1,"47":0,"
[...]
9}},"146":{"start":{"line":255,"column":3},"end":{"line":255,"column":24}},"147":{"start":{"line":258,"column":1},"end":{"line":258,"column":37}},"148":{"start":{"line":259,"column":1},"end":{"line":259,"column":43}},"149":{"start":{"line":260,"column":1},"end":{"line":260,"column":43}},"150":{"start":{"line":262,"column":1},"end":{"line":262,"column":33}},"151":{"start":{"line":263,"column":1},"end":{"line":263,"column":37}}},"branchMap":{"1":{"line":2,"type":"if","locations":[{"start":{"line":2,"column":1},"end":{"line":2,"column":1}},{"start":{"line":2,"column":1},"end":{"line":2,"column":1}}]},"2":{"line":2,"type":"binary-expr","locations":[{"start":{"line":2,"column":4},"end":{"line":2,"column":31}},{"start":{"line":2,"column":35},"end":{"line":2,"column":61}}]},"3":{"line":4,"type":"if","locations":[{"start":{"line":4,"column":6},"end":{"line":4,"column":6}},{"start":{"line":4,"column":6},"end":{"line":4,"column":6}}]},"4":{"line":4,"type":"binary-expr","locations":[{"start":{"line":4,"column":9},"end":{"line":4,"column":37}},{"start":{"line":4,"column":41},"end":{"line":4,"column":51}}]},"5":{"line":6,"type":"if","locations":[{"start":{"line":6,"column":6},"end":{"line":6,"column":6}},{"start":{"line":6,"column":6},"end":{"line":6,"column":6}}]},"6":{"line":19,"type":"if","locations":[{"start":{"line":19,"column":11},"end":{"line":19,"column":11}},{"start":{"line":19,"column":11},"end":{"line":19,"column":11}}]},"7":{"line":70,"type":"cond-expr","locations":[{"start":{"line":70,"column":71},"end":{"line":70,"column":74}},{"start":{"line":70,"column":77},"end":{"line":70,"column":93}}]},"8":{"line":70,"type":"binary-expr","locations":[{"start":{"line":70,"column":47},"end":{"line":70,"column":50}},{"start":{"line":70,"column":54},"end":{"line":70,"column":68}}]},"9":{"line":83,"type":"binary-expr","locations":[{"start":{"line":83,"column":16},"end":{"line":83,"column":29}},{"start":{"line":83,"column":33},"end":{"line":83,"column":257}}]},"10":{"line":83,"type":"if","locations":[{"start":{"line":83,"column":151},"end":{"line":83,"column":151}},{"start":{"line":83,"column":151},"end":{"line":83,"column":151}}]},"11":{"line":93,"type":"cond-expr","locations":[{"start":{"line":93,"column":71},"end":{"line":93,"column":74}},{"start":{"line":93,"column":77},"end":{"line":93,"column":93}}]},"12":{"line":93,"type":"binary-expr","locations":[{"start":{"line":93,"column":47},"end":{"line":93,"column":50}},{"start":{"line":93,"column":54},"end":{"line":93,"column":68}}]},"13":{"line":95,"type":"if","locations":[{"start":{"line":95,"column":51},"end":{"line":95,"column":51}},{"start":{"line":95,"column":51},"end":{"line":95,"column":51}}]},"14":{"line":97,"type":"if","locations":[{"start":{"line":97,"column":51},"end":{"line":97,"column":51}},{"start":{"line":97,"column":51},"end":{"line":97,"column":51}}]},"15":{"line":97,"type":"cond-expr","locations":[{"start":{"line":97,"column":227},"end":{"line":97,"column":231}},{"start":{"line":97,"column":234},"end":{"line":97,"column":238}}]},"16":{"line":97,"type":"binary-expr","locations":[{"start":{"line":97,"column":160},"end":{"line":97,"column":164}},{"start":{"line":97,"column":169},"end":{"line":97,"column":193}},{"start":{"line":97,"column":197},"end":{"line":97,"column":223}}]},"17":{"line":99,"type":"if","locations":[{"start":{"line":99,"column":44},"end":{"line":99,"column":44}},{"start":{"line":99,"column":44},"end":{"line":99,"column":44}}]},"18":{"line":99,"type":"binary-expr","locations":[{"start":{"line":99,"column":48},"end":{"line":99,"column":80}},{"start":{"line":99,"column":84},"end":{"line":99,"column":103}}]},"19":{"line":99,"type":"binary-expr","locations":[{"start":{"line":99,"column":245},"end":{"line":99,"column":255}},{"start":{"line":99,"column":259},"end":{"line":99,"column":279}}]},"20":{"line":99,"type":"if","locations":[{"start":{"line":99,"column":375},"end":{"line":99,"column":375}},{"start":{"line":99,"column":375},"end":{"line":99,"column":375}}]},"21":{"line":99,"type":"cond-expr","locations":[{"start":{"line":99,"column":415},"end":{"line":99,"column":458}},{"start":{"line":99,"column":461},"end":{"line":99,"column":492}}]},"22":{"line":142,"type":"cond-expr","locations":[{"start":{"line":142,"column":71},"end":{"line":142,"column":74}},{"start":{"line":142,"column":77},"end":{"line":142,"column":93}}]},"23":{"line":142,"type":"binary-expr","locations":[{"start":{"line":142,"column":47},"end":{"line":142,"column":50}},{"start":{"line":142,"column":54},"end":{"line":142,"column":68}}]},"24":{"line":144,"type":"if","locations":[{"start":{"line":144,"column":86},"end":{"line":144,"column":86}},{"start":{"line":144,"column":86},"end":{"line":144,"column":86}}]},"25":{"line":144,"type":"if","locations":[{"start":{"line":144,"column":122},"end":{"line":144,"column":122}},{"start":{"line":144,"column":122},"end":{"line":144,"column":122}}]},"26":{"line":146,"type":"if","locations":[{"start":{"line":146,"column":51},"end":{"line":146,"column":51}},{"start":{"line":146,"column":51},"end":{"line":146,"column":51}}]},"27":{"line":148,"type":"if","locations":[{"start":{"line":148,"column":51},"end":{"line":148,"column":51}},{"start":{"line":148,"column":51},"end":{"line":148,"column":51}}]},"28":{"line":148,"type":"cond-expr","locations":[{"start":{"line":148,"column":227},"end":{"line":148,"column":231}},{"start":{"line":148,"column":234},"end":{"line":148,"column":238}}]},"29":{"line":148,"type":"binary-expr","locations":[{"start":{"line":148,"column":160},"end":{"line":148,"column":164}},{"start":{"line":148,"column":169},"end":{"line":148,"column":193}},{"start":{"line":148,"column":197},"end":{"line":148,"column":223}}]},"30":{"line":150,"type":"if","locations":[{"start":{"line":150,"column":44},"end":{"line":150,"column":44}},{"start":{"line":150,"column":44},"end":{"line":150,"column":44}}]},"31":{"line":150,"type":"binary-expr","locations":[{"start":{"line":150,"column":48},"end":{"line":150,"column":80}},{"start":{"line":150,"column":84},"end":{"line":150,"column":103}}]},"32":{"line":150,"type":"binary-expr","locations":[{"start":{"line":150,"column":245},"end":{"line":150,"column":255}},{"start":{"line":150,"column":259},"end":{"line":150,"column":279}}]},"33":{"line":150,"type":"if","locations":[{"start":{"line":150,"column":375},"end":{"line":150,"column":375}},{"start":{"line":150,"column":375},"end":{"line":150,"column":375}}]},"34":{"line":150,"type":"cond-expr","locations":[{"start":{"line":150,"column":415},"end":{"line":150,"column":458}},{"start":{"line":150,"column":461},"end":{"line":150,"column":492}}]},"35":{"line":157,"type":"binary-expr","locations":[{"start":{"line":157,"column":13},"end":{"line":157,"column":26}},{"start":{"line":157,"column":30},"end":{"line":157,"column":42}},{"start":{"line":157,"column":46},"end":{"line":157,"column":59}},{"start":{"line":157,"column":63},"end":{"line":157,"column":77}}]},"36":{"line":161,"type":"if","locations":[{"start":{"line":161,"column":3},"end":{"line":161,"column":3}},{"start":{"line":161,"column":3},"end":{"line":161,"column":3}}]},"37":{"line":161,"type":"binary-expr","locations":[{"start":{"line":161,"column":7},"end":{"line":161,"column":12}},{"start":{"line":161,"column":16},"end":{"line":161,"column":20}},{"start":{"line":161,"column":24},"end":{"line":161,"column":29}}]},"38":{"line":214,"type":"if","locations":[{"start":{"line":214,"column":7},"end":{"line":214,"column":7}},{"start":{"line":214,"column":7},"end":{"line":214,"column":7}}]},"39":{"line":218,"type":"if","locations":[{"start":{"line":218,"column":7},"end":{"line":218,"column":7}},{"start":{"line":218,"column":7},"end":{"line":218,"column":7}}]},"40":{"line":222,"type":"if","locations":[{"start":{"line":222,"column":7},"end":{"line":222,"column":7}},{"start":{"line":222,"column":7},"end":{"line":222,"column":7}}]},"41":{"line":222,"type":"binary-expr","locations":[{"start":{"line":222,"column":11},"end":{"line":222,"column":17}},{"start":{"line":222,"column":21},"end":{"line":222,"column":43}},{"start":{"line":222,"column":47},"end":{"line":222,"column":69}},{"start":{"line":222,"column":73},"end":{"line":222,"column":97}}]},"42":{"line":244,"type":"if","locations":[{"start":{"line":244,"column":5},"end":{"line":244,"column":5}},{"start":{"line":244,"column":5},"end":{"line":244,"column":5}}]},"43":{"line":247,"type":"if","locations":[{"start":{"line":247,"column":7},"end":{"line":247,"column":7}},{"start":{"line":247,"column":7},"end":{"line":247,"column":7}}]}},"code":["(function webpackUniversalModuleDefinition(root, factory) {","\tif(typeof exports === 'object' && typeof module === 'object')","\t\tmodule.exports = factory(require(\"react\"));","\telse if(typeof define === 'function' && define.amd)","\t\tdefine([\"react\"], factory);","\telse if(typeof exports === 'object')","\t\texports[\"ReactRouterBootstrap\"] = factory(require(\"react\"));","\telse","\t\troot[\"ReactRouterBootstrap\"] = factory(root[\"React\"]);","})(this, function(__WEBPACK_EXTERNAL_MODULE_2__) {","return /******/ (function(modules) { // webpackBootstrap","/******/ \t// The module cache","/******/ \tvar installedModules = {};","","/******/ \t// The require function","/******/ \tfunction __webpack_require__(moduleId) {","","/******/ \t\t// Check if module is in cache","/******/ \t\tif(installedModules[moduleId])","/******/ \t\t\treturn installedModules[moduleId].exports;","","/******/ \t\t// Create a new module (and put it into the cache)","/******/ \t\tvar module = installedModules[moduleId] = {","/******/ \t\t\texports: {},","/******/ \t\t\tid: moduleId,","/******/ \t\t\tloaded: false","/******/ \t\t};","","/******/ \t\t// Execute the module function","/******/ \t\tmodules[moduleId].call(module.exports, module, module.exports, __webpack_require__);","","/******/ \t\t// Flag the module as loaded","/******/ \t\tmodule.loaded = true;","","/******/ \t\t// Return the exports of the module","/******/ \t\treturn module.exports;","/******/ \t}","","","/******/ \t// expose the modules object (__webpack_modules__)","/******/ \t__webpack_require__.m = modules;","","/******/ \t// expose the module cache","/******/ \t__webpack_require__.c = installedModules;","","/******/ \t// __webpack_public_path__","/******/ \t__webpack_require__.p = \"\";","","/******/ \t// Load entry module and return exports","/******/ \treturn __webpack_require__(0);","/******/ })","/************************************************************************/","/******/ ([","/* 0 */","/***/ function(module, exports, __webpack_require__) {","","\t'use strict';","","\texports.__esModule = true;","\texports.LinkContainer = exports.IndexLinkContainer = undefined;","","\tvar _IndexLinkContainer2 = __webpack_require__(1);","","\tvar _IndexLinkContainer3 = _interopRequireDefault(_IndexLinkContainer2);","","\tvar _LinkContainer2 = __webpack_require__(3);","","\tvar _LinkContainer3 = _interopRequireDefault(_LinkContainer2);","","\tfunction _interopRequireDefault(obj) { return obj && obj.__esModule ? obj : { default: obj }; }","","\texports.IndexLinkContainer = _IndexLinkContainer3.default;","\texports.LinkContainer = _LinkContainer3.default;","","/***/ },","/* 1 */","/***/ function(module, exports, __webpack_require__) {","","\t'use strict';","","\texports.__esModule = true;","","\tvar _extends = Object.assign || function (target) { for (var i = 1; i < arguments.length; i++) { var source = arguments[i]; for (var key in source) { if (Object.prototype.hasOwnProperty.call(source, key)) { target[key] = source[key]; } } } return target; };","","\tvar _react = __webpack_require__(2);","","\tvar _react2 = _interopRequireDefault(_react);","","\tvar _LinkContainer = __webpack_require__(3);","","\tvar _LinkContainer2 = _interopRequireDefault(_LinkContainer);","","\tfunction _interopRequireDefault(obj) { return obj && obj.__esModule ? obj : { default: obj }; }","","\tfunction _classCallCheck(instance, Constructor) { if (!(instance instanceof Constructor)) { throw new TypeError(\"Cannot call a class as a function\"); } }","","\tfunction _possibleConstructorReturn(self, call) { if (!self) { throw new ReferenceError(\"this hasn't been initialised - super() hasn't been called\"); } return call && (typeof call === \"object\" || typeof call === \"function\") ? call : self; }","","\tfunction _inherits(subClass, superClass) { if (typeof superClass !== \"function\" && superClass !== null) { throw new TypeError(\"Super expression must either be null or a function, not \" + typeof superClass); } subClass.prototype = Object.create(superClass && superClass.prototype, { constructor: { value: subClass, enumerable: false, writable: true, configurable: true } }); if (superClass) Object.setPrototypeOf ? Object.setPrototypeOf(subClass, superClass) : subClass.__proto__ = superClass; }","","\t// Don't use a stateless function, to allow users to set a ref.","\t/* eslint-disable react/prefer-stateless-function */","\tvar IndexLinkContainer = function (_React$Component) {","\t  _inherits(IndexLinkContainer, _React$Component);","","\t  function IndexLinkContainer() {","\t    _classCallCheck(this, IndexLinkContainer);","","\t    return _possibleConstructorReturn(this, _React$Component.apply(this, arguments));","\t  }","","\t  IndexLinkContainer.prototype.render = function render() {","\t    return _react2.default.createElement(_LinkContainer2.default, _extends({}, this.props, { onlyActiveOnIndex: true }));","\t  };","","\t  return IndexLinkContainer;","\t}(_react2.default.Component);","\t/* eslint-enable react/prefer-stateless-function */","","","\texports.default = IndexLinkContainer;","\tmodule.exports = exports['default'];","","/***/ },","/* 2 */","/***/ function(module, exports) {","","\tmodule.exports = __WEBPACK_EXTERNAL_MODULE_2__;","","/***/ },","/* 3 */","/***/ function(module, exports, __webpack_require__) {","","\t'use strict';","","\texports.__esModule = true;","","\tvar _react = __webpack_require__(2);","","\tvar _react2 = _interopRequireDefault(_react);","","\tfunction _interopRequireDefault(obj) { return obj && obj.__esModule ? obj : { default: obj }; }","","\tfunction _objectWithoutProperties(obj, keys) { var target = {}; for (var i in obj) { if (keys.indexOf(i) >= 0) continue; if (!Object.prototype.hasOwnProperty.call(obj, i)) continue; target[i] = obj[i]; } return target; }","","\tfunction _classCallCheck(instance, Constructor) { if (!(instance instanceof Constructor)) { throw new TypeError(\"Cannot call a class as a function\"); } }","","\tfunction _possibleConstructorReturn(self, call) { if (!self) { throw new ReferenceError(\"this hasn't been initialised - super() hasn't been called\"); } return call && (typeof call === \"object\" || typeof call === \"function\") ? call : self; }","","\tfunction _inherits(subClass, superClass) { if (typeof superClass !== \"function\" && superClass !== null) { throw new TypeError(\"Super expression must either be null or a function, not \" + typeof superClass); } subClass.prototype = Object.create(superClass && superClass.prototype, { constructor: { value: subClass, enumerable: false, writable: true, configurable: true } }); if (superClass) Object.setPrototypeOf ? Object.setPrototypeOf(subClass, superClass) : subClass.__proto__ = superClass; } // This is largely taken from react-router/lib/Link.","","\tfunction isLeftClickEvent(event) {","\t  return event.button === 0;","\t}","","\tfunction isModifiedEvent(event) {","\t  return !!(event.metaKey || event.altKey || event.ctrlKey || event.shiftKey);","\t}","","\tfunction createLocationDescriptor(to, query, hash, state) {","\t  if (query || hash || state) {","\t    return { pathname: to, query: query, hash: hash, state: state };","\t  }","","\t  return to;","\t}","","\tvar propTypes = {","\t  onlyActiveOnIndex: _react2.default.PropTypes.bool.isRequired,","\t  to: _react2.default.PropTypes.oneOfType([_react2.default.PropTypes.string, _react2.default.PropTypes.object]).isRequired,","\t  query: _react2.default.PropTypes.string,","\t  hash: _react2.default.PropTypes.string,","\t  state: _react2.default.PropTypes.object,","\t  action: _react2.default.PropTypes.oneOf(['push', 'replace']).isRequired,","\t  onClick: _react2.default.PropTypes.func,","\t  active: _react2.default.PropTypes.bool,","\t  target: _react2.default.PropTypes.string,","\t  children: _react2.default.PropTypes.node.isRequired","\t};","","\tvar contextTypes = {","\t  router: _react2.default.PropTypes.object","\t};","","\tvar defaultProps = {","\t  onlyActiveOnIndex: false,","\t  action: 'push'","\t};","","\tvar LinkContainer = function (_React$Component) {","\t  _inherits(LinkContainer, _React$Component);","","\t  function LinkContainer() {","\t    var _temp, _this, _ret;","","\t    _classCallCheck(this, LinkContainer);","","\t    for (var _len = arguments.length, args = Array(_len), _key = 0; _key < _len; _key++) {","\t      args[_key] = arguments[_key];","\t    }","","\t    return _ret = (_temp = (_this = _possibleConstructorReturn(this, _React$Component.call.apply(_React$Component, [this].concat(args))), _this), _this.onClick = function (event) {","\t      var _this$props = _this.props;","\t      var to = _this$props.to;","\t      var query = _this$props.query;","\t      var hash = _this$props.hash;","\t      var state = _this$props.state;","\t      var children = _this$props.children;","\t      var onClick = _this$props.onClick;","\t      var target = _this$props.target;","\t      var action = _this$props.action;","","","\t      if (children.props.onClick) {","\t        children.props.onClick(event);","\t      }","","\t      if (onClick) {","\t        onClick(event);","\t      }","","\t      if (target || event.defaultPrevented || isModifiedEvent(event) || !isLeftClickEvent(event)) {","\t        return;","\t      }","","\t      event.preventDefault();","","\t      _this.context.router[action](createLocationDescriptor(to, query, hash, state));","\t    }, _temp), _possibleConstructorReturn(_this, _ret);","\t  }","","\t  LinkContainer.prototype.render = function render() {","\t    var router = this.context.router;","\t    var _props = this.props;","\t    var onlyActiveOnIndex = _props.onlyActiveOnIndex;","\t    var to = _props.to;","\t    var children = _props.children;","","\t    var props = _objectWithoutProperties(_props, ['onlyActiveOnIndex', 'to', 'children']);","","\t    props.onClick = this.onClick;","","\t    // Ignore if rendered outside Router context; simplifies unit testing.","\t    if (router) {","\t      props.href = router.createHref(to);","","\t      if (props.active == null) {","\t        props.active = router.isActive(to, onlyActiveOnIndex);","\t      }","\t    }","","\t    return _react2.default.cloneElement(_react2.default.Children.only(children), props);","\t  };","","\t  return LinkContainer;","\t}(_react2.default.Component);","","\tLinkContainer.propTypes = propTypes;","\tLinkContainer.contextTypes = contextTypes;","\tLinkContainer.defaultProps = defaultProps;","","\texports.default = LinkContainer;","\tmodule.exports = exports['default'];","","/***/ }","/******/ ])","});",";"],"l":{"1":1,"2":1,"3":1,"4":0,"5":0,"6":0,"7":0,"9":0,"11":1,"13":1,"16":1,"19":6,"20":2,"23":4,"30":4,"33":4,"36":4,"41":1,"44":1,"47":1,"50":1,"59":1,"60":1,"62":1,"64":1,"66":1,"68":1,"70":2,"72":1,"73":1,"81":1,"83":1,"85":1,"87":1,"89":1,"91":1,"93":2,"95":1,"97":1,"99":1,"103":1,"104":1,"106":1,"107":0,"109":0,"112":1,"113":0,"116":1,"121":1,"122":1,"128":1,"136":1,"138":1,"140":1,"142":1,"144":1,"146":1,"148":1,"150":1,"152":1,"153":0,"156":1,"157":0,"160":1,"161":0,"162":0,"165":0,"168":1,"181":1,"185":1,"190":1,"191":1,"193":1,"194":0,"196":0,"198":0,"199":0,"202":0,"203":0,"204":0,"205":0,"206":0,"207":0,"208":0,"209":0,"210":0,"211":0,"214":0,"215":0,"218":0,"219":0,"222":0,"223":0,"226":0,"228":0,"232":1,"233":0,"234":0,"235":0,"236":0,"237":0,"239":0,"241":0,"244":0,"245":0,"247":0,"248":0,"252":0,"255":1,"258":1,"259":1,"260":1,"262":1,"263":1}}}