{"/home/travis/build/npmtest/node-npmtest-react-router-bootstrap/test.js":{"path":"/home/travis/build/npmtest/node-npmtest-react-router-bootstrap/test.js","s":{"1":2,"2":2,"3":2,"4":2,"5":2,"6":2,"7":2,"8":1,"9":2,"10":2,"11":1,"12":1,"13":1,"14":1,"15":2,"16":2,"17":2,"18":2,"19":1,"20":1,"21":2,"22":2,"23":2,"24":1,"25":1,"26":1,"27":1,"28":1,"29":1,"30":1,"31":1,"32":1,"33":1,"34":1,"35":1,"36":1,"37":1,"38":1,"39":2,"40":2,"41":1,"42":2,"43":2,"44":1,"45":2,"46":2,"47":1,"48":2,"49":2,"50":1,"51":1,"52":1,"53":1,"54":1},"b":{"1":[2,1,1,1],"2":[1,1,1,1],"3":[1,1],"4":[1,1],"5":[1,1],"6":[1,1],"7":[1,1],"8":[1,1],"9":[1,1],"10":[1,1,1],"11":[1,1],"12":[1,1],"13":[1,1],"14":[1,1],"15":[1,1],"16":[1,1],"17":[1,1]},"f":{"1":2,"2":2,"3":2,"4":2,"5":2,"6":1,"7":1,"8":1,"9":2,"10":2,"11":2,"12":2,"13":1},"fnMap":{"1":{"name":"(anonymous_1)","line":12,"loc":{"start":{"line":12,"column":1},"end":{"line":12,"column":13}}},"2":{"name":"(anonymous_2)","line":19,"loc":{"start":{"line":19,"column":5},"end":{"line":19,"column":17}}},"3":{"name":"(anonymous_3)","line":23,"loc":{"start":{"line":23,"column":24},"end":{"line":23,"column":36}}},"4":{"name":"(anonymous_4)","line":61,"loc":{"start":{"line":61,"column":5},"end":{"line":61,"column":17}}},"5":{"name":"(anonymous_5)","line":82,"loc":{"start":{"line":82,"column":5},"end":{"line":82,"column":17}}},"6":{"name":"(anonymous_6)","line":91,"loc":{"start":{"line":91,"column":77},"end":{"line":94,"column":10}}},"7":{"name":"(anonymous_7)","line":112,"loc":{"start":{"line":112,"column":83},"end":{"line":115,"column":10}},"skip":true},"8":{"name":"(anonymous_8)","line":123,"loc":{"start":{"line":123,"column":77},"end":{"line":126,"column":10}},"skip":true},"9":{"name":"(anonymous_9)","line":139,"loc":{"start":{"line":139,"column":12},"end":{"line":139,"column":40}},"skip":true},"10":{"name":"(anonymous_10)","line":147,"loc":{"start":{"line":147,"column":77},"end":{"line":150,"column":10}},"skip":true},"11":{"name":"(anonymous_11)","line":158,"loc":{"start":{"line":158,"column":83},"end":{"line":161,"column":10}},"skip":true},"12":{"name":"(anonymous_12)","line":169,"loc":{"start":{"line":169,"column":79},"end":{"line":172,"column":10}},"skip":true},"13":{"name":"(anonymous_13)","line":180,"loc":{"start":{"line":180,"column":75},"end":{"line":183,"column":10}},"skip":true}},"statementMap":{"1":{"start":{"line":12,"column":0},"end":{"line":195,"column":5}},"2":{"start":{"line":14,"column":4},"end":{"line":14,"column":14}},"3":{"start":{"line":19,"column":4},"end":{"line":56,"column":9}},"4":{"start":{"line":21,"column":8},"end":{"line":21,"column":19}},"5":{"start":{"line":23,"column":8},"end":{"line":35,"column":13}},"6":{"start":{"line":24,"column":12},"end":{"line":34,"column":13}},"7":{"start":{"line":25,"column":16},"end":{"line":28,"column":30}},"8":{"start":{"line":30,"column":16},"end":{"line":33,"column":27}},"9":{"start":{"line":37,"column":8},"end":{"line":39,"column":21}},"10":{"start":{"line":40,"column":8},"end":{"line":53,"column":9}},"11":{"start":{"line":43,"column":12},"end":{"line":46,"column":14}},"12":{"start":{"line":47,"column":12},"end":{"line":47,"column":18}},"13":{"start":{"line":50,"column":12},"end":{"line":51,"column":33}},"14":{"start":{"line":52,"column":12},"end":{"line":52,"column":18}},"15":{"start":{"line":55,"column":8},"end":{"line":55,"column":35}},"16":{"start":{"line":61,"column":4},"end":{"line":63,"column":9}},"17":{"start":{"line":62,"column":8},"end":{"line":62,"column":15}},"18":{"start":{"line":64,"column":4},"end":{"line":77,"column":5}},"19":{"start":{"line":70,"column":8},"end":{"line":70,"column":14}},"20":{"start":{"line":76,"column":8},"end":{"line":76,"column":14}},"21":{"start":{"line":82,"column":4},"end":{"line":84,"column":9}},"22":{"start":{"line":83,"column":8},"end":{"line":83,"column":15}},"23":{"start":{"line":85,"column":4},"end":{"line":194,"column":5}},"24":{"start":{"line":91,"column":8},"end":{"line":99,"column":10}},"25":{"start":{"line":98,"column":12},"end":{"line":98,"column":35}},"26":{"start":{"line":102,"column":8},"end":{"line":104,"column":63}},"27":{"start":{"line":105,"column":8},"end":{"line":105,"column":14}},"28":{"start":{"line":112,"column":8},"end":{"line":121,"column":10},"skip":true},"29":{"start":{"line":119,"column":12},"end":{"line":119,"column":55},"skip":true},"30":{"start":{"line":120,"column":12},"end":{"line":120,"column":48},"skip":true},"31":{"start":{"line":123,"column":8},"end":{"line":136,"column":10},"skip":true},"32":{"start":{"line":130,"column":12},"end":{"line":130,"column":76},"skip":true},"33":{"start":{"line":131,"column":12},"end":{"line":131,"column":73},"skip":true},"34":{"start":{"line":132,"column":12},"end":{"line":132,"column":74},"skip":true},"35":{"start":{"line":133,"column":12},"end":{"line":133,"column":79},"skip":true},"36":{"start":{"line":134,"column":12},"end":{"line":134,"column":25},"skip":true},"37":{"start":{"line":135,"column":12},"end":{"line":135,"column":45},"skip":true},"38":{"start":{"line":138,"column":8},"end":{"line":145,"column":14},"skip":true},"39":{"start":{"line":143,"column":16},"end":{"line":143,"column":29},"skip":true},"40":{"start":{"line":144,"column":16},"end":{"line":144,"column":55},"skip":true},"41":{"start":{"line":147,"column":8},"end":{"line":156,"column":10},"skip":true},"42":{"start":{"line":154,"column":12},"end":{"line":154,"column":25},"skip":true},"43":{"start":{"line":155,"column":12},"end":{"line":155,"column":45},"skip":true},"44":{"start":{"line":158,"column":8},"end":{"line":167,"column":10},"skip":true},"45":{"start":{"line":165,"column":12},"end":{"line":165,"column":25},"skip":true},"46":{"start":{"line":166,"column":12},"end":{"line":166,"column":48},"skip":true},"47":{"start":{"line":169,"column":8},"end":{"line":178,"column":10},"skip":true},"48":{"start":{"line":176,"column":12},"end":{"line":176,"column":25},"skip":true},"49":{"start":{"line":177,"column":12},"end":{"line":177,"column":46},"skip":true},"50":{"start":{"line":180,"column":8},"end":{"line":189,"column":10},"skip":true},"51":{"start":{"line":187,"column":12},"end":{"line":187,"column":94},"skip":true},"52":{"start":{"line":188,"column":12},"end":{"line":188,"column":48},"skip":true},"53":{"start":{"line":192,"column":8},"end":{"line":192,"column":35},"skip":true},"54":{"start":{"line":193,"column":8},"end":{"line":193,"column":14},"skip":true}},"branchMap":{"1":{"line":25,"type":"binary-expr","locations":[{"start":{"line":25,"column":23},"end":{"line":25,"column":62}},{"start":{"line":26,"column":20},"end":{"line":26,"column":70}},{"start":{"line":27,"column":20},"end":{"line":27,"column":71}},{"start":{"line":28,"column":20},"end":{"line":28,"column":29}}]},"2":{"line":30,"type":"binary-expr","locations":[{"start":{"line":30,"column":23},"end":{"line":30,"column":37}},{"start":{"line":31,"column":20},"end":{"line":31,"column":61}},{"start":{"line":32,"column":20},"end":{"line":32,"column":70}},{"start":{"line":33,"column":20},"end":{"line":33,"column":26}}]},"3":{"line":37,"type":"cond-expr","locations":[{"start":{"line":38,"column":14},"end":{"line":38,"column":20}},{"start":{"line":39,"column":14},"end":{"line":39,"column":20}}]},"4":{"line":40,"type":"switch","locations":[{"start":{"line":42,"column":8},"end":{"line":47,"column":18}},{"start":{"line":49,"column":8},"end":{"line":52,"column":18}}]},"5":{"line":44,"type":"binary-expr","locations":[{"start":{"line":44,"column":16},"end":{"line":44,"column":44}},{"start":{"line":44,"column":48},"end":{"line":44,"column":66}}]},"6":{"line":50,"type":"binary-expr","locations":[{"start":{"line":50,"column":21},"end":{"line":50,"column":49}},{"start":{"line":50,"column":53},"end":{"line":50,"column":72}}]},"7":{"line":64,"type":"switch","locations":[{"start":{"line":69,"column":4},"end":{"line":70,"column":14}},{"start":{"line":75,"column":4},"end":{"line":76,"column":14}}]},"8":{"line":85,"type":"switch","locations":[{"start":{"line":90,"column":4},"end":{"line":105,"column":14}},{"start":{"line":111,"column":4},"end":{"line":193,"column":14},"skip":true}]},"9":{"line":91,"type":"binary-expr","locations":[{"start":{"line":91,"column":42},"end":{"line":91,"column":73}},{"start":{"line":91,"column":77},"end":{"line":99,"column":9}}]},"10":{"line":102,"type":"binary-expr","locations":[{"start":{"line":102,"column":18},"end":{"line":102,"column":32}},{"start":{"line":103,"column":12},"end":{"line":103,"column":53}},{"start":{"line":104,"column":12},"end":{"line":104,"column":61}}]},"11":{"line":112,"type":"binary-expr","locations":[{"start":{"line":112,"column":45},"end":{"line":112,"column":79},"skip":true},{"start":{"line":112,"column":83},"end":{"line":121,"column":9},"skip":true}]},"12":{"line":123,"type":"binary-expr","locations":[{"start":{"line":123,"column":42},"end":{"line":123,"column":73},"skip":true},{"start":{"line":123,"column":77},"end":{"line":136,"column":9},"skip":true}]},"13":{"line":138,"type":"binary-expr","locations":[{"start":{"line":138,"column":48},"end":{"line":138,"column":85},"skip":true},{"start":{"line":139,"column":12},"end":{"line":145,"column":13},"skip":true}]},"14":{"line":147,"type":"binary-expr","locations":[{"start":{"line":147,"column":42},"end":{"line":147,"column":73},"skip":true},{"start":{"line":147,"column":77},"end":{"line":156,"column":9},"skip":true}]},"15":{"line":158,"type":"binary-expr","locations":[{"start":{"line":158,"column":45},"end":{"line":158,"column":79},"skip":true},{"start":{"line":158,"column":83},"end":{"line":167,"column":9},"skip":true}]},"16":{"line":169,"type":"binary-expr","locations":[{"start":{"line":169,"column":43},"end":{"line":169,"column":75},"skip":true},{"start":{"line":169,"column":79},"end":{"line":178,"column":9},"skip":true}]},"17":{"line":180,"type":"binary-expr","locations":[{"start":{"line":180,"column":41},"end":{"line":180,"column":71},"skip":true},{"start":{"line":180,"column":75},"end":{"line":189,"column":9},"skip":true}]}},"code":["/* istanbul instrument in package npmtest_react_router_bootstrap */","/*jslint","    bitwise: true,","    browser: true,","    maxerr: 8,","    maxlen: 96,","    node: true,","    nomen: true,","    regexp: true,","    stupid: true","*/","(function () {","    'use strict';","    var local;","","","","    // run shared js-env code - init-before","    (function () {","        // init local","        local = {};","        // init modeJs","        local.modeJs = (function () {","            try {","                return typeof navigator.userAgent === 'string' &&","                    typeof document.querySelector('body') === 'object' &&","                    typeof XMLHttpRequest.prototype.open === 'function' &&","                    'browser';","            } catch (errorCaughtBrowser) {","                return module.exports &&","                    typeof process.versions.node === 'string' &&","                    typeof require('http').createServer === 'function' &&","                    'node';","            }","        }());","        // init global","        local.global = local.modeJs === 'browser'","            ? window","            : global;","        switch (local.modeJs) {","        // re-init local from window.local","        case 'browser':","            local = local.global.utility2.objectSetDefault(","                local.global.utility2_rollup || local.global.local,","                local.global.utility2","            );","            break;","        // re-init local from example.js","        case 'node':","            local = (local.global.utility2_rollup || require('utility2'))","                .requireReadme();","            break;","        }","        // export local","        local.global.local = local;","    }());","","","","    // run shared js-env code - function","    (function () {","        return;","    }());","    switch (local.modeJs) {","","","","    // run browser js-env code - function","    case 'browser':","        break;","","","","    // run node js-env code - function","    case 'node':","        break;","    }","","","","    // run shared js-env code - init-after","    (function () {","        return;","    }());","    switch (local.modeJs) {","","","","    // run browser js-env code - init-after","    case 'browser':","        local.testCase_browser_nullCase = local.testCase_browser_nullCase || function (","            options,","            onError","        ) {","        /*","         * this function will test browsers's null-case handling-behavior-behavior","         */","            onError(null, options);","        };","","        // run tests","        local.nop(local.modeTest &&","            document.querySelector('#testRunButton1') &&","            document.querySelector('#testRunButton1').click());","        break;","","","","    // run node js-env code - init-after","    /* istanbul ignore next */","    case 'node':","        local.testCase_buildApidoc_default = local.testCase_buildApidoc_default || function (","            options,","            onError","        ) {","        /*","         * this function will test buildApidoc's default handling-behavior-behavior","         */","            options = { modulePathList: module.paths };","            local.buildApidoc(options, onError);","        };","","        local.testCase_buildApp_default = local.testCase_buildApp_default || function (","            options,","            onError","        ) {","        /*","         * this function will test buildApp's default handling-behavior-behavior","         */","            local.testCase_buildReadme_default(options, local.onErrorThrow);","            local.testCase_buildLib_default(options, local.onErrorThrow);","            local.testCase_buildTest_default(options, local.onErrorThrow);","            local.testCase_buildCustomOrg_default(options, local.onErrorThrow);","            options = [];","            local.buildApp(options, onError);","        };","","        local.testCase_buildCustomOrg_default = local.testCase_buildCustomOrg_default ||","            function (options, onError) {","            /*","             * this function will test buildCustomOrg's default handling-behavior","             */","                options = {};","                local.buildCustomOrg(options, onError);","            };","","        local.testCase_buildLib_default = local.testCase_buildLib_default || function (","            options,","            onError","        ) {","        /*","         * this function will test buildLib's default handling-behavior","         */","            options = {};","            local.buildLib(options, onError);","        };","","        local.testCase_buildReadme_default = local.testCase_buildReadme_default || function (","            options,","            onError","        ) {","        /*","         * this function will test buildReadme's default handling-behavior-behavior","         */","            options = {};","            local.buildReadme(options, onError);","        };","","        local.testCase_buildTest_default = local.testCase_buildTest_default || function (","            options,","            onError","        ) {","        /*","         * this function will test buildTest's default handling-behavior","         */","            options = {};","            local.buildTest(options, onError);","        };","","        local.testCase_webpage_default = local.testCase_webpage_default || function (","            options,","            onError","        ) {","        /*","         * this function will test webpage's default handling-behavior","         */","            options = { modeCoverageMerge: true, url: local.serverLocalHost + '?modeTest=1' };","            local.browserTest(options, onError);","        };","","        // run test-server","        local.testRunServer(local);","        break;","    }","}());",""],"l":{"12":2,"14":2,"19":2,"21":2,"23":2,"24":2,"25":2,"30":1,"37":2,"40":2,"43":1,"47":1,"50":1,"52":1,"55":2,"61":2,"62":2,"64":2,"70":1,"76":1,"82":2,"83":2,"85":2,"91":1,"98":1,"102":1,"105":1,"112":1,"119":1,"120":1,"123":1,"130":1,"131":1,"132":1,"133":1,"134":1,"135":1,"138":1,"143":2,"144":2,"147":1,"154":2,"155":2,"158":1,"165":2,"166":2,"169":1,"176":2,"177":2,"180":1,"187":1,"188":1,"192":1,"193":1}},"/home/travis/build/npmtest/node-npmtest-react-router-bootstrap/lib.npmtest_react_router_bootstrap.js":{"path":"/home/travis/build/npmtest/node-npmtest-react-router-bootstrap/lib.npmtest_react_router_bootstrap.js","s":{"1":2,"2":2,"3":2,"4":2,"5":2,"6":2,"7":2,"8":1,"9":2,"10":2,"11":2,"12":2,"13":1,"14":1,"15":1,"16":1},"b":{"1":[2,1,1,1],"2":[1,1,1,1],"3":[1,1],"4":[2,2],"5":[1,1]},"f":{"1":2,"2":2,"3":2},"fnMap":{"1":{"name":"(anonymous_1)","line":12,"loc":{"start":{"line":12,"column":1},"end":{"line":12,"column":13}}},"2":{"name":"(anonymous_2)","line":19,"loc":{"start":{"line":19,"column":5},"end":{"line":19,"column":17}}},"3":{"name":"(anonymous_3)","line":23,"loc":{"start":{"line":23,"column":24},"end":{"line":23,"column":36}}}},"statementMap":{"1":{"start":{"line":12,"column":0},"end":{"line":53,"column":5}},"2":{"start":{"line":14,"column":4},"end":{"line":14,"column":14}},"3":{"start":{"line":19,"column":4},"end":{"line":52,"column":9}},"4":{"start":{"line":21,"column":8},"end":{"line":21,"column":19}},"5":{"start":{"line":23,"column":8},"end":{"line":35,"column":13}},"6":{"start":{"line":24,"column":12},"end":{"line":34,"column":13}},"7":{"start":{"line":25,"column":16},"end":{"line":28,"column":30}},"8":{"start":{"line":30,"column":16},"end":{"line":33,"column":27}},"9":{"start":{"line":37,"column":8},"end":{"line":39,"column":21}},"10":{"start":{"line":41,"column":8},"end":{"line":41,"column":54}},"11":{"start":{"line":43,"column":8},"end":{"line":43,"column":67}},"12":{"start":{"line":45,"column":8},"end":{"line":51,"column":9}},"13":{"start":{"line":46,"column":12},"end":{"line":46,"column":73}},"14":{"start":{"line":48,"column":12},"end":{"line":48,"column":35}},"15":{"start":{"line":49,"column":12},"end":{"line":49,"column":49}},"16":{"start":{"line":50,"column":12},"end":{"line":50,"column":43}}},"branchMap":{"1":{"line":25,"type":"binary-expr","locations":[{"start":{"line":25,"column":23},"end":{"line":25,"column":62}},{"start":{"line":26,"column":20},"end":{"line":26,"column":70}},{"start":{"line":27,"column":20},"end":{"line":27,"column":71}},{"start":{"line":28,"column":20},"end":{"line":28,"column":29}}]},"2":{"line":30,"type":"binary-expr","locations":[{"start":{"line":30,"column":23},"end":{"line":30,"column":37}},{"start":{"line":31,"column":20},"end":{"line":31,"column":61}},{"start":{"line":32,"column":20},"end":{"line":32,"column":70}},{"start":{"line":33,"column":20},"end":{"line":33,"column":26}}]},"3":{"line":37,"type":"cond-expr","locations":[{"start":{"line":38,"column":14},"end":{"line":38,"column":20}},{"start":{"line":39,"column":14},"end":{"line":39,"column":20}}]},"4":{"line":41,"type":"binary-expr","locations":[{"start":{"line":41,"column":16},"end":{"line":41,"column":44}},{"start":{"line":41,"column":48},"end":{"line":41,"column":53}}]},"5":{"line":45,"type":"if","locations":[{"start":{"line":45,"column":8},"end":{"line":45,"column":8}},{"start":{"line":45,"column":8},"end":{"line":45,"column":8}}]}},"code":["/* istanbul instrument in package npmtest_react_router_bootstrap */","/*jslint","    bitwise: true,","    browser: true,","    maxerr: 8,","    maxlen: 96,","    node: true,","    nomen: true,","    regexp: true,","    stupid: true","*/","(function () {","    'use strict';","    var local;","","","","    // run shared js-env code - init-before","    (function () {","        // init local","        local = {};","        // init modeJs","        local.modeJs = (function () {","            try {","                return typeof navigator.userAgent === 'string' &&","                    typeof document.querySelector('body') === 'object' &&","                    typeof XMLHttpRequest.prototype.open === 'function' &&","                    'browser';","            } catch (errorCaughtBrowser) {","                return module.exports &&","                    typeof process.versions.node === 'string' &&","                    typeof require('http').createServer === 'function' &&","                    'node';","            }","        }());","        // init global","        local.global = local.modeJs === 'browser'","            ? window","            : global;","        // init utility2_rollup","        local = local.global.utility2_rollup || local;","        // init lib","        local.local = local.npmtest_react_router_bootstrap = local;","        // init exports","        if (local.modeJs === 'browser') {","            local.global.utility2_npmtest_react_router_bootstrap = local;","        } else {","            module.exports = local;","            module.exports.__dirname = __dirname;","            module.exports.module = module;","        }","    }());","}());",""],"l":{"12":2,"14":2,"19":2,"21":2,"23":2,"24":2,"25":2,"30":1,"37":2,"41":2,"43":2,"45":2,"46":1,"48":1,"49":1,"50":1}},"/home/travis/build/npmtest/node-npmtest-react-router-bootstrap/example.js":{"path":"/home/travis/build/npmtest/node-npmtest-react-router-bootstrap/example.js","s":{"1":2,"2":2,"3":2,"4":2,"5":2,"6":2,"7":2,"8":1,"9":2,"10":2,"11":2,"12":2,"13":1,"14":2,"15":2,"16":2,"17":2,"18":2,"19":0,"20":2,"21":1,"22":1,"23":1,"24":1,"25":1,"26":0,"27":0,"28":1,"29":1,"30":2,"31":0,"32":0,"33":0,"34":1,"35":2,"36":2,"37":3,"38":3,"39":3,"40":3,"41":0,"42":3,"43":3,"44":3,"45":1,"46":3,"47":1,"48":1,"49":1,"50":1,"51":1,"52":1,"53":1,"54":1,"55":1,"56":1,"57":0,"58":1,"59":6,"60":6,"61":1,"62":2,"63":0,"64":2,"65":1,"66":1,"67":0,"68":0,"69":0,"70":0,"71":0,"72":0,"73":0,"74":0,"75":0,"76":0,"77":0,"78":0,"79":0,"80":0,"81":0,"82":0,"83":0},"b":{"1":[2,1,1,1],"2":[1,1,1,1],"3":[1,1],"4":[2,2],"5":[1,1],"6":[1,1],"7":[2,0],"8":[2,1,1,1,1,1],"9":[0,2,0],"10":[1,1],"11":[2,1,1],"12":[1,0],"13":[0,2],"14":[2,0,0,0,0,0,0],"15":[0,3],"16":[3,0],"17":[1,1],"18":[0,1],"19":[1,2,0,2],"20":[1,0],"21":[1,1],"22":[0,0],"23":[0,0],"24":[0,0],"25":[0,0],"26":[0,0],"27":[0,0],"28":[0,0]},"f":{"1":2,"2":2,"3":2,"4":2,"5":2,"6":2,"7":3,"8":3,"9":3,"10":1,"11":6,"12":0},"fnMap":{"1":{"name":"(anonymous_1)","line":26,"loc":{"start":{"line":26,"column":1},"end":{"line":26,"column":13}}},"2":{"name":"(anonymous_2)","line":33,"loc":{"start":{"line":33,"column":5},"end":{"line":33,"column":17}}},"3":{"name":"(anonymous_3)","line":37,"loc":{"start":{"line":37,"column":24},"end":{"line":37,"column":36}}},"4":{"name":"(anonymous_4)","line":69,"loc":{"start":{"line":69,"column":31},"end":{"line":69,"column":48}},"skip":true},"5":{"name":"(anonymous_5)","line":78,"loc":{"start":{"line":78,"column":26},"end":{"line":78,"column":45}},"skip":true},"6":{"name":"(anonymous_6)","line":123,"loc":{"start":{"line":123,"column":33},"end":{"line":123,"column":48}},"skip":true},"7":{"name":"(anonymous_7)","line":125,"loc":{"start":{"line":125,"column":27},"end":{"line":125,"column":39}},"skip":true},"8":{"name":"(anonymous_8)","line":133,"loc":{"start":{"line":133,"column":59},"end":{"line":133,"column":74}},"skip":true},"9":{"name":"(anonymous_9)","line":143,"loc":{"start":{"line":143,"column":45},"end":{"line":143,"column":62}},"skip":true},"10":{"name":"(anonymous_10)","line":144,"loc":{"start":{"line":144,"column":73},"end":{"line":144,"column":92}},"skip":true},"11":{"name":"(anonymous_11)","line":272,"loc":{"start":{"line":272,"column":51},"end":{"line":272,"column":77}},"skip":true},"12":{"name":"(anonymous_12)","line":315,"loc":{"start":{"line":315,"column":32},"end":{"line":315,"column":61}},"skip":true}},"statementMap":{"1":{"start":{"line":26,"column":0},"end":{"line":326,"column":5}},"2":{"start":{"line":28,"column":4},"end":{"line":28,"column":14}},"3":{"start":{"line":33,"column":4},"end":{"line":60,"column":9}},"4":{"start":{"line":35,"column":8},"end":{"line":35,"column":19}},"5":{"start":{"line":37,"column":8},"end":{"line":49,"column":13}},"6":{"start":{"line":38,"column":12},"end":{"line":48,"column":13}},"7":{"start":{"line":39,"column":16},"end":{"line":42,"column":30}},"8":{"start":{"line":44,"column":16},"end":{"line":47,"column":27}},"9":{"start":{"line":51,"column":8},"end":{"line":53,"column":21}},"10":{"start":{"line":55,"column":8},"end":{"line":57,"column":45}},"11":{"start":{"line":59,"column":8},"end":{"line":59,"column":35}},"12":{"start":{"line":61,"column":4},"end":{"line":325,"column":5}},"13":{"start":{"line":69,"column":8},"end":{"line":121,"column":10},"skip":true},"14":{"start":{"line":70,"column":12},"end":{"line":88,"column":13},"skip":true},"15":{"start":{"line":76,"column":16},"end":{"line":87,"column":19},"skip":true},"16":{"start":{"line":79,"column":20},"end":{"line":86,"column":21},"skip":true},"17":{"start":{"line":82,"column":24},"end":{"line":82,"column":43},"skip":true},"18":{"start":{"line":83,"column":24},"end":{"line":83,"column":30},"skip":true},"19":{"start":{"line":85,"column":24},"end":{"line":85,"column":49},"skip":true},"20":{"start":{"line":89,"column":12},"end":{"line":107,"column":13},"skip":true},"21":{"start":{"line":92,"column":16},"end":{"line":102,"column":17},"skip":true},"22":{"start":{"line":93,"column":20},"end":{"line":93,"column":86},"skip":true},"23":{"start":{"line":94,"column":20},"end":{"line":95,"column":45},"skip":true},"24":{"start":{"line":96,"column":20},"end":{"line":96,"column":42},"skip":true},"25":{"start":{"line":97,"column":20},"end":{"line":97,"column":48},"skip":true},"26":{"start":{"line":100,"column":20},"end":{"line":100,"column":85},"skip":true},"27":{"start":{"line":101,"column":20},"end":{"line":101,"column":96},"skip":true},"28":{"start":{"line":103,"column":16},"end":{"line":103,"column":22},"skip":true},"29":{"start":{"line":106,"column":16},"end":{"line":106,"column":22},"skip":true},"30":{"start":{"line":108,"column":12},"end":{"line":120,"column":13},"skip":true},"31":{"start":{"line":114,"column":16},"end":{"line":119,"column":17},"skip":true},"32":{"start":{"line":116,"column":20},"end":{"line":116,"column":78},"skip":true},"33":{"start":{"line":118,"column":20},"end":{"line":118,"column":47},"skip":true},"34":{"start":{"line":123,"column":8},"end":{"line":141,"column":11},"skip":true},"35":{"start":{"line":124,"column":12},"end":{"line":124,"column":54},"skip":true},"36":{"start":{"line":125,"column":12},"end":{"line":140,"column":14},"skip":true},"37":{"start":{"line":126,"column":16},"end":{"line":126,"column":28},"skip":true},"38":{"start":{"line":127,"column":16},"end":{"line":127,"column":69},"skip":true},"39":{"start":{"line":128,"column":16},"end":{"line":128,"column":75},"skip":true},"40":{"start":{"line":129,"column":16},"end":{"line":131,"column":17},"skip":true},"41":{"start":{"line":130,"column":20},"end":{"line":130,"column":27},"skip":true},"42":{"start":{"line":133,"column":16},"end":{"line":137,"column":36},"skip":true},"43":{"start":{"line":134,"column":20},"end":{"line":136,"column":55},"skip":true},"44":{"start":{"line":139,"column":16},"end":{"line":139,"column":57},"skip":true},"45":{"start":{"line":143,"column":8},"end":{"line":147,"column":11},"skip":true},"46":{"start":{"line":144,"column":12},"end":{"line":146,"column":15},"skip":true},"47":{"start":{"line":145,"column":16},"end":{"line":145,"column":70},"skip":true},"48":{"start":{"line":149,"column":8},"end":{"line":149,"column":31},"skip":true},"49":{"start":{"line":150,"column":8},"end":{"line":150,"column":14},"skip":true},"50":{"start":{"line":158,"column":8},"end":{"line":158,"column":31},"skip":true},"51":{"start":{"line":160,"column":8},"end":{"line":160,"column":33},"skip":true},"52":{"start":{"line":161,"column":8},"end":{"line":161,"column":37},"skip":true},"53":{"start":{"line":162,"column":8},"end":{"line":162,"column":35},"skip":true},"54":{"start":{"line":164,"column":8},"end":{"line":164,"column":50},"skip":true},"55":{"start":{"line":166,"column":8},"end":{"line":256,"column":2},"skip":true},"56":{"start":{"line":258,"column":8},"end":{"line":286,"column":9},"skip":true},"57":{"start":{"line":259,"column":12},"end":{"line":269,"column":14},"skip":true},"58":{"start":{"line":271,"column":12},"end":{"line":285,"column":19},"skip":true},"59":{"start":{"line":274,"column":20},"end":{"line":274,"column":35},"skip":true},"60":{"start":{"line":275,"column":20},"end":{"line":284,"column":21},"skip":true},"61":{"start":{"line":277,"column":24},"end":{"line":277,"column":64},"skip":true},"62":{"start":{"line":279,"column":24},"end":{"line":279,"column":40},"skip":true},"63":{"start":{"line":281,"column":24},"end":{"line":281,"column":40},"skip":true},"64":{"start":{"line":283,"column":24},"end":{"line":283,"column":39},"skip":true},"65":{"start":{"line":288,"column":8},"end":{"line":290,"column":9},"skip":true},"66":{"start":{"line":289,"column":12},"end":{"line":289,"column":18},"skip":true},"67":{"start":{"line":291,"column":8},"end":{"line":293,"column":54},"skip":true},"68":{"start":{"line":296,"column":8},"end":{"line":301,"column":37},"skip":true},"69":{"start":{"line":303,"column":8},"end":{"line":303,"column":82},"skip":true},"70":{"start":{"line":306,"column":8},"end":{"line":308,"column":9},"skip":true},"71":{"start":{"line":307,"column":12},"end":{"line":307,"column":82},"skip":true},"72":{"start":{"line":310,"column":8},"end":{"line":312,"column":9},"skip":true},"73":{"start":{"line":311,"column":12},"end":{"line":311,"column":18},"skip":true},"74":{"start":{"line":313,"column":8},"end":{"line":313,"column":54},"skip":true},"75":{"start":{"line":314,"column":8},"end":{"line":314,"column":69},"skip":true},"76":{"start":{"line":315,"column":8},"end":{"line":323,"column":36},"skip":true},"77":{"start":{"line":316,"column":12},"end":{"line":316,"column":61},"skip":true},"78":{"start":{"line":317,"column":12},"end":{"line":320,"column":13},"skip":true},"79":{"start":{"line":318,"column":16},"end":{"line":318,"column":75},"skip":true},"80":{"start":{"line":319,"column":16},"end":{"line":319,"column":23},"skip":true},"81":{"start":{"line":321,"column":12},"end":{"line":321,"column":38},"skip":true},"82":{"start":{"line":322,"column":12},"end":{"line":322,"column":27},"skip":true},"83":{"start":{"line":324,"column":8},"end":{"line":324,"column":14},"skip":true}},"branchMap":{"1":{"line":39,"type":"binary-expr","locations":[{"start":{"line":39,"column":23},"end":{"line":39,"column":62}},{"start":{"line":40,"column":20},"end":{"line":40,"column":70}},{"start":{"line":41,"column":20},"end":{"line":41,"column":71}},{"start":{"line":42,"column":20},"end":{"line":42,"column":29}}]},"2":{"line":44,"type":"binary-expr","locations":[{"start":{"line":44,"column":23},"end":{"line":44,"column":37}},{"start":{"line":45,"column":20},"end":{"line":45,"column":61}},{"start":{"line":46,"column":20},"end":{"line":46,"column":70}},{"start":{"line":47,"column":20},"end":{"line":47,"column":26}}]},"3":{"line":51,"type":"cond-expr","locations":[{"start":{"line":52,"column":14},"end":{"line":52,"column":20}},{"start":{"line":53,"column":14},"end":{"line":53,"column":20}}]},"4":{"line":55,"type":"binary-expr","locations":[{"start":{"line":55,"column":16},"end":{"line":55,"column":44}},{"start":{"line":55,"column":49},"end":{"line":57,"column":43}}]},"5":{"line":55,"type":"cond-expr","locations":[{"start":{"line":56,"column":14},"end":{"line":56,"column":66}},{"start":{"line":57,"column":14},"end":{"line":57,"column":43}}]},"6":{"line":61,"type":"switch","locations":[{"start":{"line":68,"column":4},"end":{"line":150,"column":14},"skip":true},{"start":{"line":156,"column":4},"end":{"line":324,"column":14},"skip":true}]},"7":{"line":70,"type":"if","locations":[{"start":{"line":70,"column":12},"end":{"line":70,"column":12},"skip":true},{"start":{"line":70,"column":12},"end":{"line":70,"column":12},"skip":true}]},"8":{"line":70,"type":"binary-expr","locations":[{"start":{"line":70,"column":16},"end":{"line":70,"column":22},"skip":true},{"start":{"line":70,"column":27},"end":{"line":70,"column":32},"skip":true},{"start":{"line":71,"column":20},"end":{"line":71,"column":39},"skip":true},{"start":{"line":72,"column":20},"end":{"line":72,"column":49},"skip":true},{"start":{"line":73,"column":20},"end":{"line":73,"column":58},"skip":true},{"start":{"line":74,"column":20},"end":{"line":74,"column":69},"skip":true}]},"9":{"line":79,"type":"switch","locations":[{"start":{"line":80,"column":20},"end":{"line":80,"column":33},"skip":true},{"start":{"line":81,"column":20},"end":{"line":83,"column":30},"skip":true},{"start":{"line":84,"column":20},"end":{"line":85,"column":49},"skip":true}]},"10":{"line":89,"type":"switch","locations":[{"start":{"line":90,"column":12},"end":{"line":103,"column":22},"skip":true},{"start":{"line":105,"column":12},"end":{"line":106,"column":22},"skip":true}]},"11":{"line":89,"type":"binary-expr","locations":[{"start":{"line":89,"column":20},"end":{"line":89,"column":25},"skip":true},{"start":{"line":89,"column":29},"end":{"line":89,"column":48},"skip":true},{"start":{"line":89,"column":52},"end":{"line":89,"column":74},"skip":true}]},"12":{"line":92,"type":"if","locations":[{"start":{"line":92,"column":16},"end":{"line":92,"column":16},"skip":true},{"start":{"line":92,"column":16},"end":{"line":92,"column":16},"skip":true}]},"13":{"line":108,"type":"if","locations":[{"start":{"line":108,"column":12},"end":{"line":108,"column":12},"skip":true},{"start":{"line":108,"column":12},"end":{"line":108,"column":12},"skip":true}]},"14":{"line":108,"type":"binary-expr","locations":[{"start":{"line":108,"column":16},"end":{"line":108,"column":61},"skip":true},{"start":{"line":108,"column":66},"end":{"line":108,"column":72},"skip":true},{"start":{"line":108,"column":77},"end":{"line":108,"column":82},"skip":true},{"start":{"line":109,"column":20},"end":{"line":109,"column":39},"skip":true},{"start":{"line":110,"column":20},"end":{"line":110,"column":49},"skip":true},{"start":{"line":111,"column":20},"end":{"line":111,"column":58},"skip":true},{"start":{"line":112,"column":20},"end":{"line":112,"column":68},"skip":true}]},"15":{"line":129,"type":"if","locations":[{"start":{"line":129,"column":16},"end":{"line":129,"column":16},"skip":true},{"start":{"line":129,"column":16},"end":{"line":129,"column":16},"skip":true}]},"16":{"line":134,"type":"cond-expr","locations":[{"start":{"line":135,"column":26},"end":{"line":135,"column":29},"skip":true},{"start":{"line":136,"column":26},"end":{"line":136,"column":54},"skip":true}]},"17":{"line":164,"type":"binary-expr","locations":[{"start":{"line":164,"column":27},"end":{"line":164,"column":43},"skip":true},{"start":{"line":164,"column":47},"end":{"line":164,"column":49},"skip":true}]},"18":{"line":258,"type":"if","locations":[{"start":{"line":258,"column":8},"end":{"line":258,"column":8},"skip":true},{"start":{"line":258,"column":8},"end":{"line":258,"column":8},"skip":true}]},"19":{"line":275,"type":"switch","locations":[{"start":{"line":276,"column":20},"end":{"line":277,"column":64},"skip":true},{"start":{"line":278,"column":20},"end":{"line":279,"column":40},"skip":true},{"start":{"line":280,"column":20},"end":{"line":281,"column":40},"skip":true},{"start":{"line":282,"column":20},"end":{"line":283,"column":39},"skip":true}]},"20":{"line":288,"type":"if","locations":[{"start":{"line":288,"column":8},"end":{"line":288,"column":8},"skip":true},{"start":{"line":288,"column":8},"end":{"line":288,"column":8},"skip":true}]},"21":{"line":288,"type":"binary-expr","locations":[{"start":{"line":288,"column":12},"end":{"line":288,"column":40},"skip":true},{"start":{"line":288,"column":44},"end":{"line":288,"column":67},"skip":true}]},"22":{"line":292,"type":"binary-expr","locations":[{"start":{"line":292,"column":12},"end":{"line":292,"column":50},"skip":true},{"start":{"line":293,"column":12},"end":{"line":293,"column":53},"skip":true}]},"23":{"line":297,"type":"binary-expr","locations":[{"start":{"line":297,"column":12},"end":{"line":297,"column":80},"skip":true},{"start":{"line":298,"column":12},"end":{"line":301,"column":36},"skip":true}]},"24":{"line":303,"type":"binary-expr","locations":[{"start":{"line":303,"column":43},"end":{"line":303,"column":75},"skip":true},{"start":{"line":303,"column":79},"end":{"line":303,"column":81},"skip":true}]},"25":{"line":306,"type":"if","locations":[{"start":{"line":306,"column":8},"end":{"line":306,"column":8},"skip":true},{"start":{"line":306,"column":8},"end":{"line":306,"column":8},"skip":true}]},"26":{"line":310,"type":"if","locations":[{"start":{"line":310,"column":8},"end":{"line":310,"column":8},"skip":true},{"start":{"line":310,"column":8},"end":{"line":310,"column":8},"skip":true}]},"27":{"line":313,"type":"binary-expr","locations":[{"start":{"line":313,"column":27},"end":{"line":313,"column":43},"skip":true},{"start":{"line":313,"column":47},"end":{"line":313,"column":53},"skip":true}]},"28":{"line":317,"type":"if","locations":[{"start":{"line":317,"column":12},"end":{"line":317,"column":12},"skip":true},{"start":{"line":317,"column":12},"end":{"line":317,"column":12},"skip":true}]}},"code":["/*","example.js","","quickstart example","","instruction","    1. save this script as example.js","    2. run the shell command:","        $ npm install npmtest-react-router-bootstrap && PORT=8081 node example.js","    3. play with the browser-demo on http://127.0.0.1:8081","*/","","","","/* istanbul instrument in package npmtest_react_router_bootstrap */","/*jslint","    bitwise: true,","    browser: true,","    maxerr: 8,","    maxlen: 96,","    node: true,","    nomen: true,","    regexp: true,","    stupid: true","*/","(function () {","    'use strict';","    var local;","","","","    // run shared js-env code - init-before","    (function () {","        // init local","        local = {};","        // init modeJs","        local.modeJs = (function () {","            try {","                return typeof navigator.userAgent === 'string' &&","                    typeof document.querySelector('body') === 'object' &&","                    typeof XMLHttpRequest.prototype.open === 'function' &&","                    'browser';","            } catch (errorCaughtBrowser) {","                return module.exports &&","                    typeof process.versions.node === 'string' &&","                    typeof require('http').createServer === 'function' &&","                    'node';","            }","        }());","        // init global","        local.global = local.modeJs === 'browser'","            ? window","            : global;","        // init utility2_rollup","        local = local.global.utility2_rollup || (local.modeJs === 'browser'","            ? local.global.utility2_npmtest_react_router_bootstrap","            : global.utility2_moduleExports);","        // export local","        local.global.local = local;","    }());","    switch (local.modeJs) {","","","","    // init-after","    // run browser js-env code - init-after","    /* istanbul ignore next */","    case 'browser':","        local.testRunBrowser = function (event) {","            if (!event || (event &&","                    event.currentTarget &&","                    event.currentTarget.className &&","                    event.currentTarget.className.includes &&","                    event.currentTarget.className.includes('onreset'))) {","                // reset output","                Array.from(","                    document.querySelectorAll('body > .resettable')","                ).forEach(function (element) {","                    switch (element.tagName) {","                    case 'INPUT':","                    case 'TEXTAREA':","                        element.value = '';","                        break;","                    default:","                        element.textContent = '';","                    }","                });","            }","            switch (event && event.currentTarget && event.currentTarget.id) {","            case 'testRunButton1':","                // show tests","                if (document.querySelector('#testReportDiv1').style.display === 'none') {","                    document.querySelector('#testReportDiv1').style.display = 'block';","                    document.querySelector('#testRunButton1').textContent =","                        'hide internal test';","                    local.modeTest = true;","                    local.testRunDefault(local);","                // hide tests","                } else {","                    document.querySelector('#testReportDiv1').style.display = 'none';","                    document.querySelector('#testRunButton1').textContent = 'run internal test';","                }","                break;","            // custom-case","            default:","                break;","            }","            if (document.querySelector('#inputTextareaEval1') && (!event || (event &&","                    event.currentTarget &&","                    event.currentTarget.className &&","                    event.currentTarget.className.includes &&","                    event.currentTarget.className.includes('oneval')))) {","                // try to eval input-code","                try {","                    /*jslint evil: true*/","                    eval(document.querySelector('#inputTextareaEval1').value);","                } catch (errorCaught) {","                    console.error(errorCaught);","                }","            }","        };","        // log stderr and stdout to #outputTextareaStdout1","        ['error', 'log'].forEach(function (key) {","            console[key + '_original'] = console[key];","            console[key] = function () {","                var element;","                console[key + '_original'].apply(console, arguments);","                element = document.querySelector('#outputTextareaStdout1');","                if (!element) {","                    return;","                }","                // append text to #outputTextareaStdout1","                element.value += Array.from(arguments).map(function (arg) {","                    return typeof arg === 'string'","                        ? arg","                        : JSON.stringify(arg, null, 4);","                }).join(' ') + '\\n';","                // scroll textarea to bottom","                element.scrollTop = element.scrollHeight;","            };","        });","        // init event-handling","        ['change', 'click', 'keyup'].forEach(function (event) {","            Array.from(document.querySelectorAll('.on' + event)).forEach(function (element) {","                element.addEventListener(event, local.testRunBrowser);","            });","        });","        // run tests","        local.testRunBrowser();","        break;","","","","    // run node js-env code - init-after","    /* istanbul ignore next */","    case 'node':","        // export local","        module.exports = local;","        // require modules","        local.fs = require('fs');","        local.http = require('http');","        local.url = require('url');","        // init assets","        local.assetsDict = local.assetsDict || {};","        /* jslint-ignore-begin */","        local.assetsDict['/assets.index.template.html'] = '\\","<!doctype html>\\n\\","<html lang=\"en\">\\n\\","<head>\\n\\","<meta charset=\"UTF-8\">\\n\\","<meta name=\"viewport\" content=\"width=device-width, initial-scale=1\">\\n\\","<title>{{env.npm_package_name}} (v{{env.npm_package_version}})</title>\\n\\","<style>\\n\\","/*csslint\\n\\","    box-sizing: false,\\n\\","    universal-selector: false\\n\\","*/\\n\\","* {\\n\\","    box-sizing: border-box;\\n\\","}\\n\\","body {\\n\\","    background: #dde;\\n\\","    font-family: Arial, Helvetica, sans-serif;\\n\\","    margin: 2rem;\\n\\","}\\n\\","body > * {\\n\\","    margin-bottom: 1rem;\\n\\","}\\n\\",".utility2FooterDiv {\\n\\","    margin-top: 20px;\\n\\","    text-align: center;\\n\\","}\\n\\","</style>\\n\\","<style>\\n\\","/*csslint\\n\\","*/\\n\\","textarea {\\n\\","    font-family: monospace;\\n\\","    height: 10rem;\\n\\","    width: 100%;\\n\\","}\\n\\","textarea[readonly] {\\n\\","    background: #ddd;\\n\\","}\\n\\","</style>\\n\\","</head>\\n\\","<body>\\n\\","<!-- utility2-comment\\n\\","<div id=\"ajaxProgressDiv1\" style=\"background: #d00; height: 2px; left: 0; margin: 0; padding: 0; position: fixed; top: 0; transition: background 0.5s, width 1.5s; width: 25%;\"></div>\\n\\","utility2-comment -->\\n\\","<h1>\\n\\","<!-- utility2-comment\\n\\","    <a\\n\\","        {{#if env.npm_package_homepage}}\\n\\","        href=\"{{env.npm_package_homepage}}\"\\n\\","        {{/if env.npm_package_homepage}}\\n\\","        target=\"_blank\"\\n\\","    >\\n\\","utility2-comment -->\\n\\","        {{env.npm_package_name}} (v{{env.npm_package_version}})\\n\\","<!-- utility2-comment\\n\\","    </a>\\n\\","utility2-comment -->\\n\\","</h1>\\n\\","<h3>{{env.npm_package_description}}</h3>\\n\\","<!-- utility2-comment\\n\\","<h4><a download href=\"assets.app.js\">download standalone app</a></h4>\\n\\","<button class=\"onclick onreset\" id=\"testRunButton1\">run internal test</button><br>\\n\\","<div id=\"testReportDiv1\" style=\"display: none;\"></div>\\n\\","utility2-comment -->\\n\\","\\n\\","\\n\\","\\n\\","<label>stderr and stdout</label>\\n\\","<textarea class=\"resettable\" id=\"outputTextareaStdout1\" readonly></textarea>\\n\\","<!-- utility2-comment\\n\\","{{#if isRollup}}\\n\\","<script src=\"assets.app.js\"></script>\\n\\","{{#unless isRollup}}\\n\\","utility2-comment -->\\n\\","<script src=\"assets.utility2.rollup.js\"></script>\\n\\","<script src=\"jsonp.utility2._stateInit?callback=window.utility2._stateInit\"></script>\\n\\","<script src=\"assets.npmtest_react_router_bootstrap.rollup.js\"></script>\\n\\","<script src=\"assets.example.js\"></script>\\n\\","<script src=\"assets.test.js\"></script>\\n\\","<!-- utility2-comment\\n\\","{{/if isRollup}}\\n\\","utility2-comment -->\\n\\","<div class=\"utility2FooterDiv\">\\n\\","    [ this app was created with\\n\\","    <a href=\"https://github.com/kaizhu256/node-utility2\" target=\"_blank\">utility2</a>\\n\\","    ]\\n\\","</div>\\n\\","</body>\\n\\","</html>\\n\\","';","        /* jslint-ignore-end */","        if (local.templateRender) {","            local.assetsDict['/'] = local.templateRender(","                local.assetsDict['/assets.index.template.html'],","                {","                    env: local.objectSetDefault(local.env, {","                        npm_package_description: 'the greatest app in the world!',","                        npm_package_name: 'my-app',","                        npm_package_nameAlias: 'my_app',","                        npm_package_version: '0.0.1'","                    })","                }","            );","        } else {","            local.assetsDict['/'] = local.assetsDict['/assets.index.template.html']","                .replace((/\\{\\{env\\.(\\w+?)\\}\\}/g), function (match0, match1) {","                    // jslint-hack","                    String(match0);","                    switch (match1) {","                    case 'npm_package_description':","                        return 'the greatest app in the world!';","                    case 'npm_package_name':","                        return 'my-app';","                    case 'npm_package_nameAlias':","                        return 'my_app';","                    case 'npm_package_version':","                        return '0.0.1';","                    }","                });","        }","        // run the cli","        if (local.global.utility2_rollup || module !== require.main) {","            break;","        }","        local.assetsDict['/assets.example.js'] =","            local.assetsDict['/assets.example.js'] ||","            local.fs.readFileSync(__filename, 'utf8');","        // bug-workaround - long $npm_package_buildCustomOrg","        /* jslint-ignore-begin */","        local.assetsDict['/assets.npmtest_react_router_bootstrap.rollup.js'] =","            local.assetsDict['/assets.npmtest_react_router_bootstrap.rollup.js'] ||","            local.fs.readFileSync(","                local.npmtest_react_router_bootstrap.__dirname + '/lib.npmtest_react_router_bootstrap.js',","                'utf8'","            ).replace((/^#!/), '//');","        /* jslint-ignore-end */","        local.assetsDict['/favicon.ico'] = local.assetsDict['/favicon.ico'] || '';","        // if $npm_config_timeout_exit exists,","        // then exit this process after $npm_config_timeout_exit ms","        if (Number(process.env.npm_config_timeout_exit)) {","            setTimeout(process.exit, Number(process.env.npm_config_timeout_exit));","        }","        // start server","        if (local.global.utility2_serverHttp1) {","            break;","        }","        process.env.PORT = process.env.PORT || '8081';","        console.error('server starting on port ' + process.env.PORT);","        local.http.createServer(function (request, response) {","            request.urlParsed = local.url.parse(request.url);","            if (local.assetsDict[request.urlParsed.pathname] !== undefined) {","                response.end(local.assetsDict[request.urlParsed.pathname]);","                return;","            }","            response.statusCode = 404;","            response.end();","        }).listen(process.env.PORT);","        break;","    }","}());",""],"l":{"26":2,"28":2,"33":2,"35":2,"37":2,"38":2,"39":2,"44":1,"51":2,"55":2,"59":2,"61":2,"69":1,"70":2,"76":2,"79":2,"82":2,"83":2,"85":1,"89":2,"92":1,"93":1,"94":1,"96":1,"97":1,"100":1,"101":1,"103":1,"106":1,"108":2,"114":1,"116":1,"118":1,"123":1,"124":2,"125":2,"126":3,"127":3,"128":3,"129":3,"130":1,"133":3,"134":3,"139":3,"143":1,"144":3,"145":1,"149":1,"150":1,"158":1,"160":1,"161":1,"162":1,"164":1,"166":1,"258":1,"259":1,"271":1,"274":6,"275":6,"277":1,"279":2,"281":1,"283":2,"288":1,"289":1,"291":1,"296":1,"303":1,"306":1,"307":1,"310":1,"311":1,"313":1,"314":1,"315":1,"316":1,"317":1,"318":1,"319":1,"321":1,"322":1,"324":1}},"/home/travis/build/npmtest/node-npmtest-react-router-bootstrap/node_modules/react-router-bootstrap/lib/index.js":{"path":"/home/travis/build/npmtest/node-npmtest-react-router-bootstrap/node_modules/react-router-bootstrap/lib/index.js","s":{"1":1,"2":1,"3":1,"4":1,"5":1,"6":1,"7":1,"8":2,"9":1,"10":1},"b":{"1":[0,2],"2":[2,2]},"f":{"1":2},"fnMap":{"1":{"name":"_interopRequireDefault","line":14,"loc":{"start":{"line":14,"column":0},"end":{"line":14,"column":37}}}},"statementMap":{"1":{"start":{"line":3,"column":0},"end":{"line":3,"column":26}},"2":{"start":{"line":4,"column":0},"end":{"line":4,"column":63}},"3":{"start":{"line":6,"column":0},"end":{"line":6,"column":59}},"4":{"start":{"line":8,"column":0},"end":{"line":8,"column":72}},"5":{"start":{"line":10,"column":0},"end":{"line":10,"column":49}},"6":{"start":{"line":12,"column":0},"end":{"line":12,"column":62}},"7":{"start":{"line":14,"column":0},"end":{"line":14,"column":95}},"8":{"start":{"line":14,"column":39},"end":{"line":14,"column":93}},"9":{"start":{"line":16,"column":0},"end":{"line":16,"column":58}},"10":{"start":{"line":17,"column":0},"end":{"line":17,"column":48}}},"branchMap":{"1":{"line":14,"type":"cond-expr","locations":[{"start":{"line":14,"column":70},"end":{"line":14,"column":73}},{"start":{"line":14,"column":76},"end":{"line":14,"column":92}}]},"2":{"line":14,"type":"binary-expr","locations":[{"start":{"line":14,"column":46},"end":{"line":14,"column":49}},{"start":{"line":14,"column":53},"end":{"line":14,"column":67}}]}},"code":["'use strict';","","exports.__esModule = true;","exports.LinkContainer = exports.IndexLinkContainer = undefined;","","var _IndexLinkContainer2 = require('./IndexLinkContainer');","","var _IndexLinkContainer3 = _interopRequireDefault(_IndexLinkContainer2);","","var _LinkContainer2 = require('./LinkContainer');","","var _LinkContainer3 = _interopRequireDefault(_LinkContainer2);","","function _interopRequireDefault(obj) { return obj && obj.__esModule ? obj : { default: obj }; }","","exports.IndexLinkContainer = _IndexLinkContainer3.default;","exports.LinkContainer = _LinkContainer3.default;"],"l":{"3":1,"4":1,"6":1,"8":1,"10":1,"12":1,"14":2,"16":1,"17":1}},"/home/travis/build/npmtest/node-npmtest-react-router-bootstrap/node_modules/react-router-bootstrap/lib/IndexLinkContainer.js":{"path":"/home/travis/build/npmtest/node-npmtest-react-router-bootstrap/node_modules/react-router-bootstrap/lib/IndexLinkContainer.js","s":{"1":1,"2":1,"3":0,"4":0,"5":0,"6":0,"7":0,"8":0,"9":1,"10":1,"11":1,"12":1,"13":1,"14":2,"15":1,"16":0,"17":0,"18":1,"19":0,"20":0,"21":0,"22":1,"23":1,"24":0,"25":1,"26":1,"27":1,"28":1,"29":1,"30":1,"31":0,"32":0,"33":1,"34":0,"35":1,"36":1,"37":1},"b":{"1":[1,0],"2":[0,0],"3":[0,2],"4":[2,2],"5":[0,0],"6":[0,0],"7":[0,0],"8":[0,0,0],"9":[0,1],"10":[1,0],"11":[1,1],"12":[1,0],"13":[1,0]},"f":{"1":0,"2":2,"3":0,"4":0,"5":1,"6":1,"7":0,"8":0},"fnMap":{"1":{"name":"(anonymous_1)","line":5,"loc":{"start":{"line":5,"column":32},"end":{"line":5,"column":50}}},"2":{"name":"_interopRequireDefault","line":15,"loc":{"start":{"line":15,"column":0},"end":{"line":15,"column":37}}},"3":{"name":"_classCallCheck","line":17,"loc":{"start":{"line":17,"column":0},"end":{"line":17,"column":48}}},"4":{"name":"_possibleConstructorReturn","line":19,"loc":{"start":{"line":19,"column":0},"end":{"line":19,"column":48}}},"5":{"name":"_inherits","line":21,"loc":{"start":{"line":21,"column":0},"end":{"line":21,"column":41}}},"6":{"name":"(anonymous_6)","line":25,"loc":{"start":{"line":25,"column":25},"end":{"line":25,"column":53}}},"7":{"name":"IndexLinkContainer","line":28,"loc":{"start":{"line":28,"column":2},"end":{"line":28,"column":32}}},"8":{"name":"render","line":34,"loc":{"start":{"line":34,"column":40},"end":{"line":34,"column":58}}}},"statementMap":{"1":{"start":{"line":3,"column":0},"end":{"line":3,"column":26}},"2":{"start":{"line":5,"column":0},"end":{"line":5,"column":257}},"3":{"start":{"line":5,"column":52},"end":{"line":5,"column":239}},"4":{"start":{"line":5,"column":97},"end":{"line":5,"column":123}},"5":{"start":{"line":5,"column":124},"end":{"line":5,"column":237}},"6":{"start":{"line":5,"column":150},"end":{"line":5,"column":235}},"7":{"start":{"line":5,"column":207},"end":{"line":5,"column":233}},"8":{"start":{"line":5,"column":240},"end":{"line":5,"column":254}},"9":{"start":{"line":7,"column":0},"end":{"line":7,"column":30}},"10":{"start":{"line":9,"column":0},"end":{"line":9,"column":45}},"11":{"start":{"line":11,"column":0},"end":{"line":11,"column":48}},"12":{"start":{"line":13,"column":0},"end":{"line":13,"column":61}},"13":{"start":{"line":15,"column":0},"end":{"line":15,"column":95}},"14":{"start":{"line":15,"column":39},"end":{"line":15,"column":93}},"15":{"start":{"line":17,"column":0},"end":{"line":17,"column":153}},"16":{"start":{"line":17,"column":50},"end":{"line":17,"column":151}},"17":{"start":{"line":17,"column":92},"end":{"line":17,"column":149}},"18":{"start":{"line":19,"column":0},"end":{"line":19,"column":240}},"19":{"start":{"line":19,"column":50},"end":{"line":19,"column":151}},"20":{"start":{"line":19,"column":63},"end":{"line":19,"column":149}},"21":{"start":{"line":19,"column":152},"end":{"line":19,"column":238}},"22":{"start":{"line":21,"column":0},"end":{"line":21,"column":494}},"23":{"start":{"line":21,"column":43},"end":{"line":21,"column":208}},"24":{"start":{"line":21,"column":106},"end":{"line":21,"column":206}},"25":{"start":{"line":21,"column":209},"end":{"line":21,"column":373}},"26":{"start":{"line":21,"column":374},"end":{"line":21,"column":492}},"27":{"start":{"line":21,"column":390},"end":{"line":21,"column":492}},"28":{"start":{"line":25,"column":0},"end":{"line":39,"column":29}},"29":{"start":{"line":26,"column":2},"end":{"line":26,"column":50}},"30":{"start":{"line":28,"column":2},"end":{"line":32,"column":3}},"31":{"start":{"line":29,"column":4},"end":{"line":29,"column":46}},"32":{"start":{"line":31,"column":4},"end":{"line":31,"column":85}},"33":{"start":{"line":34,"column":2},"end":{"line":36,"column":4}},"34":{"start":{"line":35,"column":4},"end":{"line":35,"column":109}},"35":{"start":{"line":38,"column":2},"end":{"line":38,"column":28}},"36":{"start":{"line":43,"column":0},"end":{"line":43,"column":37}},"37":{"start":{"line":44,"column":0},"end":{"line":44,"column":36}}},"branchMap":{"1":{"line":5,"type":"binary-expr","locations":[{"start":{"line":5,"column":15},"end":{"line":5,"column":28}},{"start":{"line":5,"column":32},"end":{"line":5,"column":256}}]},"2":{"line":5,"type":"if","locations":[{"start":{"line":5,"column":150},"end":{"line":5,"column":150}},{"start":{"line":5,"column":150},"end":{"line":5,"column":150}}]},"3":{"line":15,"type":"cond-expr","locations":[{"start":{"line":15,"column":70},"end":{"line":15,"column":73}},{"start":{"line":15,"column":76},"end":{"line":15,"column":92}}]},"4":{"line":15,"type":"binary-expr","locations":[{"start":{"line":15,"column":46},"end":{"line":15,"column":49}},{"start":{"line":15,"column":53},"end":{"line":15,"column":67}}]},"5":{"line":17,"type":"if","locations":[{"start":{"line":17,"column":50},"end":{"line":17,"column":50}},{"start":{"line":17,"column":50},"end":{"line":17,"column":50}}]},"6":{"line":19,"type":"if","locations":[{"start":{"line":19,"column":50},"end":{"line":19,"column":50}},{"start":{"line":19,"column":50},"end":{"line":19,"column":50}}]},"7":{"line":19,"type":"cond-expr","locations":[{"start":{"line":19,"column":226},"end":{"line":19,"column":230}},{"start":{"line":19,"column":233},"end":{"line":19,"column":237}}]},"8":{"line":19,"type":"binary-expr","locations":[{"start":{"line":19,"column":159},"end":{"line":19,"column":163}},{"start":{"line":19,"column":168},"end":{"line":19,"column":192}},{"start":{"line":19,"column":196},"end":{"line":19,"column":222}}]},"9":{"line":21,"type":"if","locations":[{"start":{"line":21,"column":43},"end":{"line":21,"column":43}},{"start":{"line":21,"column":43},"end":{"line":21,"column":43}}]},"10":{"line":21,"type":"binary-expr","locations":[{"start":{"line":21,"column":47},"end":{"line":21,"column":79}},{"start":{"line":21,"column":83},"end":{"line":21,"column":102}}]},"11":{"line":21,"type":"binary-expr","locations":[{"start":{"line":21,"column":244},"end":{"line":21,"column":254}},{"start":{"line":21,"column":258},"end":{"line":21,"column":278}}]},"12":{"line":21,"type":"if","locations":[{"start":{"line":21,"column":374},"end":{"line":21,"column":374}},{"start":{"line":21,"column":374},"end":{"line":21,"column":374}}]},"13":{"line":21,"type":"cond-expr","locations":[{"start":{"line":21,"column":414},"end":{"line":21,"column":457}},{"start":{"line":21,"column":460},"end":{"line":21,"column":491}}]}},"code":["'use strict';","","exports.__esModule = true;","","var _extends = Object.assign || function (target) { for (var i = 1; i < arguments.length; i++) { var source = arguments[i]; for (var key in source) { if (Object.prototype.hasOwnProperty.call(source, key)) { target[key] = source[key]; } } } return target; };","","var _react = require('react');","","var _react2 = _interopRequireDefault(_react);","","var _LinkContainer = require('./LinkContainer');","","var _LinkContainer2 = _interopRequireDefault(_LinkContainer);","","function _interopRequireDefault(obj) { return obj && obj.__esModule ? obj : { default: obj }; }","","function _classCallCheck(instance, Constructor) { if (!(instance instanceof Constructor)) { throw new TypeError(\"Cannot call a class as a function\"); } }","","function _possibleConstructorReturn(self, call) { if (!self) { throw new ReferenceError(\"this hasn't been initialised - super() hasn't been called\"); } return call && (typeof call === \"object\" || typeof call === \"function\") ? call : self; }","","function _inherits(subClass, superClass) { if (typeof superClass !== \"function\" && superClass !== null) { throw new TypeError(\"Super expression must either be null or a function, not \" + typeof superClass); } subClass.prototype = Object.create(superClass && superClass.prototype, { constructor: { value: subClass, enumerable: false, writable: true, configurable: true } }); if (superClass) Object.setPrototypeOf ? Object.setPrototypeOf(subClass, superClass) : subClass.__proto__ = superClass; }","","// Don't use a stateless function, to allow users to set a ref.","/* eslint-disable react/prefer-stateless-function */","var IndexLinkContainer = function (_React$Component) {","  _inherits(IndexLinkContainer, _React$Component);","","  function IndexLinkContainer() {","    _classCallCheck(this, IndexLinkContainer);","","    return _possibleConstructorReturn(this, _React$Component.apply(this, arguments));","  }","","  IndexLinkContainer.prototype.render = function render() {","    return _react2.default.createElement(_LinkContainer2.default, _extends({}, this.props, { exact: true }));","  };","","  return IndexLinkContainer;","}(_react2.default.Component);","/* eslint-enable react/prefer-stateless-function */","","","exports.default = IndexLinkContainer;","module.exports = exports['default'];"],"l":{"3":1,"5":1,"7":1,"9":1,"11":1,"13":1,"15":2,"17":1,"19":1,"21":1,"25":1,"26":1,"28":1,"29":0,"31":0,"34":1,"35":0,"38":1,"43":1,"44":1}},"/home/travis/build/npmtest/node-npmtest-react-router-bootstrap/node_modules/react-router-bootstrap/lib/LinkContainer.js":{"path":"/home/travis/build/npmtest/node-npmtest-react-router-bootstrap/node_modules/react-router-bootstrap/lib/LinkContainer.js","s":{"1":1,"2":1,"3":0,"4":0,"5":0,"6":0,"7":0,"8":0,"9":1,"10":0,"11":0,"12":1,"13":1,"14":1,"15":1,"16":1,"17":1,"18":2,"19":1,"20":0,"21":0,"22":0,"23":0,"24":0,"25":0,"26":0,"27":0,"28":1,"29":0,"30":0,"31":1,"32":0,"33":0,"34":0,"35":1,"36":1,"37":0,"38":1,"39":1,"40":1,"41":1,"42":0,"43":1,"44":1,"45":1,"46":0,"47":0,"48":0,"49":0,"50":0,"51":0,"52":0,"53":0,"54":0,"55":0,"56":0,"57":0,"58":0,"59":0,"60":0,"61":0,"62":0,"63":1,"64":0,"65":0,"66":0,"67":0,"68":0,"69":0,"70":0,"71":1,"72":1,"73":1,"74":1,"75":1,"76":1},"b":{"1":[1,0],"2":[0,0],"3":[1,0],"4":[1,1],"5":[0,0],"6":[0,0,0,0],"7":[0,2],"8":[2,2],"9":[0,0],"10":[0,0],"11":[0,0],"12":[0,0],"13":[0,0],"14":[0,0,0],"15":[0,1],"16":[1,0],"17":[1,1],"18":[1,0],"19":[1,0],"20":[0,0,0,0],"21":[0,0],"22":[0,0],"23":[0,0],"24":[0,0,0],"25":[0,0],"26":[0,0],"27":[0,0],"28":[0,0],"29":[0,0],"30":[0,0],"31":[0,0]},"f":{"1":0,"2":0,"3":0,"4":2,"5":0,"6":0,"7":0,"8":1,"9":0,"10":1,"11":0,"12":0,"13":0,"14":0},"fnMap":{"1":{"name":"(anonymous_1)","line":5,"loc":{"start":{"line":5,"column":32},"end":{"line":5,"column":50}}},"2":{"name":"(anonymous_2)","line":7,"loc":{"start":{"line":7,"column":84},"end":{"line":7,"column":99}}},"3":{"name":"(anonymous_3)","line":7,"loc":{"start":{"line":7,"column":124},"end":{"line":7,"column":139}}},"4":{"name":"_interopRequireDefault","line":19,"loc":{"start":{"line":19,"column":0},"end":{"line":19,"column":37}}},"5":{"name":"_objectWithoutProperties","line":21,"loc":{"start":{"line":21,"column":0},"end":{"line":21,"column":45}}},"6":{"name":"_classCallCheck","line":23,"loc":{"start":{"line":23,"column":0},"end":{"line":23,"column":48}}},"7":{"name":"_possibleConstructorReturn","line":25,"loc":{"start":{"line":25,"column":0},"end":{"line":25,"column":48}}},"8":{"name":"_inherits","line":27,"loc":{"start":{"line":27,"column":0},"end":{"line":27,"column":41}}},"9":{"name":"isModifiedEvent","line":29,"loc":{"start":{"line":29,"column":22},"end":{"line":29,"column":54}}},"10":{"name":"(anonymous_10)","line":33,"loc":{"start":{"line":33,"column":20},"end":{"line":33,"column":42}}},"11":{"name":"LinkContainer","line":36,"loc":{"start":{"line":36,"column":2},"end":{"line":36,"column":27}}},"12":{"name":"(anonymous_12)","line":45,"loc":{"start":{"line":45,"column":154},"end":{"line":45,"column":171}}},"13":{"name":"render","line":80,"loc":{"start":{"line":80,"column":35},"end":{"line":80,"column":53}}},"14":{"name":"children","line":102,"loc":{"start":{"line":102,"column":16},"end":{"line":102,"column":40}}}},"statementMap":{"1":{"start":{"line":3,"column":0},"end":{"line":3,"column":26}},"2":{"start":{"line":5,"column":0},"end":{"line":5,"column":257}},"3":{"start":{"line":5,"column":52},"end":{"line":5,"column":239}},"4":{"start":{"line":5,"column":97},"end":{"line":5,"column":123}},"5":{"start":{"line":5,"column":124},"end":{"line":5,"column":237}},"6":{"start":{"line":5,"column":150},"end":{"line":5,"column":235}},"7":{"start":{"line":5,"column":207},"end":{"line":5,"column":233}},"8":{"start":{"line":5,"column":240},"end":{"line":5,"column":254}},"9":{"start":{"line":7,"column":0},"end":{"line":7,"column":269}},"10":{"start":{"line":7,"column":101},"end":{"line":7,"column":119}},"11":{"start":{"line":7,"column":141},"end":{"line":7,"column":266}},"12":{"start":{"line":9,"column":0},"end":{"line":9,"column":30}},"13":{"start":{"line":11,"column":0},"end":{"line":11,"column":45}},"14":{"start":{"line":13,"column":0},"end":{"line":13,"column":39}},"15":{"start":{"line":15,"column":0},"end":{"line":15,"column":53}},"16":{"start":{"line":17,"column":0},"end":{"line":17,"column":50}},"17":{"start":{"line":19,"column":0},"end":{"line":19,"column":95}},"18":{"start":{"line":19,"column":39},"end":{"line":19,"column":93}},"19":{"start":{"line":21,"column":0},"end":{"line":21,"column":220}},"20":{"start":{"line":21,"column":47},"end":{"line":21,"column":63}},"21":{"start":{"line":21,"column":64},"end":{"line":21,"column":203}},"22":{"start":{"line":21,"column":85},"end":{"line":21,"column":120}},"23":{"start":{"line":21,"column":111},"end":{"line":21,"column":120}},"24":{"start":{"line":21,"column":121},"end":{"line":21,"column":181}},"25":{"start":{"line":21,"column":172},"end":{"line":21,"column":181}},"26":{"start":{"line":21,"column":182},"end":{"line":21,"column":201}},"27":{"start":{"line":21,"column":204},"end":{"line":21,"column":218}},"28":{"start":{"line":23,"column":0},"end":{"line":23,"column":153}},"29":{"start":{"line":23,"column":50},"end":{"line":23,"column":151}},"30":{"start":{"line":23,"column":92},"end":{"line":23,"column":149}},"31":{"start":{"line":25,"column":0},"end":{"line":25,"column":240}},"32":{"start":{"line":25,"column":50},"end":{"line":25,"column":151}},"33":{"start":{"line":25,"column":63},"end":{"line":25,"column":149}},"34":{"start":{"line":25,"column":152},"end":{"line":25,"column":238}},"35":{"start":{"line":27,"column":0},"end":{"line":27,"column":494}},"36":{"start":{"line":27,"column":43},"end":{"line":27,"column":208}},"37":{"start":{"line":27,"column":106},"end":{"line":27,"column":206}},"38":{"start":{"line":27,"column":209},"end":{"line":27,"column":373}},"39":{"start":{"line":27,"column":374},"end":{"line":27,"column":492}},"40":{"start":{"line":27,"column":390},"end":{"line":27,"column":492}},"41":{"start":{"line":29,"column":0},"end":{"line":31,"column":2}},"42":{"start":{"line":30,"column":2},"end":{"line":30,"column":78}},"43":{"start":{"line":33,"column":0},"end":{"line":119,"column":20}},"44":{"start":{"line":34,"column":2},"end":{"line":34,"column":39}},"45":{"start":{"line":36,"column":2},"end":{"line":78,"column":3}},"46":{"start":{"line":37,"column":4},"end":{"line":37,"column":27}},"47":{"start":{"line":39,"column":4},"end":{"line":39,"column":41}},"48":{"start":{"line":41,"column":4},"end":{"line":43,"column":5}},"49":{"start":{"line":42,"column":6},"end":{"line":42,"column":35}},"50":{"start":{"line":45,"column":4},"end":{"line":77,"column":55}},"51":{"start":{"line":46,"column":6},"end":{"line":48,"column":40}},"52":{"start":{"line":51,"column":6},"end":{"line":53,"column":7}},"53":{"start":{"line":52,"column":8},"end":{"line":52,"column":38}},"54":{"start":{"line":55,"column":6},"end":{"line":57,"column":7}},"55":{"start":{"line":56,"column":8},"end":{"line":56,"column":23}},"56":{"start":{"line":59,"column":6},"end":{"line":76,"column":9}},"57":{"start":{"line":63,"column":10},"end":{"line":63,"column":33}},"58":{"start":{"line":65,"column":10},"end":{"line":65,"column":53}},"59":{"start":{"line":66,"column":10},"end":{"line":68,"column":35}},"60":{"start":{"line":71,"column":10},"end":{"line":75,"column":11}},"61":{"start":{"line":72,"column":12},"end":{"line":72,"column":32}},"62":{"start":{"line":74,"column":12},"end":{"line":74,"column":29}},"63":{"start":{"line":80,"column":2},"end":{"line":116,"column":4}},"64":{"start":{"line":81,"column":4},"end":{"line":81,"column":22}},"65":{"start":{"line":83,"column":4},"end":{"line":94,"column":167}},"66":{"start":{"line":96,"column":4},"end":{"line":96,"column":102}},"67":{"start":{"line":98,"column":4},"end":{"line":115,"column":7}},"68":{"start":{"line":103,"column":8},"end":{"line":104,"column":31}},"69":{"start":{"line":106,"column":8},"end":{"line":106,"column":78}},"70":{"start":{"line":108,"column":8},"end":{"line":113,"column":12}},"71":{"start":{"line":118,"column":2},"end":{"line":118,"column":23}},"72":{"start":{"line":121,"column":0},"end":{"line":129,"column":2}},"73":{"start":{"line":130,"column":0},"end":{"line":142,"column":2}},"74":{"start":{"line":143,"column":0},"end":{"line":148,"column":2}},"75":{"start":{"line":149,"column":0},"end":{"line":149,"column":32}},"76":{"start":{"line":150,"column":0},"end":{"line":150,"column":36}}},"branchMap":{"1":{"line":5,"type":"binary-expr","locations":[{"start":{"line":5,"column":15},"end":{"line":5,"column":28}},{"start":{"line":5,"column":32},"end":{"line":5,"column":256}}]},"2":{"line":5,"type":"if","locations":[{"start":{"line":5,"column":150},"end":{"line":5,"column":150}},{"start":{"line":5,"column":150},"end":{"line":5,"column":150}}]},"3":{"line":7,"type":"cond-expr","locations":[{"start":{"line":7,"column":84},"end":{"line":7,"column":121}},{"start":{"line":7,"column":124},"end":{"line":7,"column":268}}]},"4":{"line":7,"type":"binary-expr","locations":[{"start":{"line":7,"column":14},"end":{"line":7,"column":42}},{"start":{"line":7,"column":46},"end":{"line":7,"column":81}}]},"5":{"line":7,"type":"cond-expr","locations":[{"start":{"line":7,"column":244},"end":{"line":7,"column":252}},{"start":{"line":7,"column":255},"end":{"line":7,"column":265}}]},"6":{"line":7,"type":"binary-expr","locations":[{"start":{"line":7,"column":148},"end":{"line":7,"column":151}},{"start":{"line":7,"column":155},"end":{"line":7,"column":183}},{"start":{"line":7,"column":187},"end":{"line":7,"column":213}},{"start":{"line":7,"column":217},"end":{"line":7,"column":241}}]},"7":{"line":19,"type":"cond-expr","locations":[{"start":{"line":19,"column":70},"end":{"line":19,"column":73}},{"start":{"line":19,"column":76},"end":{"line":19,"column":92}}]},"8":{"line":19,"type":"binary-expr","locations":[{"start":{"line":19,"column":46},"end":{"line":19,"column":49}},{"start":{"line":19,"column":53},"end":{"line":19,"column":67}}]},"9":{"line":21,"type":"if","locations":[{"start":{"line":21,"column":85},"end":{"line":21,"column":85}},{"start":{"line":21,"column":85},"end":{"line":21,"column":85}}]},"10":{"line":21,"type":"if","locations":[{"start":{"line":21,"column":121},"end":{"line":21,"column":121}},{"start":{"line":21,"column":121},"end":{"line":21,"column":121}}]},"11":{"line":23,"type":"if","locations":[{"start":{"line":23,"column":50},"end":{"line":23,"column":50}},{"start":{"line":23,"column":50},"end":{"line":23,"column":50}}]},"12":{"line":25,"type":"if","locations":[{"start":{"line":25,"column":50},"end":{"line":25,"column":50}},{"start":{"line":25,"column":50},"end":{"line":25,"column":50}}]},"13":{"line":25,"type":"cond-expr","locations":[{"start":{"line":25,"column":226},"end":{"line":25,"column":230}},{"start":{"line":25,"column":233},"end":{"line":25,"column":237}}]},"14":{"line":25,"type":"binary-expr","locations":[{"start":{"line":25,"column":159},"end":{"line":25,"column":163}},{"start":{"line":25,"column":168},"end":{"line":25,"column":192}},{"start":{"line":25,"column":196},"end":{"line":25,"column":222}}]},"15":{"line":27,"type":"if","locations":[{"start":{"line":27,"column":43},"end":{"line":27,"column":43}},{"start":{"line":27,"column":43},"end":{"line":27,"column":43}}]},"16":{"line":27,"type":"binary-expr","locations":[{"start":{"line":27,"column":47},"end":{"line":27,"column":79}},{"start":{"line":27,"column":83},"end":{"line":27,"column":102}}]},"17":{"line":27,"type":"binary-expr","locations":[{"start":{"line":27,"column":244},"end":{"line":27,"column":254}},{"start":{"line":27,"column":258},"end":{"line":27,"column":278}}]},"18":{"line":27,"type":"if","locations":[{"start":{"line":27,"column":374},"end":{"line":27,"column":374}},{"start":{"line":27,"column":374},"end":{"line":27,"column":374}}]},"19":{"line":27,"type":"cond-expr","locations":[{"start":{"line":27,"column":414},"end":{"line":27,"column":457}},{"start":{"line":27,"column":460},"end":{"line":27,"column":491}}]},"20":{"line":30,"type":"binary-expr","locations":[{"start":{"line":30,"column":12},"end":{"line":30,"column":25}},{"start":{"line":30,"column":29},"end":{"line":30,"column":41}},{"start":{"line":30,"column":45},"end":{"line":30,"column":58}},{"start":{"line":30,"column":62},"end":{"line":30,"column":76}}]},"21":{"line":51,"type":"if","locations":[{"start":{"line":51,"column":6},"end":{"line":51,"column":6}},{"start":{"line":51,"column":6},"end":{"line":51,"column":6}}]},"22":{"line":55,"type":"if","locations":[{"start":{"line":55,"column":6},"end":{"line":55,"column":6}},{"start":{"line":55,"column":6},"end":{"line":55,"column":6}}]},"23":{"line":59,"type":"if","locations":[{"start":{"line":59,"column":6},"end":{"line":59,"column":6}},{"start":{"line":59,"column":6},"end":{"line":59,"column":6}}]},"24":{"line":59,"type":"binary-expr","locations":[{"start":{"line":59,"column":10},"end":{"line":59,"column":33}},{"start":{"line":60,"column":6},"end":{"line":60,"column":24}},{"start":{"line":61,"column":6},"end":{"line":61,"column":29}}]},"25":{"line":71,"type":"if","locations":[{"start":{"line":71,"column":10},"end":{"line":71,"column":10}},{"start":{"line":71,"column":10},"end":{"line":71,"column":10}}]},"26":{"line":96,"type":"cond-expr","locations":[{"start":{"line":96,"column":79},"end":{"line":96,"column":95}},{"start":{"line":96,"column":98},"end":{"line":96,"column":100}}]},"27":{"line":99,"type":"cond-expr","locations":[{"start":{"line":99,"column":83},"end":{"line":99,"column":94}},{"start":{"line":99,"column":97},"end":{"line":99,"column":99}}]},"28":{"line":99,"type":"cond-expr","locations":[{"start":{"line":99,"column":41},"end":{"line":99,"column":52}},{"start":{"line":99,"column":55},"end":{"line":99,"column":66}}]},"29":{"line":106,"type":"cond-expr","locations":[{"start":{"line":106,"column":40},"end":{"line":106,"column":68}},{"start":{"line":106,"column":71},"end":{"line":106,"column":76}}]},"30":{"line":109,"type":"cond-expr","locations":[{"start":{"line":109,"column":32},"end":{"line":109,"column":70}},{"start":{"line":109,"column":73},"end":{"line":109,"column":82}}]},"31":{"line":110,"type":"cond-expr","locations":[{"start":{"line":110,"column":28},"end":{"line":110,"column":60}},{"start":{"line":110,"column":63},"end":{"line":110,"column":68}}]}},"code":["'use strict';","","exports.__esModule = true;","","var _extends = Object.assign || function (target) { for (var i = 1; i < arguments.length; i++) { var source = arguments[i]; for (var key in source) { if (Object.prototype.hasOwnProperty.call(source, key)) { target[key] = source[key]; } } } return target; };","","var _typeof = typeof Symbol === \"function\" && typeof Symbol.iterator === \"symbol\" ? function (obj) { return typeof obj; } : function (obj) { return obj && typeof Symbol === \"function\" && obj.constructor === Symbol && obj !== Symbol.prototype ? \"symbol\" : typeof obj; };","","var _react = require('react');","","var _react2 = _interopRequireDefault(_react);","","var _propTypes = require('prop-types');","","var _propTypes2 = _interopRequireDefault(_propTypes);","","var _reactRouterDom = require('react-router-dom');","","function _interopRequireDefault(obj) { return obj && obj.__esModule ? obj : { default: obj }; }","","function _objectWithoutProperties(obj, keys) { var target = {}; for (var i in obj) { if (keys.indexOf(i) >= 0) continue; if (!Object.prototype.hasOwnProperty.call(obj, i)) continue; target[i] = obj[i]; } return target; }","","function _classCallCheck(instance, Constructor) { if (!(instance instanceof Constructor)) { throw new TypeError(\"Cannot call a class as a function\"); } }","","function _possibleConstructorReturn(self, call) { if (!self) { throw new ReferenceError(\"this hasn't been initialised - super() hasn't been called\"); } return call && (typeof call === \"object\" || typeof call === \"function\") ? call : self; }","","function _inherits(subClass, superClass) { if (typeof superClass !== \"function\" && superClass !== null) { throw new TypeError(\"Super expression must either be null or a function, not \" + typeof superClass); } subClass.prototype = Object.create(superClass && superClass.prototype, { constructor: { value: subClass, enumerable: false, writable: true, configurable: true } }); if (superClass) Object.setPrototypeOf ? Object.setPrototypeOf(subClass, superClass) : subClass.__proto__ = superClass; }","","var isModifiedEvent = function isModifiedEvent(event) {","  return !!(event.metaKey || event.altKey || event.ctrlKey || event.shiftKey);","};","","var LinkContainer = function (_Component) {","  _inherits(LinkContainer, _Component);","","  function LinkContainer() {","    var _temp, _this, _ret;","","    _classCallCheck(this, LinkContainer);","","    for (var _len = arguments.length, args = Array(_len), _key = 0; _key < _len; _key++) {","      args[_key] = arguments[_key];","    }","","    return _ret = (_temp = (_this = _possibleConstructorReturn(this, _Component.call.apply(_Component, [this].concat(args))), _this), _this.handleClick = function (event) {","      var _this$props = _this.props,","          children = _this$props.children,","          onClick = _this$props.onClick;","","","      if (children.props.onClick) {","        children.props.onClick(event);","      }","","      if (onClick) {","        onClick(event);","      }","","      if (!event.defaultPrevented && // onClick prevented default","      event.button === 0 && // ignore right clicks","      !isModifiedEvent(event) // ignore clicks with modifier keys","      ) {","          event.preventDefault();","","          var history = _this.context.router.history;","          var _this$props2 = _this.props,","              replace = _this$props2.replace,","              to = _this$props2.to;","","","          if (replace) {","            history.replace(to);","          } else {","            history.push(to);","          }","        }","    }, _temp), _possibleConstructorReturn(_this, _ret);","  }","","  LinkContainer.prototype.render = function render() {","    var _this2 = this;","","    var _props = this.props,","        _children = _props.children,","        replace = _props.replace,","        to = _props.to,","        exact = _props.exact,","        strict = _props.strict,","        activeClassName = _props.activeClassName,","        className = _props.className,","        activeStyle = _props.activeStyle,","        style = _props.style,","        getIsActive = _props.isActive,","        props = _objectWithoutProperties(_props, ['children', 'replace', 'to', 'exact', 'strict', 'activeClassName', 'className', 'activeStyle', 'style', 'isActive']);","","    var href = this.context.router.history.createHref(typeof to === 'string' ? { pathname: to } : to);","","    return _react2.default.createElement(_reactRouterDom.Route, {","      path: (typeof to === 'undefined' ? 'undefined' 
[...]
ack_require__(4);","","\tvar _propTypes2 = _interopRequireDefault(_propTypes);","","\tfunction _interopRequireDefault(obj) { return obj && obj.__esModule ? obj : { default: obj }; }","","\tfunction _objectWithoutProperties(obj, keys) { var target = {}; for (var i in obj) { if (keys.indexOf(i) >= 0) continue; if (!Object.prototype.hasOwnProperty.call(obj, i)) continue; target[i] = obj[i]; } return target; }","","\tfunction _classCallCheck(instance, Constructor) { if (!(instance instanceof Constructor)) { throw new TypeError(\"Cannot call a class as a function\"); } }","","\tfunction _possibleConstructorReturn(self, call) { if (!self) { throw new ReferenceError(\"this hasn't been initialised - super() hasn't been called\"); } return call && (typeof call === \"object\" || typeof call === \"function\") ? call : self; }","","\tfunction _inherits(subClass, superClass) { if (typeof superClass !== \"function\" && superClass !== null) { throw new TypeError(\"Super expression must either be null or a function, not \" + typeof superClass); } subClass.prototype = Object.create(superClass && superClass.prototype, { constructor: { value: subClass, enumerable: false, writable: true, configurable: true } }); if (superClass) Object.setPrototypeOf ? Object.setPrototypeOf(subClass, superClass) : subClass.__proto__ = superClass; }","","\tvar isModifiedEvent = function isModifiedEvent(event) {","\t  return !!(event.metaKey || event.altKey || event.ctrlKey || event.shiftKey);","\t};","","\t/**","\t * The public API for rendering a history-aware <a>.","\t */","","\tvar Link = function (_React$Component) {","\t  _inherits(Link, _React$Component);","","\t  function Link() {","\t    var _temp, _this, _ret;","","\t    _classCallCheck(this, Link);","","\t    for (var _len = arguments.length, args = Array(_len), _key = 0; _key < _len; _key++) {","\t      args[_key] = arguments[_key];","\t    }","","\t    return _ret = (_temp = (_this = _possibleConstructorReturn(this, _React$Component.call.apply(_React$Component, [this].concat(args))), _this), _this.handleClick = function (event) {","\t      if (_this.props.onClick) _this.props.onClick(event);","","\t      if (!event.defaultPrevented && // onClick prevented default","\t      event.button === 0 && // ignore right clicks","\t      !_this.props.target && // let browser handle \"target=_blank\" etc.","\t      !isModifiedEvent(event) // ignore clicks with modifier keys","\t      ) {","\t          event.preventDefault();","","\t          var history = _this.context.router.history;","\t          var _this$props = _this.props,","\t              replace = _this$props.replace,","\t              to = _this$props.to;","","","\t          if (replace) {","\t            history.replace(to);","\t          } else {","\t            history.push(to);","\t          }","\t        }","\t    }, _temp), _possibleConstructorReturn(_this, _ret);","\t  }","","\t  Link.prototype.render = function render() {","\t    var _props = this.props,","\t        replace = _props.replace,","\t        to = _props.to,","\t        props = _objectWithoutProperties(_props, ['replace', 'to']); // eslint-disable-line no-unused-vars","","\t    var href = this.context.router.history.createHref(typeof to === 'string' ? { pathname: to } : to);","","\t    return _react2.default.createElement('a', _extends({}, props, { onClick: this.handleClick, href: href }));","\t  };","","\t  return Link;","\t}(_react2.default.Component);","","\tLink.propTypes = {","\t  onClick: _propTypes2.default.func,","\t  target: _propTypes2.default.string,","\t  replace: _propTypes2.default.bool,","\t  to: _propTypes2.default.oneOfType([_propTypes2.default.string, _propTypes2.default.object]).isRequired","\t};","\tLink.defaultProps = {","\t  replace: false","\t};","\tLink.contextTypes = {","\t  router: _propTypes2.default.shape({","\t    history: _propTypes2.default.shape({","\t      push: _propTypes2.default.func.isRequired,","\t      replace: _propTypes2.default.func.isRequired,","\t      createHref: _propTypes2.default.func.isRequired","\t    }).isRequired","\t  }).isRequired","\t};","\texports.default = Link;","","/***/ }),","/* 26 */","/***/ (function(module, exports, __webpack_require__) {","","\t'use strict';","","\texports.__esModule = true;","","\tvar _reactRouter = __webpack_require__(22);","","\tObject.defineProperty(exports, 'default', {","\t  enumerable: true,","\t  get: function get() {","\t    return _reactRouter.MemoryRouter;","\t  }","\t});","","/***/ }),","/* 27 */","/***/ (function(module, exports, __webpack_require__) {","","\t'use strict';","","\texports.__esModule = true;","","\tvar _extends = Object.assign || function (target) { for (var i = 1; i < arguments.length; i++) { var source = arguments[i]; for (var key in source) { if (Object.prototype.hasOwnProperty.call(source, key)) { target[key] = source[key]; } } } return target; };","","\tvar _typeof = typeof Symbol === \"function\" && typeof Symbol.iterator === \"symbol\" ? function (obj) { return typeof obj; } : function (obj) { return obj && typeof Symbol === \"function\" && obj.constructor === Symbol && obj !== Symbol.prototype ? \"symbol\" : typeof obj; };","","\tvar _react = __webpack_require__(2);","","\tvar _react2 = _interopRequireDefault(_react);","","\tvar _propTypes = __webpack_require__(4);","","\tvar _propTypes2 = _interopRequireDefault(_propTypes);","","\tvar _reactRouter = __webpack_require__(22);","","\tvar _Link = __webpack_require__(25);","","\tvar _Link2 = _interopRequireDefault(_Link);","","\tfunction _interopRequireDefault(obj) { return obj && obj.__esModule ? obj : { default: obj }; }","","\tfunction _objectWithoutProperties(obj, keys) { var target = {}; for (var i in obj) { if (keys.indexOf(i) >= 0) continue; if (!Object.prototype.hasOwnProperty.call(obj, i)) continue; target[i] = obj[i]; } return target; }","","\t/**","\t * A <Link> wrapper that knows if it's \"active\" or not.","\t */","\tvar NavLink = function NavLink(_ref) {","\t  var to = _ref.to,","\t      exact = _ref.exact,","\t      strict = _ref.strict,","\t      location = _ref.location,","\t      activeClassName = _ref.activeClassName,","\t      className = _ref.className,","\t      activeStyle = _ref.activeStyle,","\t      style = _ref.style,","\t      getIsActive = _ref.isActive,","\t      rest = _objectWithoutProperties(_ref, ['to', 'exact', 'strict', 'location', 'activeClassName', 'className', 'activeStyle', 'style', 'isActive']);","","\t  return _react2.default.createElement(_reactRouter.Route, {","\t    path: (typeof to === 'undefined' ? 'undefined' : _typeof(to)) === 'object' ? to.pathname : to,","\t    exact: exact,","\t    strict: strict,","\t    location: location,","\t    children: function children(_ref2) {","\t      var location = _ref2.location,","\t          match = _ref2.match;","","\t      var isActive = !!(getIsActive ? getIsActive(match, location) : match);","","\t      return _react2.default.createElement(_Link2.default, _extends({","\t        to: to,","\t        className: isActive ? [activeClassName, className].filter(function (i) {","\t          return i;","\t        }).join(' ') : className,","\t        style: isActive ? _extends({}, style, activeStyle) : style","\t      }, rest));","\t    }","\t  });","\t};","","\tNavLink.propTypes = {","\t  to: _Link2.default.propTypes.to,","\t  exact: _propTypes2.default.bool,","\t  strict: _propTypes2.default.bool,","\t  location: _propTypes2.default.object,","\t  activeClassName: _propTypes2.default.string,","\t  className: _propTypes2.default.string,","\t  activeStyle: _propTypes2.default.object,","\t  style: _propTypes2.default.object,","\t  isActive: _propTypes2.default.func","\t};","","\tNavLink.defaultProps = {","\t  activeClassName: 'active'","\t};","","\texports.default = NavLink;","","/***/ }),","/* 28 */","/***/ (function(module, exports, __webpack_require__) {","","\t'use strict';","","\texports.__esModule = true;","","\tvar _reactRouter = __webpack_require__(22);","","\tObject.defineProperty(exports, 'default', {","\t  enumerable: true,","\t  get: function get() {","\t    return _reactRouter.Prompt;","\t  }","\t});","","/***/ }),","/* 29 */","/***/ (function(module, exports, __webpack_require__) {","","\t'use strict';","","\texports.__esModule = true;","","\tvar _reactRouter = __webpack_require__(22);","","\tObject.defineProperty(exports, 'default', {","\t  enumerable: true,","\t  get: function get() {","\t    return _reactRouter.Redirect;","\t  }","\t});","","/***/ }),","/* 30 */","/***/ (function(module, exports, __webpack_require__) {","","\t'use strict';","","\texports.__esModule = true;","","\tvar _reactRouter = __webpack_require__(22);","","\tObject.defineProperty(exports, 'default', {","\t  enumerable: true,","\t  get: function get() {","\t    return _reactRouter.Route;","\t  }","\t});","","/***/ }),","/* 31 */","/***/ (function(module, exports, __webpack_require__) {","","\t'use strict';","","\texports.__esModule = true;","","\tvar _reactRouter = __webpack_require__(22);","","\tObject.defineProperty(exports, 'default', {","\t  enumerable: true,","\t  get: function get() {","\t    return _reactRouter.Router;","\t  }","\t});","","/***/ }),","/* 32 */","/***/ (function(module, exports, __webpack_require__) {","","\t'use strict';","","\texports.__esModule = true;","","\tvar _reactRouter = __webpack_require__(22);","","\tObject.defineProperty(exports, 'default', {","\t  enumerable: true,","\t  get: function get() {","\t    return _reactRouter.StaticRouter;","\t  }","\t});","","/***/ }),","/* 33 */","/***/ (function(module, exports, __webpack_require__) {","","\t'use strict';","","\texports.__esModule = true;","","\tvar _reactRouter = __webpack_require__(22);","","\tObject.defineProperty(exports, 'default', {","\t  enumerable: true,","\t  get: function get() {","\t    return _reactRouter.Switch;","\t  }","\t});","","/***/ }),","/* 34 */","/***/ (function(module, exports, __webpack_require__) {","","\t'use strict';","","\texports.__esModule = true;","","\tvar _reactRouter = __webpack_require__(22);","","\tObject.defineProperty(exports, 'default', {","\t  enumerable: true,","\t  get: function get() {","\t    return _reactRouter.matchPath;","\t  }","\t});","","/***/ }),","/* 35 */","/***/ (function(module, exports, __webpack_require__) {","","\t'use strict';","","\texports.__esModule = true;","","\tvar _reactRouter = __webpack_require__(22);","","\tObject.defineProperty(exports, 'default', {","\t  enumerable: true,","\t  get: function get() {","\t    return _reactRouter.withRouter;","\t  }","\t});","","/***/ })","/******/ ])","});",";"],"l":{"1":1,"2":1,"3":1,"4":0,"5":0,"6":0,"7":0,"9":0,"11":1,"13":1,"16":1,"19":70,"20":34,"23":36,"30":36,"33":36,"36":36,"41":1,"44":1,"47":1,"50":1,"59":1,"60":1,"62":1,"64":1,"66":1,"68":1,"70":2,"72":1,"73":1,"81":1,"83":1,"85":1,"87":1,"89":1,"91":1,"93":2,"95":1,"97":1,"99":1,"103":1,"104":1,"106":1,"107":0,"109":0,"112":1,"113":0,"116":1,"121":1,"122":1,"128":1,"136":1,"138":1,"140":1,"142":1,"144":1,"146":1,"148":1,"150":1,"152":2,"154":1,"156":1,"158":1,"160":1,"162":1,"163":0,"166":1,"167":1,"169":1,"170":0,"172":0,"174":0,"175":0,"178":0,"179":0,"184":0,"185":0,"188":0,"189":0,"192":0,"196":0,"198":0,"199":0,"204":0,"205":0,"207":0,"213":1,"214":0,"216":0,"229":0,"231":0,"236":0,"239":0,"241":0,"251":1,"254":1,"263":1,"276":1,"282":1,"283":1,"298":1,"299":1,"304":1,"305":0,"312":1,"313":1,"317":0,"336":1,"337":1,"338":1,"340":1,"341":1,"343":1,"345":1,"346":1,"362":1,"363":0,"364":0,"365":0,"416":1,"420":1,"445":1,"447":0,"450":0,"453":0,"465":1,"466":0,"467":0,"470":1,"472":1,"473":17,"474":17,"475":17,"477":1,"478":0,"479":0,"481":0,"482":0,"484":0,"490":0,"492":0,"493":0,"498":0,"508":0,"509":0,"513":0,"514":0,"515":0,"516":0,"518":0,"520":0,"522":0,"526":17,"527":17,"529":17,"532":1,"533":1,"534":0,"535":0,"536":0,"540":0,"542":0,"544":0,"546":7,"549":1,"550":1,"553":1,"554":1,"555":0,"556":0,"558":0,"559":0,"560":0,"561":0,"563":0,"564":0,"565":0,"566":0,"569":0,"571":0,"574":1,"575":1,"576":0,"577":0,"578":0,"579":0,"581":0,"583":1,"586":1,"587":1,"588":0,"589":0,"590":0,"591":0,"593":0,"595":0,"598":1,"599":1,"600":0,"601":0,"604":1,"605":0,"606":0,"607":0,"608":0,"612":0,"613":0,"615":1,"618":1,"619":1,"620":0,"621":0,"623":0,"624":0,"625":0,"626":0,"628":0,"629":0,"630":0,"631":0,"632":0,"636":0,"638":0,"641":1,"642":2,"643":0,"644":0,"647":1,"648":0,"649":0,"650":0,"651":0,"655":0,"657":2,"660":1,"661":1,"662":0,"663":0,"665":0,"667":1,"670":1,"671":1,"672":0,"673":0,"674":0,"675":0,"677":0,"678":0,"679":0,"680":0,"682":0,"683":0,"684":0,"687":0,"689":4,"692":1,"693":0,"697":0,"699":0,"701":0,"702":0,"704":0,"705":0,"708":0,"709":0,"710":0,"711":0,"712":0,"713":0,"714":0,"715":0,"720":0,"721":0,"722":0,"723":0,"724":0,"730":0,"733":0,"735":0,"739":1,"741":0,"742":0,"746":0,"747":0,"751":0,"752":0,"755":0,"759":1,"760":0,"761":0,"762":0,"764":0,"768":0,"770":0,"771":0,"773":0,"778":1,"779":0,"780":0,"781":0,"782":0,"783":0,"784":0,"787":0,"791":1,"792":0,"793":0,"795":0,"798":1,"799":1,"801":1,"822":1,"823":3,"824":0,"833":1,"835":1,"836":1,"837":1,"838":1,"839":1,"840":0,"842":1,"843":0,"846":1,"875":1,"877":1,"878":1,"879":0,"880":0,"885":1,"886":0,"888":0,"889":0,"890":0,"891":0,"893":0,"894":0,"895":0,"896":0,"898":0,"901":0,"902":0,"906":1,"924":1,"933":1,"935":1,"936":1,"937":1,"938":0,"939":0,"942":0,"943":0,"944":0,"946":0,"947":0,"949":0,"953":0,"957":1,"958":0,"959":0,"962":0,"963":0,"966":0,"967":0,"968":0,"971":0,"977":1,"994":1,"996":1,"1014":1,"1015":1,"1016":1,"1017":1,"1018":1,"1032":1,"1033":0,"1034":0,"1035":0,"1036":0,"1040":0,"1043":0,"1044":0,"1046":0,"1048":0,"1049":0,"1052":0,"1054":0,"1056":0,"1063":1,"1072":1,"1073":1,"1075":1,"1077":1,"1079":1,"1081":1,"1083":1,"1085":1,"1087":1,"1089":1,"1091":1,"1093":1,"1095":1,"1097":1,"1099":1,"1101":1,"1103":1,"1105":1,"1107":1,"1109":1,"1111":1,"1113":1,"1115":1,"1117":1,"1119":1,"1121":1,"1123":1,"1125":1,"1127":13,"1129":1,"1130":1,"1131":1,"1132":1,"1133":1,"1134":1,"1135":1,"1136":1,"1137":1,"1138":1,"1139":1,"1140":1,"1141":1,"1149":1,"1151":1,"1153":1,"1155":1,"1157":1,"1159":1,"1161":1,"1163":1,"1165":3,"1167":1,"1169":1,"1171":1,"1176":1,"1177":1,"1179":1,"1180":0,"1182":0,"1184":0,"1185":0,"1188":0,"1191":1,"1192":0,"1195":1,"1198":1,"1205":1,"1213":1,"1215":1,"1217":1,"1219":1,"1221":1,"1223":1,"1225":1,"1227":1,"1229":1,"1231":1,"1233":1,"1235":1,"1237":3,"1239":1,"1240":1,"1242":1,"1243":0,"1244":0,"1248":0,"1256":1,"1257":0,"1259":0,"1261":0,"1262":0,"1263":0,"1265":0,"1272":0,"1274":0,"1275":0,"1279":0,"1285":0,"1287":0,"1289":0,"1295":0,"1296":0,"1299":0,"1301":0,"1302":0,"1304":0,"1306":0,"1309":0,"1311":0,"1313":0,"1316":0,"1317":0,"1320":0,"1322":0,"1323":0,"1324":0,"1325":0,"1327":0,"1329":0,"1330":0,"1331":0,"1333":0,"1339":0,"1340":0,"1346":0,"1348":0,"1350":0,"1352":0,"1354":0,"1356":0,"1357":0,"1358":0,"1362":0,"1363":0,"1367":0,"1368":0,"1371":0,"1372":0,"1374":0,"1375":0,"1377":0,"1378":0,"1380":0,"1381":0,"1385":0,"1386":0,"1388":0,"1389":0,"1391":0,"1392":0,"1394":0,"1395":0,"1397":0,"1400":0,"1402":0,"1407":0,"1408":0,"1410":0,"1411":0,"1413":0,"1414":0,"1416":0,"1417":0,"1421":0,"1422":0,"1424":0,"1425":0,"1427":0,"1429":0,"1431":0,"1434":0,"1436":0,"1441":0,"1442":0,"1445":0,"1446":0,"1449":0,"1450":0,"1453":0,"1455":0,"1456":0,"1458":0,"1459":0,"1461":0,"1462":0,"1463":0,"1465":0,"1469":0,"1471":0,"1472":0,"1474":0,"1476":0,"1477":0,"1478":0,"1481":0,"1482":0,"1483":0,"1484":0,"1487":0,"1491":0,"1492":0,"1493":0,"1495":0,"1496":0,"1497":0,"1501":0,"1515":0,"1518":1,"1542":1,"1544":1,"1545":1,"1546":0,"1547":0,"1548":0,"1549":0,"1551":0,"1552":0,"1558":0,"1559":0,"1565":0,"1566":0,"1567":0,"1569":0,"1571":0,"1572":0,"1574":0,"1577":0,"1583":1,"1612":1,"1613":0,"1614":0,"1615":0,"1619":0,"1620":0,"1621":0,"1622":0,"1627":0,"1628":0,"1629":0,"1630":0,"1632":0,"1635":0,"1636":0,"1640":1,"1649":1,"1650":1,"1652":1,"1654":1,"1656":1,"1658":1,"1660":1,"1662":1,"1664":2,"1666":1,"1667":0,"1668":0,"1670":0,"1671":0,"1674":0,"1676":0,"1678":0,"1679":0,"1681":0,"1684":0,"1685":0,"1687":0,"1690":0,"1693":0,"1695":0,"1697":0,"1698":0,"1699":0,"1700":0,"1704":0,"1707":1,"1708":0,"1717":1,"1718":0,"1722":1,"1723":0,"1724":0,"1725":0,"1729":1,"1730":0,"1732":0,"1733":0,"1735":0,"1736":0,"1737":0,"1739":0,"1741":0,"1742":0,"1744":0,"1745":0,"1748":0,"1750":0,"1751":0,"1752":0,"1753":0,"1755":0,"1758":0,"1759":0,"1760":0,"1762":0,"1763":0,"1764":0,"1765":0,"1766":0,"1767":0,"1768":0,"1769":0,"1773":0,"1774":0,"1775":0,"1777":0,"1779":0,"1781":0,"1784":1,"1792":1,"1794":1,"1796":1,"1797":0,"1799":0,"1801":0,"1802":0,"1804":0,"1805":0,"1809":0,"1810":0,"1812":0,"1814":0,"1815":0,"1816":0,"1818":0,"1820":0,"1821":0,"1823":0,"1825":0,"1826":0,"1830":0,"1833":1,"1841":1,"1842":1,"1843":0,"1846":1,"1847":0,"1850":1,"1851":0,"1854":1,"1855":0,"1858":1,"1859":0,"1860":0,"1861":0,"1863":0,"1864":0,"1865":0,"1866":0,"1869":0,"1870":0,"1871":0,"1872":0,"1875":0,"1877":0,"1884":1,"1885":0,"1890":0,"1892":0,"1894":0,"1896":0,"1905":1,"1907":1,"1909":1,"1911":1,"1913":1,"1914":0,"1916":0,"1917":0,"1919":0,"1921":0,"1922":0,"1926":0,"1930":0,"1931":0,"1933":0,"1934":0,"1935":0,"1937":0,"1939":0,"1943":0,"1946":0,"1950":0,"1952":0,"1953":0,"1955":0,"1956":0,"1959":0,"1961":0,"1962":0,"1963":0,"1964":0,"1969":0,"1970":0,"1971":0,"1974":0,"1975":0,"1979":0,"1987":1,"1995":1,"1996":1,"1998":1,"1999":0,"2002":1,"2003":0,"2006":1,"2007":0,"2017":1,"2018":0,"2020":0,"2022":0,"2029":1,"2030":0,"2036":1,"2037":0,"2045":1,"2046":0,"2053":1,"2061":1,"2063":1,"2065":1,"2067":1,"2069":1,"2071":1,"2073":1,"2075":1,"2077":3,"2079":1,"2081":1,"2083":1,"2088":1,"2089":1,"2091":1,"2092":0,"2094":0,"2096":0,"2097":0,"2100":0,"2103":1,"2104":0,"2107":1,"2110":1,"2116":1,"2124":1,"2126":1,"2128":1,"2130":1,"2132":1,"2134":1,"2136":1,"2138":1,"2140":1,"2142":1,"2144":1,"2146":3,"2148":1,"2150":1,"2153":0,"2156":0,"2169":1,"2172":0,"2173":0,"2174":0,"2177":1,"2178":0,"2181":1,"2182":0,"2184":0,"2187":1,"2188":0,"2190":0,"2192":0,"2193":0,"2195":0,"2200":0,"2202":0,"2207":0,"2208":0,"2210":0,"2212":0,"2215":0,"2217":0,"2218":0,"2220":0,"2222":0,"2225":0,"2226":0,"2228":0,"2229":0,"2230":0,"2232":0,"2234":0,"2236":0,"2237":0,"2239":0,"2241":0,"2243":0,"2245":0,"2249":0,"2250":0,"2251":0,"2252":0,"2254":0,"2256":0,"2257":0,"2258":0,"2260":0,"2266":0,"2267":0,"2273":0,"2275":0,"2277":0,"2279":0,"2281":0,"2283":0,"2284":0,"2285":0,"2290":0,"2291":0,"2293":0,"2295":0,"2296":0,"2300":0,"2301":0,"2304":0,"2305":0,"2307":0,"2308":0,"2310":0,"2311":0,"2313":0,"2314":0,"2315":0,"2317":0,"2321":0,"2322":0,"2324":0,"2325":0,"2327":0,"2328":0,"2330":0,"2332":0,"2334":0,"2339":0,"2340":0,"2342":0,"2343":0,"2345":0,"2346":0,"2348":0,"2349":0,"2350":0,"2352":0,"2356":0,"2357":0,"2360":0,"2362":0,"2364":0,"2368":0,"2369":0,"2371":0,"2374":0,"2375":0,"2378":0,"2379":0,"2382":0,"2384":0,"2385":0,"2387":0,"2388":0,"2389":0,"2390":0,"2394":0,"2396":0,"2397":0,"2399":0,"2401":0,"2402":0,"2403":0,"2406":0,"2407":0,"2408":0,"2409":0,"2412":0,"2416":0,"2417":0,"2418":0,"2420":0,"2421":0,"2422":0,"2426":0,"2440":0,"2443":1,"2451":1,"2453":1,"2455":1,"2457":1,"2459":1,"2461":1,"2463":2,"2465":1,"2467":1,"2469":1,"2471":1,"2473":1,"2474":0,"2481":1,"2482":1,"2484":1,"2485":0,"2487":0,"2489":0,"2490":0,"2493":0,"2494":0,"2496":0,"2501":0,"2503":0,"2504":0,"2509":0,"2510":0,"2512":0,"2518":1,"2519":0,"2524":0,"2526":0,"2529":1,"2532":1,"2538":1,"2541":1,"2550":1,"2558":1,"2560":1,"2562":1,"2565":1,"2575":1,"2577":1,"2579":1,"2581":1,"2583":1,"2585":1,"2587":1,"2589":1,"2591":1,"2593":1,"2595":3,"2597":1,"2602":1,"2603":0,"2614":0,"2620":0,"2623":0,"2625":0,"2628":0,"2636":1,"2648":1,"2652":1,"2660":1,"2662":1,"2664":1,"2667":1,"2677":1,"2679":1,"2681":1,"2684":1,"2694":1,"2696":1,"2698":1,"2701":1,"2711":1,"2713":1,"2715":1,"2718":1,"2728":1,"2730":1,"2732":1,"2735":1,"2745":1,"2747":1,"2749":1,"2752":1,"2762":1,"2764":1,"2766":1,"2769":1,"2779":1,"2781":1,"2783":1,"2786":1}}}